Apr 16 17:45:26 nixos systemd[1]: Starting Display Manager...
Apr 16 17:45:26 nixos systemd[1]: Started Display Manager.
Apr 16 17:45:26 nixos sddm[2184]: Initializing...
Apr 16 17:45:26 nixos sddm[2184]: Starting...
Apr 16 17:45:26 nixos sddm[2184]: Logind interface found
Apr 16 17:45:26 nixos sddm[2184]: Adding new display...
Apr 16 17:45:26 nixos sddm[2184]: Loaded empty theme configuration
Apr 16 17:45:26 nixos sddm[2184]: Using VT 1
Apr 16 17:45:26 nixos sddm[2184]: Display server started.
Apr 16 17:45:26 nixos sddm[2184]: Socket server starting...
Apr 16 17:45:26 nixos sddm[2184]: Socket server started.
Apr 16 17:45:26 nixos sddm[2184]: Loaded empty theme configuration
Apr 16 17:45:26 nixos sddm[2184]: Greeter starting...
Apr 16 17:45:26 nixos sddm-helper[2186]: [PAM] Starting...
Apr 16 17:45:26 nixos sddm-helper[2186]: [PAM] Authenticating...
Apr 16 17:45:26 nixos sddm-helper[2186]: [PAM] returning.
Apr 16 17:45:26 nixos sddm[2184]: Greeter session started successfully
Apr 16 17:45:26 nixos sddm-helper[2186]: [PAM] Closing session
Apr 16 17:45:26 nixos sddm-helper[2186]: [PAM] Ended.
Apr 16 17:45:26 nixos sddm[2184]: Auth: sddm-helper exited with 5
Apr 16 17:45:26 nixos sddm[2184]: Greeter stopped. SDDM::Auth::HELPER_TTY_ERROR
Apr 16 17:45:26 nixos sddm[2184]: Jumping to VT 1
Apr 16 17:45:26 nixos sddm[2184]: VT mode didn't need to be fixed
Apr 16 17:45:26 nixos sddm[2184]: Socket server stopping...
Apr 16 17:45:26 nixos sddm[2184]: Socket server stopped.
Apr 16 17:45:26 nixos sddm[2184]: Removing display SDDM::Display(0x56265dd57e90) ...
Apr 16 17:45:26 nixos sddm[2184]: Adding new display...
Apr 16 17:45:26 nixos sddm[2184]: Loaded empty theme configuration
Apr 16 17:45:26 nixos sddm[2184]: Using VT 1
Apr 16 17:45:26 nixos sddm[2184]: Display server started.
Apr 16 17:45:26 nixos sddm[2184]: Socket server starting...
Apr 16 17:45:26 nixos sddm[2184]: Socket server started.
Apr 16 17:45:26 nixos sddm[2184]: Loaded empty theme configuration
Apr 16 17:45:26 nixos sddm[2184]: Greeter starting...
Apr 16 17:45:26 nixos sddm-helper[2232]: [PAM] Starting...
Apr 16 17:45:26 nixos sddm-helper[2232]: [PAM] Authenticating...
Apr 16 17:45:26 nixos sddm-helper[2232]: [PAM] returning.
Apr 16 17:45:26 nixos sddm[2184]: Greeter session started successfully
Apr 16 17:45:26 nixos sddm-helper[2232]: [PAM] Closing session
Apr 16 17:45:26 nixos sddm-helper[2232]: [PAM] Ended.
Apr 16 17:45:26 nixos sddm[2184]: Auth: sddm-helper exited with 5
Apr 16 17:45:26 nixos sddm[2184]: Greeter stopped. SDDM::Auth::HELPER_TTY_ERROR
Apr 16 17:45:26 nixos sddm[2184]: Jumping to VT 1
Apr 16 17:45:26 nixos sddm[2184]: VT mode didn't need to be fixed
Apr 16 17:45:26 nixos sddm[2184]: Socket server stopping...
Apr 16 17:45:26 nixos sddm[2184]: Socket server stopped.
Apr 16 17:45:26 nixos sddm[2184]: Removing display SDDM::Display(0x56265dd799d0) ...
Apr 16 17:45:26 nixos sddm[2184]: Adding new display...
Apr 16 17:45:26 nixos sddm[2184]: Loaded empty theme configuration
Apr 16 17:45:26 nixos sddm[2184]: Using VT 1
Apr 16 17:45:26 nixos sddm[2184]: Display server started.
Apr 16 17:45:26 nixos sddm[2184]: Socket server starting...
Apr 16 17:45:26 nixos sddm[2184]: Socket server started.
Apr 16 17:45:26 nixos sddm[2184]: Loaded empty theme configuration
Apr 16 17:45:26 nixos sddm[2184]: Greeter starting...
Apr 16 17:45:26 nixos sddm-helper[2242]: [PAM] Starting...
Apr 16 17:45:26 nixos sddm-helper[2242]: [PAM] Authenticating...
Apr 16 17:45:26 nixos sddm-helper[2242]: [PAM] returning.
Apr 16 17:45:26 nixos sddm[2184]: Greeter session started successfully
Apr 16 17:45:26 nixos sddm-helper[2242]: [PAM] Closing session
Apr 16 17:45:26 nixos sddm-helper[2242]: [PAM] Ended.
Apr 16 17:45:26 nixos sddm[2184]: Auth: sddm-helper exited with 5
Apr 16 17:45:26 nixos sddm[2184]: Greeter stopped. SDDM::Auth::HELPER_TTY_ERROR
Apr 16 17:45:26 nixos sddm[2184]: Jumping to VT 1
Apr 16 17:45:26 nixos sddm[2184]: VT mode didn't need to be fixed
Apr 16 17:45:26 nixos sddm[2184]: Socket server stopping...
Apr 16 17:45:26 nixos sddm[2184]: Socket server stopped.
Apr 16 17:45:26 nixos sddm[2184]: Removing display SDDM::Display(0x56265dd73510) ...
Apr 16 17:45:26 nixos sddm[2184]: Adding new display...
Apr 16 17:45:26 nixos sddm[2184]: Loaded empty theme configuration
Apr 16 17:45:26 nixos sddm[2184]: Using VT 1
Apr 16 17:45:26 nixos sddm[2184]: Display server started.
Apr 16 17:45:26 nixos sddm[2184]: Socket server starting...
Apr 16 17:45:26 nixos sddm[2184]: Socket server started.
Apr 16 17:45:26 nixos sddm[2184]: Loaded empty theme configuration
Apr 16 17:45:26 nixos sddm[2184]: Greeter starting...
Apr 16 17:45:26 nixos sddm-helper[2252]: [PAM] Starting...
Apr 16 17:45:26 nixos sddm-helper[2252]: [PAM] Authenticating...
Apr 16 17:45:26 nixos sddm-helper[2252]: [PAM] returning.
Apr 16 17:45:26 nixos sddm[2184]: Greeter session started successfully
Apr 16 17:45:26 nixos sddm-helper[2252]: [PAM] Closing session
Apr 16 17:45:26 nixos sddm-helper[2252]: [PAM] Ended.
Apr 16 17:45:26 nixos sddm[2184]: Auth: sddm-helper exited with 5
Apr 16 17:45:26 nixos sddm[2184]: Greeter stopped. SDDM::Auth::HELPER_TTY_ERROR
Apr 16 17:45:26 nixos sddm[2184]: Jumping to VT 1
Apr 16 17:45:26 nixos sddm[2184]: VT mode didn't need to be fixed
Apr 16 17:45:26 nixos sddm[2184]: Socket server stopping...
Apr 16 17:45:26 nixos sddm[2184]: Socket server stopped.
Apr 16 17:45:26 nixos sddm[2184]: Removing display SDDM::Display(0x56265dd78620) ...
Apr 16 17:45:26 nixos sddm[2184]: Adding new display...
Apr 16 17:45:26 nixos sddm[2184]: Loaded empty theme configuration
Apr 16 17:45:26 nixos sddm[2184]: Using VT 1
Apr 16 17:45:26 nixos sddm[2184]: Display server started.
Apr 16 17:45:26 nixos sddm[2184]: Socket server starting...
Apr 16 17:45:26 nixos sddm[2184]: Socket server started.
Apr 16 17:45:26 nixos sddm[2184]: Loaded empty theme configuration
Apr 16 17:45:26 nixos sddm[2184]: Greeter starting...
Apr 16 17:45:26 nixos sddm-helper[2262]: [PAM] Starting...
Apr 16 17:45:26 nixos sddm-helper[2262]: [PAM] Authenticating...
Apr 16 17:45:26 nixos sddm-helper[2262]: [PAM] returning.
Apr 16 17:45:26 nixos sddm[2184]: Greeter session started successfully
Apr 16 17:45:26 nixos sddm-helper[2262]: [PAM] Closing session
Apr 16 17:45:26 nixos sddm-helper[2262]: [PAM] Ended.
Apr 16 17:45:26 nixos sddm[2184]: Auth: sddm-helper exited with 5
Apr 16 17:45:26 nixos sddm[2184]: Greeter stopped. SDDM::Auth::HELPER_TTY_ERROR
Apr 16 17:45:26 nixos sddm[2184]: Jumping to VT 1
Apr 16 17:45:26 nixos sddm[2184]: VT mode didn't need to be fixed
Apr 16 17:45:26 nixos sddm[2184]: Socket server stopping...
Apr 16 17:45:26 nixos sddm[2184]: Socket server stopped.
Apr 16 17:45:26 nixos sddm[2184]: Removing display SDDM::Display(0x56265dd65bd0) ...
Apr 16 17:45:26 nixos sddm[2184]: Adding new display...
Apr 16 17:45:26 nixos sddm[2184]: Loaded empty theme configuration
Apr 16 17:45:26 nixos sddm[2184]: Using VT 1
Apr 16 17:45:26 nixos sddm[2184]: Display server started.
Apr 16 17:45:26 nixos sddm[2184]: Socket server starting...
Apr 16 17:45:26 nixos sddm[2184]: Socket server started.
Apr 16 17:45:26 nixos sddm[2184]: Loaded empty theme configuration
Apr 16 17:45:26 nixos sddm[2184]: Greeter starting...
Apr 16 17:45:27 nixos sddm-helper[2270]: [PAM] Starting...
Apr 16 17:45:27 nixos sddm-helper[2270]: [PAM] Authenticating...
Apr 16 17:45:27 nixos sddm-helper[2270]: [PAM] returning.
Apr 16 17:45:27 nixos sddm[2184]: Greeter session started successfully
Apr 16 17:45:27 nixos sddm-helper[2270]: [PAM] Closing session
Apr 16 17:45:27 nixos sddm-helper[2270]: [PAM] Ended.
Apr 16 17:45:27 nixos sddm[2184]: Auth: sddm-helper exited with 5
Apr 16 17:45:27 nixos sddm[2184]: Greeter stopped. SDDM::Auth::HELPER_TTY_ERROR
Apr 16 17:45:27 nixos sddm[2184]: Jumping to VT 1
Apr 16 17:45:27 nixos sddm[2184]: VT mode didn't need to be fixed
Apr 16 17:45:27 nixos sddm[2184]: Socket server stopping...
Apr 16 17:45:27 nixos sddm[2184]: Socket server stopped.
Apr 16 17:45:27 nixos sddm[2184]: Removing display SDDM::Display(0x56265dd57ec0) ...
Apr 16 17:45:27 nixos sddm[2184]: Adding new display...
Apr 16 17:45:27 nixos sddm[2184]: Loaded empty theme configuration
Apr 16 17:45:27 nixos sddm[2184]: Using VT 1
Apr 16 17:45:27 nixos sddm[2184]: Display server started.
Apr 16 17:45:27 nixos sddm[2184]: Socket server starting...
Apr 16 17:45:27 nixos sddm[2184]: Socket server started.
Apr 16 17:45:27 nixos sddm[2184]: Loaded empty theme configuration
Apr 16 17:45:27 nixos sddm[2184]: Greeter starting...
Apr 16 17:45:27 nixos sddm[2184]: Socket server stopping...
Apr 16 17:45:27 nixos sddm[2184]: Socket server stopped.
Apr 16 17:45:27 nixos sddm[2184]: Auth: sddm-helper (--socket /tmp/sddm-auth-581ebd68-d796-4a4b-94de-7eb8748d0dfe --id 14 --start /nix/store/wq8fhgk8svh53pw0zb5dsy3lrab98m4c-sddm-wrapped/bin/sddm-greeter-qt6 --socket /tmp/sddm--ABlJkT --user sddm --display-server /nix/store/9vfhpdj5w6bl5p5gl1mjihrp4flnw2m9-weston-15.0.0/bin/weston --shell=kiosk -c /nix/store/zrd9ppkv2mg02zwrba0ldchvsgljs2w9-weston.ini --greeter) crashed (exit code 1)
Apr 16 17:45:27 nixos sddm[2184]: Auth: sddm-helper exited with 15
Apr 16 17:45:27 nixos systemd[1]: display-manager.service: Main process exited, code=exited, status=23/n/a
Apr 16 17:45:27 nixos systemd[1]: display-manager.service: Failed with result 'exit-code'.
Apr 16 17:45:27 nixos systemd[1]: display-manager.service: Consumed 248ms CPU time over 854ms wall clock time, 22.8M memory peak, 15.3M read from disk.
Apr 16 17:45:27 nixos systemd[1]: display-manager.service: Scheduled restart job, restart counter is at 1.
Apr 16 17:45:27 nixos systemd[1]: Starting Display Manager...
Apr 16 17:45:27 nixos systemd[1]: Started Display Manager.
Apr 16 17:45:27 nixos sddm[2285]: Initializing...
Apr 16 17:45:27 nixos sddm[2285]: Starting...
Apr 16 17:45:27 nixos sddm[2285]: Logind interface found
Apr 16 17:45:27 nixos sddm[2285]: Adding new display...
Apr 16 17:45:27 nixos sddm[2285]: Loaded empty theme configuration
Apr 16 17:45:27 nixos sddm[2285]: Using VT 1
Apr 16 17:45:27 nixos sddm[2285]: Display server started.
Apr 16 17:45:27 nixos sddm[2285]: Socket server starting...
Apr 16 17:45:27 nixos sddm[2285]: Socket server started.
Apr 16 17:45:27 nixos sddm[2285]: Loaded empty theme configuration
Apr 16 17:45:27 nixos sddm[2285]: Greeter starting...
Apr 16 17:45:27 nixos sddm-helper[2288]: [PAM] Starting...
Apr 16 17:45:27 nixos sddm-helper[2288]: [PAM] Authenticating...
Apr 16 17:45:27 nixos sddm-helper[2288]: [PAM] returning.
Apr 16 17:45:27 nixos sddm[2285]: Greeter session started successfully
Apr 16 17:45:27 nixos sddm-helper[2288]: [PAM] Closing session
Apr 16 17:45:27 nixos sddm-helper[2288]: [PAM] Ended.
Apr 16 17:45:27 nixos sddm[2285]: Auth: sddm-helper exited with 5
Apr 16 17:45:27 nixos sddm[2285]: Greeter stopped. SDDM::Auth::HELPER_TTY_ERROR
Apr 16 17:45:27 nixos sddm[2285]: Jumping to VT 1
Apr 16 17:45:27 nixos sddm[2285]: VT mode didn't need to be fixed
Apr 16 17:45:27 nixos sddm[2285]: Socket server stopping...
Apr 16 17:45:27 nixos sddm[2285]: Socket server stopped.
Apr 16 17:45:27 nixos sddm[2285]: Removing display SDDM::Display(0x56316461ee90) ...
Apr 16 17:45:27 nixos sddm[2285]: Adding new display...
Apr 16 17:45:27 nixos sddm[2285]: Loaded empty theme configuration
Apr 16 17:45:27 nixos sddm[2285]: Using VT 1
Apr 16 17:45:27 nixos sddm[2285]: Display server started.
Apr 16 17:45:27 nixos sddm[2285]: Socket server starting...
Apr 16 17:45:27 nixos sddm[2285]: Socket server started.
Apr 16 17:45:27 nixos sddm[2285]: Loaded empty theme configuration
Apr 16 17:45:27 nixos sddm[2285]: Greeter starting...
Apr 16 17:45:27 nixos sddm-helper[2295]: [PAM] Starting...
Apr 16 17:45:27 nixos sddm-helper[2295]: [PAM] Authenticating...
Apr 16 17:45:27 nixos sddm-helper[2295]: [PAM] returning.
Apr 16 17:45:27 nixos sddm[2285]: Greeter session started successfully
Apr 16 17:45:27 nixos sddm-helper[2295]: [PAM] Closing session
Apr 16 17:45:27 nixos sddm-helper[2295]: [PAM] Ended.
Apr 16 17:45:27 nixos sddm[2285]: Auth: sddm-helper exited with 5
Apr 16 17:45:27 nixos sddm[2285]: Greeter stopped. SDDM::Auth::HELPER_TTY_ERROR
Apr 16 17:45:27 nixos sddm[2285]: Jumping to VT 1
Apr 16 17:45:27 nixos sddm[2285]: VT mode didn't need to be fixed
Apr 16 17:45:27 nixos sddm[2285]: Socket server stopping...
Apr 16 17:45:27 nixos sddm[2285]: Socket server stopped.
Apr 16 17:45:27 nixos sddm[2285]: Removing display SDDM::Display(0x563164633bf0) ...
Apr 16 17:45:27 nixos sddm[2285]: Adding new display...
Apr 16 17:45:27 nixos sddm[2285]: Loaded empty theme configuration
Apr 16 17:45:27 nixos sddm[2285]: Using VT 1
Apr 16 17:45:27 nixos sddm[2285]: Display server started.
Apr 16 17:45:27 nixos sddm[2285]: Socket server starting...
Apr 16 17:45:27 nixos sddm[2285]: Socket server started.
Apr 16 17:45:27 nixos sddm[2285]: Loaded empty theme configuration
Apr 16 17:45:27 nixos sddm[2285]: Greeter starting...
Apr 16 17:45:27 nixos sddm-helper[2305]: [PAM] Starting...
Apr 16 17:45:27 nixos sddm-helper[2305]: [PAM] Authenticating...
Apr 16 17:45:27 nixos sddm-helper[2305]: [PAM] returning.
Apr 16 17:45:27 nixos sddm[2285]: Greeter session started successfully
Apr 16 17:45:27 nixos sddm-helper[2305]: [PAM] Closing session
Apr 16 17:45:27 nixos sddm-helper[2305]: [PAM] Ended.
Apr 16 17:45:27 nixos sddm[2285]: Auth: sddm-helper exited with 5
Apr 16 17:45:27 nixos sddm[2285]: Greeter stopped. SDDM::Auth::HELPER_TTY_ERROR
Apr 16 17:45:27 nixos sddm[2285]: Jumping to VT 1
Apr 16 17:45:27 nixos sddm[2285]: VT mode didn't need to be fixed
Apr 16 17:45:27 nixos sddm[2285]: Socket server stopping...
Apr 16 17:45:27 nixos sddm[2285]: Socket server stopped.
Apr 16 17:45:27 nixos sddm[2285]: Removing display SDDM::Display(0x5631646372d0) ...
Apr 16 17:45:27 nixos sddm[2285]: Adding new display...
Apr 16 17:45:27 nixos sddm[2285]: Loaded empty theme configuration
Apr 16 17:45:27 nixos sddm[2285]: Using VT 1
Apr 16 17:45:27 nixos sddm[2285]: Display server started.
Apr 16 17:45:27 nixos sddm[2285]: Socket server starting...
Apr 16 17:45:27 nixos sddm[2285]: Socket server started.
Apr 16 17:45:27 nixos sddm[2285]: Loaded empty theme configuration
Apr 16 17:45:27 nixos sddm[2285]: Greeter starting...
Apr 16 17:45:27 nixos sddm-helper[2314]: [PAM] Starting...
Apr 16 17:45:27 nixos sddm-helper[2314]: [PAM] Authenticating...
Apr 16 17:45:27 nixos sddm-helper[2314]: [PAM] returning.
Apr 16 17:45:27 nixos sddm[2285]: Greeter session started successfully
Apr 16 17:45:27 nixos sddm-helper[2314]: [PAM] Closing session
Apr 16 17:45:27 nixos sddm-helper[2314]: [PAM] Ended.
Apr 16 17:45:27 nixos sddm[2285]: Auth: sddm-helper exited with 5
Apr 16 17:45:27 nixos sddm[2285]: Greeter stopped. SDDM::Auth::HELPER_TTY_ERROR
Apr 16 17:45:27 nixos sddm[2285]: Jumping to VT 1
Apr 16 17:45:27 nixos sddm[2285]: VT mode didn't need to be fixed
Apr 16 17:45:27 nixos sddm[2285]: Socket server stopping...
Apr 16 17:45:27 nixos sddm[2285]: Socket server stopped.
Apr 16 17:45:27 nixos sddm[2285]: Removing display SDDM::Display(0x56316463fb70) ...
Apr 16 17:45:27 nixos sddm[2285]: Adding new display...
Apr 16 17:45:27 nixos sddm[2285]: Loaded empty theme configuration
Apr 16 17:45:27 nixos sddm[2285]: Using VT 1
Apr 16 17:45:27 nixos sddm[2285]: Display server started.
Apr 16 17:45:27 nixos sddm[2285]: Socket server starting...
Apr 16 17:45:27 nixos sddm[2285]: Socket server started.
Apr 16 17:45:27 nixos sddm[2285]: Loaded empty theme configuration
Apr 16 17:45:27 nixos sddm[2285]: Greeter starting...
Apr 16 17:45:27 nixos sddm-helper[2323]: [PAM] Starting...
Apr 16 17:45:27 nixos sddm-helper[2323]: [PAM] Authenticating...
Apr 16 17:45:27 nixos sddm-helper[2323]: [PAM] returning.
Apr 16 17:45:27 nixos sddm[2285]: Greeter session started successfully
Apr 16 17:45:27 nixos sddm-helper[2323]: [PAM] Closing session
Apr 16 17:45:27 nixos sddm-helper[2323]: [PAM] Ended.
Apr 16 17:45:27 nixos sddm[2285]: Auth: sddm-helper exited with 5
Apr 16 17:45:27 nixos sddm[2285]: Greeter stopped. SDDM::Auth::HELPER_TTY_ERROR
Apr 16 17:45:27 nixos sddm[2285]: Jumping to VT 1
Apr 16 17:45:27 nixos sddm[2285]: VT mode didn't need to be fixed
Apr 16 17:45:27 nixos sddm[2285]: Socket server stopping...
Apr 16 17:45:27 nixos sddm[2285]: Socket server stopped.
Apr 16 17:45:27 nixos sddm[2285]: Removing display SDDM::Display(0x56316462d6a0) ...
Apr 16 17:45:27 nixos sddm[2285]: Adding new display...
Apr 16 17:45:27 nixos sddm[2285]: Loaded empty theme configuration
Apr 16 17:45:27 nixos sddm[2285]: Using VT 1
Apr 16 17:45:27 nixos sddm[2285]: Display server started.
Apr 16 17:45:27 nixos sddm[2285]: Socket server starting...
Apr 16 17:45:27 nixos sddm[2285]: Socket server started.
Apr 16 17:45:27 nixos sddm[2285]: Loaded empty theme configuration
Apr 16 17:45:27 nixos sddm[2285]: Greeter starting...
Apr 16 17:45:27 nixos sddm-helper[2332]: [PAM] Starting...
Apr 16 17:45:27 nixos sddm-helper[2332]: [PAM] Authenticating...
Apr 16 17:45:27 nixos sddm-helper[2332]: [PAM] returning.
Apr 16 17:45:27 nixos sddm[2285]: Greeter session started successfully
Apr 16 17:45:27 nixos sddm-helper[2332]: [PAM] Closing session
Apr 16 17:45:27 nixos sddm-helper[2332]: [PAM] Ended.
Apr 16 17:45:27 nixos sddm[2285]: Auth: sddm-helper exited with 5
Apr 16 17:45:27 nixos sddm[2285]: Greeter stopped. SDDM::Auth::HELPER_TTY_ERROR
Apr 16 17:45:27 nixos sddm[2285]: Jumping to VT 1
Apr 16 17:45:27 nixos sddm[2285]: VT mode didn't need to be fixed
Apr 16 17:45:27 nixos sddm[2285]: Socket server stopping...
Apr 16 17:45:27 nixos sddm[2285]: Socket server stopped.
Apr 16 17:45:27 nixos sddm[2285]: Removing display SDDM::Display(0x56316463e4f0) ...
Apr 16 17:45:27 nixos sddm[2285]: Adding new display...
Apr 16 17:45:27 nixos sddm[2285]: Loaded empty theme configuration
Apr 16 17:45:27 nixos sddm[2285]: Using VT 1
Apr 16 17:45:27 nixos sddm[2285]: Display server started.
Apr 16 17:45:27 nixos sddm[2285]: Socket server starting...
Apr 16 17:45:27 nixos sddm[2285]: Socket server started.
Apr 16 17:45:27 nixos sddm[2285]: Loaded empty theme configuration
Apr 16 17:45:27 nixos sddm[2285]: Greeter starting...
Apr 16 17:45:27 nixos sddm[2285]: Socket server stopping...
Apr 16 17:45:27 nixos sddm[2285]: Socket server stopped.
Apr 16 17:45:27 nixos sddm[2285]: Auth: sddm-helper (--socket /tmp/sddm-auth-cd15c37f-f67c-492d-81a2-8ab06d6d5d7f --id 14 --start /nix/store/wq8fhgk8svh53pw0zb5dsy3lrab98m4c-sddm-wrapped/bin/sddm-greeter-qt6 --socket /tmp/sddm--dVFiPz --user sddm --display-server /nix/store/9vfhpdj5w6bl5p5gl1mjihrp4flnw2m9-weston-15.0.0/bin/weston --shell=kiosk -c /nix/store/zrd9ppkv2mg02zwrba0ldchvsgljs2w9-weston.ini --greeter) crashed (exit code 1)
Apr 16 17:45:27 nixos sddm[2285]: Auth: sddm-helper exited with 15
Apr 16 17:45:27 nixos systemd[1]: display-manager.service: Main process exited, code=exited, status=23/n/a
Apr 16 17:45:27 nixos systemd[1]: display-manager.service: Failed with result 'exit-code'.
Apr 16 17:45:28 nixos systemd[1]: display-manager.service: Scheduled restart job, restart counter is at 2.
Apr 16 17:45:28 nixos systemd[1]: Starting Display Manager...
Apr 16 17:45:28 nixos systemd[1]: Started Display Manager.
Apr 16 17:45:28 nixos sddm[2349]: Initializing...
Apr 16 17:45:28 nixos sddm[2349]: Starting...
Apr 16 17:45:28 nixos sddm[2349]: Logind interface found
Apr 16 17:45:28 nixos sddm[2349]: Adding new display...
Apr 16 17:45:28 nixos sddm[2349]: Loaded empty theme configuration
Apr 16 17:45:28 nixos sddm[2349]: Using VT 1
Apr 16 17:45:28 nixos sddm[2349]: Display server started.
Apr 16 17:45:28 nixos sddm[2349]: Socket server starting...
Apr 16 17:45:28 nixos sddm[2349]: Socket server started.
Apr 16 17:45:28 nixos sddm[2349]: Loaded empty theme configuration
Apr 16 17:45:28 nixos sddm[2349]: Greeter starting...
Apr 16 17:45:28 nixos sddm-helper[2351]: [PAM] Starting...
Apr 16 17:45:28 nixos sddm-helper[2351]: [PAM] Authenticating...
Apr 16 17:45:28 nixos sddm-helper[2351]: [PAM] returning.
Apr 16 17:45:28 nixos sddm[2349]: Greeter session started successfully
Apr 16 17:45:28 nixos sddm-helper[2351]: [PAM] Closing session
Apr 16 17:45:28 nixos sddm-helper[2351]: [PAM] Ended.
Apr 16 17:45:28 nixos sddm[2349]: Auth: sddm-helper exited with 5
Apr 16 17:45:28 nixos sddm[2349]: Greeter stopped. SDDM::Auth::HELPER_TTY_ERROR
Apr 16 17:45:28 nixos sddm[2349]: Jumping to VT 1
Apr 16 17:45:28 nixos sddm[2349]: VT mode didn't need to be fixed
Apr 16 17:45:28 nixos sddm[2349]: Socket server stopping...
Apr 16 17:45:28 nixos sddm[2349]: Socket server stopped.
Apr 16 17:45:28 nixos sddm[2349]: Removing display SDDM::Display(0x55dc978a1e90) ...
Apr 16 17:45:28 nixos sddm[2349]: Adding new display...
Apr 16 17:45:28 nixos sddm[2349]: Loaded empty theme configuration
Apr 16 17:45:28 nixos sddm[2349]: Using VT 1
Apr 16 17:45:28 nixos sddm[2349]: Display server started.
Apr 16 17:45:28 nixos sddm[2349]: Socket server starting...
Apr 16 17:45:28 nixos sddm[2349]: Socket server started.
Apr 16 17:45:28 nixos sddm[2349]: Loaded empty theme configuration
Apr 16 17:45:28 nixos sddm[2349]: Greeter starting...
Apr 16 17:45:28 nixos sddm-helper[2361]: [PAM] Starting...
Apr 16 17:45:28 nixos sddm-helper[2361]: [PAM] Authenticating...
Apr 16 17:45:28 nixos sddm-helper[2361]: [PAM] returning.
Apr 16 17:45:28 nixos sddm[2349]: Greeter session started successfully
Apr 16 17:45:28 nixos sddm-helper[2361]: [PAM] Closing session
Apr 16 17:45:28 nixos sddm-helper[2361]: [PAM] Ended.
Apr 16 17:45:28 nixos sddm[2349]: Auth: sddm-helper exited with 5
Apr 16 17:45:28 nixos sddm[2349]: Greeter stopped. SDDM::Auth::HELPER_TTY_ERROR
Apr 16 17:45:28 nixos sddm[2349]: Jumping to VT 1
Apr 16 17:45:28 nixos sddm[2349]: VT mode didn't need to be fixed
Apr 16 17:45:28 nixos sddm[2349]: Socket server stopping...
Apr 16 17:45:28 nixos sddm[2349]: Socket server stopped.
Apr 16 17:45:28 nixos sddm[2349]: Removing display SDDM::Display(0x55dc978e7110) ...
Apr 16 17:45:28 nixos sddm[2349]: Adding new display...
Apr 16 17:45:28 nixos sddm[2349]: Loaded empty theme configuration
Apr 16 17:45:28 nixos sddm[2349]: Using VT 1
Apr 16 17:45:28 nixos sddm[2349]: Display server started.
Apr 16 17:45:28 nixos sddm[2349]: Socket server starting...
Apr 16 17:45:28 nixos sddm[2349]: Socket server started.
Apr 16 17:45:28 nixos sddm[2349]: Loaded empty theme configuration
Apr 16 17:45:28 nixos sddm[2349]: Greeter starting...
Apr 16 17:45:28 nixos sddm-helper[2368]: [PAM] Starting...
Apr 16 17:45:28 nixos sddm-helper[2368]: [PAM] Authenticating...
Apr 16 17:45:28 nixos sddm-helper[2368]: [PAM] returning.
Apr 16 17:45:28 nixos sddm[2349]: Greeter session started successfully
Apr 16 17:45:28 nixos sddm-helper[2368]: [PAM] Closing session
Apr 16 17:45:28 nixos sddm-helper[2368]: [PAM] Ended.
Apr 16 17:45:28 nixos sddm[2349]: Auth: sddm-helper exited with 5
Apr 16 17:45:28 nixos sddm[2349]: Greeter stopped. SDDM::Auth::HELPER_TTY_ERROR
Apr 16 17:45:28 nixos sddm[2349]: Jumping to VT 1
Apr 16 17:45:28 nixos sddm[2349]: VT mode didn't need to be fixed
Apr 16 17:45:28 nixos sddm[2349]: Socket server stopping...
Apr 16 17:45:28 nixos sddm[2349]: Socket server stopped.
Apr 16 17:45:28 nixos sddm[2349]: Removing display SDDM::Display(0x55dc978ad240) ...
Apr 16 17:45:28 nixos sddm[2349]: Adding new display...
Apr 16 17:45:28 nixos sddm[2349]: Loaded empty theme configuration
Apr 16 17:45:28 nixos sddm[2349]: Using VT 1
Apr 16 17:45:28 nixos sddm[2349]: Display server started.
Apr 16 17:45:28 nixos sddm[2349]: Socket server starting...
Apr 16 17:45:28 nixos sddm[2349]: Socket server started.
Apr 16 17:45:28 nixos sddm[2349]: Loaded empty theme configuration
Apr 16 17:45:28 nixos sddm[2349]: Greeter starting...
Apr 16 17:45:28 nixos sddm-helper[2378]: [PAM] Starting...
Apr 16 17:45:28 nixos sddm-helper[2378]: [PAM] Authenticating...
Apr 16 17:45:28 nixos sddm-helper[2378]: [PAM] returning.
Apr 16 17:45:28 nixos sddm[2349]: Greeter session started successfully
Apr 16 17:45:28 nixos sddm-helper[2378]: [PAM] Closing session
Apr 16 17:45:28 nixos sddm-helper[2378]: [PAM] Ended.
Apr 16 17:45:28 nixos sddm[2349]: Auth: sddm-helper exited with 5
Apr 16 17:45:28 nixos sddm[2349]: Greeter stopped. SDDM::Auth::HELPER_TTY_ERROR
Apr 16 17:45:28 nixos sddm[2349]: Jumping to VT 1
Apr 16 17:45:28 nixos sddm[2349]: VT mode didn't need to be fixed
Apr 16 17:45:28 nixos sddm[2349]: Socket server stopping...
Apr 16 17:45:28 nixos sddm[2349]: Socket server stopped.
Apr 16 17:45:28 nixos sddm[2349]: Removing display SDDM::Display(0x55dc978c2ac0) ...
Apr 16 17:45:28 nixos sddm[2349]: Adding new display...
Apr 16 17:45:28 nixos sddm[2349]: Loaded empty theme configuration
Apr 16 17:45:28 nixos sddm[2349]: Using VT 1
Apr 16 17:45:28 nixos sddm[2349]: Display server started.
Apr 16 17:45:28 nixos sddm[2349]: Socket server starting...
Apr 16 17:45:28 nixos sddm[2349]: Socket server started.
Apr 16 17:45:28 nixos sddm[2349]: Loaded empty theme configuration
Apr 16 17:45:28 nixos sddm[2349]: Greeter starting...
Apr 16 17:45:28 nixos sddm-helper[2386]: [PAM] Starting...
Apr 16 17:45:28 nixos sddm-helper[2386]: [PAM] Authenticating...
Apr 16 17:45:28 nixos sddm-helper[2386]: [PAM] returning.
Apr 16 17:45:28 nixos sddm[2349]: Greeter session started successfully
Apr 16 17:45:28 nixos sddm-helper[2386]: [PAM] Closing session
Apr 16 17:45:28 nixos sddm-helper[2386]: [PAM] Ended.
Apr 16 17:45:28 nixos sddm[2349]: Auth: sddm-helper exited with 5
Apr 16 17:45:28 nixos sddm[2349]: Greeter stopped. SDDM::Auth::HELPER_TTY_ERROR
Apr 16 17:45:28 nixos sddm[2349]: Jumping to VT 1
Apr 16 17:45:28 nixos sddm[2349]: VT mode didn't need to be fixed
Apr 16 17:45:28 nixos sddm[2349]: Socket server stopping...
Apr 16 17:45:28 nixos sddm[2349]: Socket server stopped.
Apr 16 17:45:28 nixos sddm[2349]: Removing display SDDM::Display(0x55dc978b00a0) ...
Apr 16 17:45:28 nixos sddm[2349]: Adding new display...
Apr 16 17:45:28 nixos sddm[2349]: Loaded empty theme configuration
Apr 16 17:45:28 nixos sddm[2349]: Using VT 1
Apr 16 17:45:28 nixos sddm[2349]: Display server started.
Apr 16 17:45:28 nixos sddm[2349]: Socket server starting...
Apr 16 17:45:28 nixos sddm[2349]: Socket server started.
Apr 16 17:45:28 nixos sddm[2349]: Loaded empty theme configuration
Apr 16 17:45:28 nixos sddm[2349]: Greeter starting...
Apr 16 17:45:28 nixos sddm-helper[2395]: [PAM] Starting...
Apr 16 17:45:28 nixos sddm-helper[2395]: [PAM] Authenticating...
Apr 16 17:45:28 nixos sddm-helper[2395]: [PAM] returning.
Apr 16 17:45:28 nixos sddm[2349]: Greeter session started successfully
Apr 16 17:45:28 nixos sddm-helper[2395]: [PAM] Closing session
Apr 16 17:45:28 nixos sddm-helper[2395]: [PAM] Ended.
Apr 16 17:45:28 nixos sddm[2349]: Auth: sddm-helper exited with 5
Apr 16 17:45:28 nixos sddm[2349]: Greeter stopped. SDDM::Auth::HELPER_TTY_ERROR
Apr 16 17:45:28 nixos sddm[2349]: Jumping to VT 1
Apr 16 17:45:28 nixos sddm[2349]: VT mode didn't need to be fixed
Apr 16 17:45:28 nixos sddm[2349]: Socket server stopping...
Apr 16 17:45:28 nixos sddm[2349]: Socket server stopped.
Apr 16 17:45:28 nixos sddm[2349]: Removing display SDDM::Display(0x55dc978abb20) ...
Apr 16 17:45:28 nixos sddm[2349]: Adding new display...
Apr 16 17:45:28 nixos sddm[2349]: Loaded empty theme configuration
Apr 16 17:45:28 nixos sddm[2349]: Using VT 1
Apr 16 17:45:28 nixos sddm[2349]: Display server started.
Apr 16 17:45:28 nixos sddm[2349]: Socket server starting...
Apr 16 17:45:28 nixos sddm[2349]: Socket server started.
Apr 16 17:45:28 nixos sddm[2349]: Loaded empty theme configuration
Apr 16 17:45:28 nixos sddm[2349]: Greeter starting...
Apr 16 17:45:28 nixos sddm[2349]: Socket server stopping...
Apr 16 17:45:28 nixos sddm[2349]: Socket server stopped.
Apr 16 17:45:28 nixos sddm[2349]: Auth: sddm-helper (--socket /tmp/sddm-auth-74436e53-07e4-4dcc-9d93-12615763b5c7 --id 14 --start /nix/store/wq8fhgk8svh53pw0zb5dsy3lrab98m4c-sddm-wrapped/bin/sddm-greeter-qt6 --socket /tmp/sddm--jACnjf --user sddm --display-server /nix/store/9vfhpdj5w6bl5p5gl1mjihrp4flnw2m9-weston-15.0.0/bin/weston --shell=kiosk -c /nix/store/zrd9ppkv2mg02zwrba0ldchvsgljs2w9-weston.ini --greeter) crashed (exit code 1)
Apr 16 17:45:28 nixos sddm[2349]: Auth: sddm-helper exited with 15
Apr 16 17:45:28 nixos systemd[1]: display-manager.service: Main process exited, code=exited, status=23/n/a
Apr 16 17:45:28 nixos systemd[1]: display-manager.service: Failed with result 'exit-code'.
Apr 16 17:45:28 nixos systemd[1]: display-manager.service: Scheduled restart job, restart counter is at 3.
Apr 16 17:45:28 nixos systemd[1]: display-manager.service: Start request repeated too quickly.
Apr 16 17:45:28 nixos systemd[1]: display-manager.service: Failed with result 'exit-code'.
Apr 16 17:45:28 nixos systemd[1]: Failed to start Display Manager.
Apr 16 17:48:34 nixos systemd[1]: Starting Display Manager...
Apr 16 17:48:34 nixos systemd[1]: Started Display Manager.
Apr 16 17:48:34 nixos sddm[2464]: Initializing...
Apr 16 17:48:34 nixos sddm[2464]: Starting...
Apr 16 17:48:34 nixos sddm[2464]: Logind interface found
Apr 16 17:48:34 nixos sddm[2464]: Adding new display...
Apr 16 17:48:34 nixos sddm[2464]: Loaded empty theme configuration
Apr 16 17:48:34 nixos sddm[2464]: Using VT 1
Apr 16 17:48:34 nixos sddm[2464]: Display server started.
Apr 16 17:48:34 nixos sddm[2464]: Socket server starting...
Apr 16 17:48:34 nixos sddm[2464]: Socket server started.
Apr 16 17:48:34 nixos sddm[2464]: Loaded empty theme configuration
Apr 16 17:48:34 nixos sddm[2464]: Greeter starting...
Apr 16 17:48:34 nixos sddm-helper[2466]: [PAM] Starting...
Apr 16 17:48:34 nixos sddm-helper[2466]: [PAM] Authenticating...
Apr 16 17:48:34 nixos sddm-helper[2466]: [PAM] returning.
Apr 16 17:48:34 nixos sddm[2464]: Greeter session started successfully
Apr 16 17:48:34 nixos sddm-helper[2466]: [PAM] Closing session
Apr 16 17:48:34 nixos sddm-helper[2466]: [PAM] Ended.
Apr 16 17:48:34 nixos sddm[2464]: Auth: sddm-helper exited with 5
Apr 16 17:48:34 nixos sddm[2464]: Greeter stopped. SDDM::Auth::HELPER_TTY_ERROR
Apr 16 17:48:34 nixos sddm[2464]: Jumping to VT 1
Apr 16 17:48:34 nixos sddm[2464]: VT mode didn't need to be fixed
Apr 16 17:48:34 nixos sddm[2464]: Socket server stopping...
Apr 16 17:48:34 nixos sddm[2464]: Socket server stopped.
Apr 16 17:48:34 nixos sddm[2464]: Removing display SDDM::Display(0x559f005c1e90) ...
Apr 16 17:48:34 nixos sddm[2464]: Adding new display...
Apr 16 17:48:34 nixos sddm[2464]: Loaded empty theme configuration
Apr 16 17:48:34 nixos sddm[2464]: Using VT 1
Apr 16 17:48:34 nixos sddm[2464]: Display server started.
Apr 16 17:48:34 nixos sddm[2464]: Socket server starting...
Apr 16 17:48:34 nixos sddm[2464]: Socket server started.
Apr 16 17:48:34 nixos sddm[2464]: Loaded empty theme configuration
Apr 16 17:48:34 nixos sddm[2464]: Greeter starting...
Apr 16 17:48:34 nixos sddm-helper[2512]: [PAM] Starting...
Apr 16 17:48:34 nixos sddm-helper[2512]: [PAM] Authenticating...
Apr 16 17:48:34 nixos sddm-helper[2512]: [PAM] returning.
Apr 16 17:48:34 nixos sddm[2464]: Greeter session started successfully
Apr 16 17:48:34 nixos sddm-helper[2512]: [PAM] Closing session
Apr 16 17:48:34 nixos sddm-helper[2512]: [PAM] Ended.
Apr 16 17:48:34 nixos sddm[2464]: Auth: sddm-helper exited with 5
Apr 16 17:48:34 nixos sddm[2464]: Greeter stopped. SDDM::Auth::HELPER_TTY_ERROR
Apr 16 17:48:34 nixos sddm[2464]: Jumping to VT 1
Apr 16 17:48:34 nixos sddm[2464]: VT mode didn't need to be fixed
Apr 16 17:48:34 nixos sddm[2464]: Socket server stopping...
Apr 16 17:48:34 nixos sddm[2464]: Socket server stopped.
Apr 16 17:48:34 nixos sddm[2464]: Removing display SDDM::Display(0x559f00607110) ...
Apr 16 17:48:34 nixos sddm[2464]: Adding new display...
Apr 16 17:48:34 nixos sddm[2464]: Loaded empty theme configuration
Apr 16 17:48:34 nixos sddm[2464]: Using VT 1
Apr 16 17:48:34 nixos sddm[2464]: Display server started.
Apr 16 17:48:34 nixos sddm[2464]: Socket server starting...
Apr 16 17:48:34 nixos sddm[2464]: Socket server started.
Apr 16 17:48:34 nixos sddm[2464]: Loaded empty theme configuration
Apr 16 17:48:34 nixos sddm[2464]: Greeter starting...
Apr 16 17:48:34 nixos sddm-helper[2519]: [PAM] Starting...
Apr 16 17:48:34 nixos sddm-helper[2519]: [PAM] Authenticating...
Apr 16 17:48:34 nixos sddm-helper[2519]: [PAM] returning.
Apr 16 17:48:34 nixos sddm[2464]: Greeter session started successfully
Apr 16 17:48:34 nixos sddm-helper[2519]: [PAM] Closing session
Apr 16 17:48:34 nixos sddm-helper[2519]: [PAM] Ended.
Apr 16 17:48:34 nixos sddm[2464]: Auth: sddm-helper exited with 5
Apr 16 17:48:34 nixos sddm[2464]: Greeter stopped. SDDM::Auth::HELPER_TTY_ERROR
Apr 16 17:48:34 nixos sddm[2464]: Jumping to VT 1
Apr 16 17:48:34 nixos sddm[2464]: VT mode didn't need to be fixed
Apr 16 17:48:34 nixos sddm[2464]: Socket server stopping...
Apr 16 17:48:34 nixos sddm[2464]: Socket server stopped.
Apr 16 17:48:34 nixos sddm[2464]: Removing display SDDM::Display(0x559f005dd520) ...
Apr 16 17:48:34 nixos sddm[2464]: Adding new display...
Apr 16 17:48:34 nixos sddm[2464]: Loaded empty theme configuration
Apr 16 17:48:34 nixos sddm[2464]: Using VT 1
Apr 16 17:48:34 nixos sddm[2464]: Display server started.
Apr 16 17:48:34 nixos sddm[2464]: Socket server starting...
Apr 16 17:48:34 nixos sddm[2464]: Socket server started.
Apr 16 17:48:34 nixos sddm[2464]: Loaded empty theme configuration
Apr 16 17:48:34 nixos sddm[2464]: Greeter starting...
Apr 16 17:48:35 nixos sddm-helper[2528]: [PAM] Starting...
Apr 16 17:48:35 nixos sddm-helper[2528]: [PAM] Authenticating...
Apr 16 17:48:35 nixos sddm-helper[2528]: [PAM] returning.
Apr 16 17:48:35 nixos sddm[2464]: Greeter session started successfully
Apr 16 17:48:35 nixos sddm-helper[2528]: [PAM] Closing session
Apr 16 17:48:35 nixos sddm-helper[2528]: [PAM] Ended.
Apr 16 17:48:35 nixos sddm[2464]: Auth: sddm-helper exited with 5
Apr 16 17:48:35 nixos sddm[2464]: Greeter stopped. SDDM::Auth::HELPER_TTY_ERROR
Apr 16 17:48:35 nixos sddm[2464]: Jumping to VT 1
Apr 16 17:48:35 nixos sddm[2464]: VT mode didn't need to be fixed
Apr 16 17:48:35 nixos sddm[2464]: Socket server stopping...
Apr 16 17:48:35 nixos sddm[2464]: Socket server stopped.
Apr 16 17:48:35 nixos sddm[2464]: Removing display SDDM::Display(0x559f005e1420) ...
Apr 16 17:48:35 nixos sddm[2464]: Adding new display...
Apr 16 17:48:35 nixos sddm[2464]: Loaded empty theme configuration
Apr 16 17:48:35 nixos sddm[2464]: Using VT 1
Apr 16 17:48:35 nixos sddm[2464]: Display server started.
Apr 16 17:48:35 nixos sddm[2464]: Socket server starting...
Apr 16 17:48:35 nixos sddm[2464]: Socket server started.
Apr 16 17:48:35 nixos sddm[2464]: Loaded empty theme configuration
Apr 16 17:48:35 nixos sddm[2464]: Greeter starting...
Apr 16 17:48:35 nixos sddm-helper[2539]: [PAM] Starting...
Apr 16 17:48:35 nixos sddm-helper[2539]: [PAM] Authenticating...
Apr 16 17:48:35 nixos sddm-helper[2539]: [PAM] returning.
Apr 16 17:48:35 nixos sddm[2464]: Greeter session started successfully
Apr 16 17:48:35 nixos sddm-helper[2539]: [PAM] Closing session
Apr 16 17:48:35 nixos sddm-helper[2539]: [PAM] Ended.
Apr 16 17:48:35 nixos sddm[2464]: Auth: sddm-helper exited with 5
Apr 16 17:48:35 nixos sddm[2464]: Greeter stopped. SDDM::Auth::HELPER_TTY_ERROR
Apr 16 17:48:35 nixos sddm[2464]: Jumping to VT 1
Apr 16 17:48:35 nixos sddm[2464]: VT mode didn't need to be fixed
Apr 16 17:48:35 nixos sddm[2464]: Socket server stopping...
Apr 16 17:48:35 nixos sddm[2464]: Socket server stopped.
Apr 16 17:48:35 nixos sddm[2464]: Removing display SDDM::Display(0x559f005dbe90) ...
Apr 16 17:48:35 nixos sddm[2464]: Adding new display...
Apr 16 17:48:35 nixos sddm[2464]: Loaded empty theme configuration
Apr 16 17:48:35 nixos sddm[2464]: Using VT 1
Apr 16 17:48:35 nixos sddm[2464]: Display server started.
Apr 16 17:48:35 nixos sddm[2464]: Socket server starting...
Apr 16 17:48:35 nixos sddm[2464]: Socket server started.
Apr 16 17:48:35 nixos sddm[2464]: Loaded empty theme configuration
Apr 16 17:48:35 nixos sddm[2464]: Greeter starting...
Apr 16 17:48:35 nixos sddm-helper[2546]: [PAM] Starting...
Apr 16 17:48:35 nixos sddm-helper[2546]: [PAM] Authenticating...
Apr 16 17:48:35 nixos sddm-helper[2546]: [PAM] returning.
Apr 16 17:48:35 nixos sddm[2464]: Greeter session started successfully
Apr 16 17:48:35 nixos sddm-helper[2546]: [PAM] Closing session
Apr 16 17:48:35 nixos sddm-helper[2546]: [PAM] Ended.
Apr 16 17:48:35 nixos sddm[2464]: Auth: sddm-helper exited with 5
Apr 16 17:48:35 nixos sddm[2464]: Greeter stopped. SDDM::Auth::HELPER_TTY_ERROR
Apr 16 17:48:35 nixos sddm[2464]: Jumping to VT 1
Apr 16 17:48:35 nixos sddm[2464]: VT mode didn't need to be fixed
Apr 16 17:48:35 nixos sddm[2464]: Socket server stopping...
Apr 16 17:48:35 nixos sddm[2464]: Socket server stopped.
Apr 16 17:48:35 nixos sddm[2464]: Removing display SDDM::Display(0x559f005e3830) ...
Apr 16 17:48:35 nixos sddm[2464]: Adding new display...
Apr 16 17:48:35 nixos sddm[2464]: Loaded empty theme configuration
Apr 16 17:48:35 nixos sddm[2464]: Using VT 1
Apr 16 17:48:35 nixos sddm[2464]: Display server started.
Apr 16 17:48:35 nixos sddm[2464]: Socket server starting...
Apr 16 17:48:35 nixos sddm[2464]: Socket server started.
Apr 16 17:48:35 nixos sddm[2464]: Loaded empty theme configuration
Apr 16 17:48:35 nixos sddm[2464]: Greeter starting...
Apr 16 17:48:35 nixos sddm[2464]: Socket server stopping...
Apr 16 17:48:35 nixos sddm[2464]: Socket server stopped.
Apr 16 17:48:35 nixos sddm[2464]: Auth: sddm-helper (--socket /tmp/sddm-auth-82713dc6-0d87-462c-8075-cd27d5aa4085 --id 14 --start /nix/store/wq8fhgk8svh53pw0zb5dsy3lrab98m4c-sddm-wrapped/bin/sddm-greeter-qt6 --socket /tmp/sddm--rteTsB --user sddm --display-server /nix/store/9vfhpdj5w6bl5p5gl1mjihrp4flnw2m9-weston-15.0.0/bin/weston --shell=kiosk -c /nix/store/zrd9ppkv2mg02zwrba0ldchvsgljs2w9-weston.ini --greeter) crashed (exit code 1)
Apr 16 17:48:35 nixos sddm[2464]: Auth: sddm-helper exited with 15
Apr 16 17:48:35 nixos systemd[1]: display-manager.service: Main process exited, code=exited, status=23/n/a
Apr 16 17:48:35 nixos systemd[1]: display-manager.service: Failed with result 'exit-code'.
Apr 16 17:48:35 nixos systemd[1]: display-manager.service: Scheduled restart job, restart counter is at 1.
Apr 16 17:48:35 nixos systemd[1]: Starting Display Manager...
Apr 16 17:48:35 nixos systemd[1]: Started Display Manager.
Apr 16 17:48:35 nixos sddm[2562]: Initializing...
Apr 16 17:48:35 nixos sddm[2562]: Starting...
Apr 16 17:48:35 nixos sddm[2562]: Logind interface found
Apr 16 17:48:35 nixos sddm[2562]: Adding new display...
Apr 16 17:48:35 nixos sddm[2562]: Loaded empty theme configuration
Apr 16 17:48:35 nixos sddm[2562]: Using VT 1
Apr 16 17:48:35 nixos sddm[2562]: Display server started.
Apr 16 17:48:35 nixos sddm[2562]: Socket server starting...
Apr 16 17:48:35 nixos sddm[2562]: Socket server started.
Apr 16 17:48:35 nixos sddm[2562]: Loaded empty theme configuration
Apr 16 17:48:35 nixos sddm[2562]: Greeter starting...
Apr 16 17:48:35 nixos sddm-helper[2564]: [PAM] Starting...
Apr 16 17:48:35 nixos sddm-helper[2564]: [PAM] Authenticating...
Apr 16 17:48:35 nixos sddm-helper[2564]: [PAM] returning.
Apr 16 17:48:35 nixos sddm[2562]: Greeter session started successfully
Apr 16 17:48:35 nixos sddm-helper[2564]: [PAM] Closing session
Apr 16 17:48:35 nixos sddm-helper[2564]: [PAM] Ended.
Apr 16 17:48:35 nixos sddm[2562]: Auth: sddm-helper exited with 5
Apr 16 17:48:35 nixos sddm[2562]: Greeter stopped. SDDM::Auth::HELPER_TTY_ERROR
Apr 16 17:48:35 nixos sddm[2562]: Jumping to VT 1
Apr 16 17:48:35 nixos sddm[2562]: VT mode didn't need to be fixed
Apr 16 17:48:35 nixos sddm[2562]: Socket server stopping...
Apr 16 17:48:35 nixos sddm[2562]: Socket server stopped.
Apr 16 17:48:35 nixos sddm[2562]: Removing display SDDM::Display(0x55813e761e90) ...
Apr 16 17:48:35 nixos sddm[2562]: Adding new display...
Apr 16 17:48:35 nixos sddm[2562]: Loaded empty theme configuration
Apr 16 17:48:35 nixos sddm[2562]: Using VT 1
Apr 16 17:48:35 nixos sddm[2562]: Display server started.
Apr 16 17:48:35 nixos sddm[2562]: Socket server starting...
Apr 16 17:48:35 nixos sddm[2562]: Socket server started.
Apr 16 17:48:35 nixos sddm[2562]: Loaded empty theme configuration
Apr 16 17:48:35 nixos sddm[2562]: Greeter starting...
Apr 16 17:48:35 nixos sddm-helper[2571]: [PAM] Starting...
Apr 16 17:48:35 nixos sddm-helper[2571]: [PAM] Authenticating...
Apr 16 17:48:35 nixos sddm-helper[2571]: [PAM] returning.
Apr 16 17:48:35 nixos sddm[2562]: Greeter session started successfully
Apr 16 17:48:35 nixos sddm-helper[2571]: [PAM] Closing session
Apr 16 17:48:35 nixos sddm-helper[2571]: [PAM] Ended.
Apr 16 17:48:35 nixos sddm[2562]: Auth: sddm-helper exited with 5
Apr 16 17:48:35 nixos sddm[2562]: Greeter stopped. SDDM::Auth::HELPER_TTY_ERROR
Apr 16 17:48:35 nixos sddm[2562]: Jumping to VT 1
Apr 16 17:48:35 nixos sddm[2562]: VT mode didn't need to be fixed
Apr 16 17:48:35 nixos sddm[2562]: Socket server stopping...
Apr 16 17:48:35 nixos sddm[2562]: Socket server stopped.
Apr 16 17:48:35 nixos sddm[2562]: Removing display SDDM::Display(0x55813e7a7110) ...
Apr 16 17:48:35 nixos sddm[2562]: Adding new display...
Apr 16 17:48:35 nixos sddm[2562]: Loaded empty theme configuration
Apr 16 17:48:35 nixos sddm[2562]: Using VT 1
Apr 16 17:48:35 nixos sddm[2562]: Display server started.
Apr 16 17:48:35 nixos sddm[2562]: Socket server starting...
Apr 16 17:48:35 nixos sddm[2562]: Socket server started.
Apr 16 17:48:35 nixos sddm[2562]: Loaded empty theme configuration
Apr 16 17:48:35 nixos sddm[2562]: Greeter starting...
Apr 16 17:48:35 nixos sddm-helper[2580]: [PAM] Starting...
Apr 16 17:48:35 nixos sddm-helper[2580]: [PAM] Authenticating...
Apr 16 17:48:35 nixos sddm-helper[2580]: [PAM] returning.
Apr 16 17:48:35 nixos sddm[2562]: Greeter session started successfully
Apr 16 17:48:35 nixos sddm-helper[2580]: [PAM] Closing session
Apr 16 17:48:35 nixos sddm-helper[2580]: [PAM] Ended.
Apr 16 17:48:35 nixos sddm[2562]: Auth: sddm-helper exited with 5
Apr 16 17:48:35 nixos sddm[2562]: Greeter stopped. SDDM::Auth::HELPER_TTY_ERROR
Apr 16 17:48:35 nixos sddm[2562]: Jumping to VT 1
Apr 16 17:48:35 nixos sddm[2562]: VT mode didn't need to be fixed
Apr 16 17:48:35 nixos sddm[2562]: Socket server stopping...
Apr 16 17:48:35 nixos sddm[2562]: Socket server stopped.
Apr 16 17:48:35 nixos sddm[2562]: Removing display SDDM::Display(0x55813e77d510) ...
Apr 16 17:48:35 nixos sddm[2562]: Adding new display...
Apr 16 17:48:35 nixos sddm[2562]: Loaded empty theme configuration
Apr 16 17:48:35 nixos sddm[2562]: Using VT 1
Apr 16 17:48:35 nixos sddm[2562]: Display server started.
Apr 16 17:48:35 nixos sddm[2562]: Socket server starting...
Apr 16 17:48:35 nixos sddm[2562]: Socket server started.
Apr 16 17:48:35 nixos sddm[2562]: Loaded empty theme configuration
Apr 16 17:48:35 nixos sddm[2562]: Greeter starting...
Apr 16 17:48:35 nixos sddm-helper[2591]: [PAM] Starting...
Apr 16 17:48:35 nixos sddm-helper[2591]: [PAM] Authenticating...
Apr 16 17:48:35 nixos sddm-helper[2591]: [PAM] returning.
Apr 16 17:48:35 nixos sddm[2562]: Greeter session started successfully
Apr 16 17:48:35 nixos sddm-helper[2591]: [PAM] Closing session
Apr 16 17:48:35 nixos sddm-helper[2591]: [PAM] Ended.
Apr 16 17:48:35 nixos sddm[2562]: Auth: sddm-helper exited with 5
Apr 16 17:48:35 nixos sddm[2562]: Greeter stopped. SDDM::Auth::HELPER_TTY_ERROR
Apr 16 17:48:35 nixos sddm[2562]: Jumping to VT 1
Apr 16 17:48:35 nixos sddm[2562]: VT mode didn't need to be fixed
Apr 16 17:48:35 nixos sddm[2562]: Socket server stopping...
Apr 16 17:48:35 nixos sddm[2562]: Socket server stopped.
Apr 16 17:48:35 nixos sddm[2562]: Removing display SDDM::Display(0x55813e782b20) ...
Apr 16 17:48:35 nixos sddm[2562]: Adding new display...
Apr 16 17:48:35 nixos sddm[2562]: Loaded empty theme configuration
Apr 16 17:48:35 nixos sddm[2562]: Using VT 1
Apr 16 17:48:35 nixos sddm[2562]: Display server started.
Apr 16 17:48:35 nixos sddm[2562]: Socket server starting...
Apr 16 17:48:35 nixos sddm[2562]: Socket server started.
Apr 16 17:48:35 nixos sddm[2562]: Loaded empty theme configuration
Apr 16 17:48:35 nixos sddm[2562]: Greeter starting...
Apr 16 17:48:35 nixos sddm-helper[2598]: [PAM] Starting...
Apr 16 17:48:35 nixos sddm-helper[2598]: [PAM] Authenticating...
Apr 16 17:48:35 nixos sddm-helper[2598]: [PAM] returning.
Apr 16 17:48:35 nixos sddm[2562]: Greeter session started successfully
Apr 16 17:48:35 nixos sddm-helper[2598]: [PAM] Closing session
Apr 16 17:48:35 nixos sddm-helper[2598]: [PAM] Ended.
Apr 16 17:48:35 nixos sddm[2562]: Auth: sddm-helper exited with 5
Apr 16 17:48:35 nixos sddm[2562]: Greeter stopped. SDDM::Auth::HELPER_TTY_ERROR
Apr 16 17:48:35 nixos sddm[2562]: Jumping to VT 1
Apr 16 17:48:35 nixos sddm[2562]: VT mode didn't need to be fixed
Apr 16 17:48:35 nixos sddm[2562]: Socket server stopping...
Apr 16 17:48:35 nixos sddm[2562]: Socket server stopped.
Apr 16 17:48:35 nixos sddm[2562]: Removing display SDDM::Display(0x55813e76fbd0) ...
Apr 16 17:48:35 nixos sddm[2562]: Adding new display...
Apr 16 17:48:35 nixos sddm[2562]: Loaded empty theme configuration
Apr 16 17:48:35 nixos sddm[2562]: Using VT 1
Apr 16 17:48:35 nixos sddm[2562]: Display server started.
Apr 16 17:48:35 nixos sddm[2562]: Socket server starting...
Apr 16 17:48:35 nixos sddm[2562]: Socket server started.
Apr 16 17:48:35 nixos sddm[2562]: Loaded empty theme configuration
Apr 16 17:48:35 nixos sddm[2562]: Greeter starting...
Apr 16 17:48:35 nixos sddm-helper[2608]: [PAM] Starting...
Apr 16 17:48:35 nixos sddm-helper[2608]: [PAM] Authenticating...
Apr 16 17:48:35 nixos sddm-helper[2608]: [PAM] returning.
Apr 16 17:48:35 nixos sddm[2562]: Greeter session started successfully
Apr 16 17:48:35 nixos sddm-helper[2608]: [PAM] Closing session
Apr 16 17:48:35 nixos sddm-helper[2608]: [PAM] Ended.
Apr 16 17:48:35 nixos sddm[2562]: Auth: sddm-helper exited with 5
Apr 16 17:48:35 nixos sddm[2562]: Greeter stopped. SDDM::Auth::HELPER_TTY_ERROR
Apr 16 17:48:35 nixos sddm[2562]: Jumping to VT 1
Apr 16 17:48:35 nixos sddm[2562]: VT mode didn't need to be fixed
Apr 16 17:48:35 nixos sddm[2562]: Socket server stopping...
Apr 16 17:48:35 nixos sddm[2562]: Socket server stopped.
Apr 16 17:48:35 nixos sddm[2562]: Removing display SDDM::Display(0x7f07e000a790) ...
Apr 16 17:48:35 nixos sddm[2562]: Adding new display...
Apr 16 17:48:35 nixos sddm[2562]: Loaded empty theme configuration
Apr 16 17:48:35 nixos sddm[2562]: Using VT 1
Apr 16 17:48:35 nixos sddm[2562]: Display server started.
Apr 16 17:48:35 nixos sddm[2562]: Socket server starting...
Apr 16 17:48:35 nixos sddm[2562]: Socket server started.
Apr 16 17:48:35 nixos sddm[2562]: Loaded empty theme configuration
Apr 16 17:48:35 nixos sddm[2562]: Greeter starting...
Apr 16 17:48:35 nixos sddm[2562]: Socket server stopping...
Apr 16 17:48:35 nixos sddm[2562]: Socket server stopped.
Apr 16 17:48:35 nixos sddm[2562]: Auth: sddm-helper (--socket /tmp/sddm-auth-b2d22ed7-ea04-4edf-9130-7bffaea81fa7 --id 14 --start /nix/store/wq8fhgk8svh53pw0zb5dsy3lrab98m4c-sddm-wrapped/bin/sddm-greeter-qt6 --socket /tmp/sddm--KMRZiK --user sddm --display-server /nix/store/9vfhpdj5w6bl5p5gl1mjihrp4flnw2m9-weston-15.0.0/bin/weston --shell=kiosk -c /nix/store/zrd9ppkv2mg02zwrba0ldchvsgljs2w9-weston.ini --greeter) crashed (exit code 1)
Apr 16 17:48:35 nixos sddm[2562]: Auth: sddm-helper exited with 15
Apr 16 17:48:35 nixos systemd[1]: display-manager.service: Main process exited, code=exited, status=23/n/a
Apr 16 17:48:35 nixos systemd[1]: display-manager.service: Failed with result 'exit-code'.
Apr 16 17:48:36 nixos systemd[1]: display-manager.service: Scheduled restart job, restart counter is at 2.
Apr 16 17:48:36 nixos systemd[1]: Starting Display Manager...
Apr 16 17:48:36 nixos systemd[1]: Started Display Manager.
Apr 16 17:48:36 nixos sddm[2624]: Initializing...
Apr 16 17:48:36 nixos sddm[2624]: Starting...
Apr 16 17:48:36 nixos sddm[2624]: Logind interface found
Apr 16 17:48:36 nixos sddm[2624]: Adding new display...
Apr 16 17:48:36 nixos sddm[2624]: Loaded empty theme configuration
Apr 16 17:48:36 nixos sddm[2624]: Using VT 1
Apr 16 17:48:36 nixos sddm[2624]: Display server started.
Apr 16 17:48:36 nixos sddm[2624]: Socket server starting...
Apr 16 17:48:36 nixos sddm[2624]: Socket server started.
Apr 16 17:48:36 nixos sddm[2624]: Loaded empty theme configuration
Apr 16 17:48:36 nixos sddm[2624]: Greeter starting...
Apr 16 17:48:36 nixos sddm-helper[2626]: [PAM] Starting...
Apr 16 17:48:36 nixos sddm-helper[2626]: [PAM] Authenticating...
Apr 16 17:48:36 nixos sddm-helper[2626]: [PAM] returning.
Apr 16 17:48:36 nixos sddm[2624]: Greeter session started successfully
Apr 16 17:48:36 nixos sddm-helper[2626]: [PAM] Closing session
Apr 16 17:48:36 nixos sddm-helper[2626]: [PAM] Ended.
Apr 16 17:48:36 nixos sddm[2624]: Auth: sddm-helper exited with 5
Apr 16 17:48:36 nixos sddm[2624]: Greeter stopped. SDDM::Auth::HELPER_TTY_ERROR
Apr 16 17:48:36 nixos sddm[2624]: Jumping to VT 1
Apr 16 17:48:36 nixos sddm[2624]: VT mode didn't need to be fixed
Apr 16 17:48:36 nixos sddm[2624]: Socket server stopping...
Apr 16 17:48:36 nixos sddm[2624]: Socket server stopped.
Apr 16 17:48:36 nixos sddm[2624]: Removing display SDDM::Display(0x55c1b60aae90) ...
Apr 16 17:48:36 nixos sddm[2624]: Adding new display...
Apr 16 17:48:36 nixos sddm[2624]: Loaded empty theme configuration
Apr 16 17:48:36 nixos sddm[2624]: Using VT 1
Apr 16 17:48:36 nixos sddm[2624]: Display server started.
Apr 16 17:48:36 nixos sddm[2624]: Socket server starting...
Apr 16 17:48:36 nixos sddm[2624]: Socket server started.
Apr 16 17:48:36 nixos sddm[2624]: Loaded empty theme configuration
Apr 16 17:48:36 nixos sddm[2624]: Greeter starting...
Apr 16 17:48:36 nixos sddm-helper[2633]: [PAM] Starting...
Apr 16 17:48:36 nixos sddm-helper[2633]: [PAM] Authenticating...
Apr 16 17:48:36 nixos sddm-helper[2633]: [PAM] returning.
Apr 16 17:48:36 nixos sddm[2624]: Greeter session started successfully
Apr 16 17:48:36 nixos sddm-helper[2633]: [PAM] Closing session
Apr 16 17:48:36 nixos sddm-helper[2633]: [PAM] Ended.
Apr 16 17:48:36 nixos sddm[2624]: Auth: sddm-helper exited with 5
Apr 16 17:48:36 nixos sddm[2624]: Greeter stopped. SDDM::Auth::HELPER_TTY_ERROR
Apr 16 17:48:36 nixos sddm[2624]: Jumping to VT 1
Apr 16 17:48:36 nixos sddm[2624]: VT mode didn't need to be fixed
Apr 16 17:48:36 nixos sddm[2624]: Socket server stopping...
Apr 16 17:48:36 nixos sddm[2624]: Socket server stopped.
Apr 16 17:48:36 nixos sddm[2624]: Removing display SDDM::Display(0x55c1b60f2280) ...
Apr 16 17:48:36 nixos sddm[2624]: Adding new display...
Apr 16 17:48:36 nixos sddm[2624]: Loaded empty theme configuration
Apr 16 17:48:36 nixos sddm[2624]: Using VT 1
Apr 16 17:48:36 nixos sddm[2624]: Display server started.
Apr 16 17:48:36 nixos sddm[2624]: Socket server starting...
Apr 16 17:48:36 nixos sddm[2624]: Socket server started.
Apr 16 17:48:36 nixos sddm[2624]: Loaded empty theme configuration
Apr 16 17:48:36 nixos sddm[2624]: Greeter starting...
Apr 16 17:48:36 nixos sddm-helper[2644]: [PAM] Starting...
Apr 16 17:48:36 nixos sddm-helper[2644]: [PAM] Authenticating...
Apr 16 17:48:36 nixos sddm-helper[2644]: [PAM] returning.
Apr 16 17:48:36 nixos sddm[2624]: Greeter session started successfully
Apr 16 17:48:36 nixos sddm-helper[2644]: [PAM] Closing session
Apr 16 17:48:36 nixos sddm-helper[2644]: [PAM] Ended.
Apr 16 17:48:36 nixos sddm[2624]: Auth: sddm-helper exited with 5
Apr 16 17:48:36 nixos sddm[2624]: Greeter stopped. SDDM::Auth::HELPER_TTY_ERROR
Apr 16 17:48:36 nixos sddm[2624]: Jumping to VT 1
Apr 16 17:48:36 nixos sddm[2624]: VT mode didn't need to be fixed
Apr 16 17:48:36 nixos sddm[2624]: Socket server stopping...
Apr 16 17:48:36 nixos sddm[2624]: Socket server stopped.
Apr 16 17:48:36 nixos sddm[2624]: Removing display SDDM::Display(0x55c1b60b6240) ...
Apr 16 17:48:36 nixos sddm[2624]: Adding new display...
Apr 16 17:48:36 nixos sddm[2624]: Loaded empty theme configuration
Apr 16 17:48:36 nixos sddm[2624]: Using VT 1
Apr 16 17:48:36 nixos sddm[2624]: Display server started.
Apr 16 17:48:36 nixos sddm[2624]: Socket server starting...
Apr 16 17:48:36 nixos sddm[2624]: Socket server started.
Apr 16 17:48:36 nixos sddm[2624]: Loaded empty theme configuration
Apr 16 17:48:36 nixos sddm[2624]: Greeter starting...
Apr 16 17:48:36 nixos sddm-helper[2652]: [PAM] Starting...
Apr 16 17:48:36 nixos sddm-helper[2652]: [PAM] Authenticating...
Apr 16 17:48:36 nixos sddm-helper[2652]: [PAM] returning.
Apr 16 17:48:36 nixos sddm[2624]: Greeter session started successfully
Apr 16 17:48:36 nixos sddm-helper[2652]: [PAM] Closing session
Apr 16 17:48:36 nixos sddm-helper[2652]: [PAM] Ended.
Apr 16 17:48:36 nixos sddm[2624]: Auth: sddm-helper exited with 5
Apr 16 17:48:36 nixos sddm[2624]: Greeter stopped. SDDM::Auth::HELPER_TTY_ERROR
Apr 16 17:48:36 nixos sddm[2624]: Jumping to VT 1
Apr 16 17:48:36 nixos sddm[2624]: VT mode didn't need to be fixed
Apr 16 17:48:36 nixos sddm[2624]: Socket server stopping...
Apr 16 17:48:36 nixos sddm[2624]: Socket server stopped.
Apr 16 17:48:36 nixos sddm[2624]: Removing display SDDM::Display(0x55c1b60cba30) ...
Apr 16 17:48:36 nixos sddm[2624]: Adding new display...
Apr 16 17:48:36 nixos sddm[2624]: Loaded empty theme configuration
Apr 16 17:48:36 nixos sddm[2624]: Using VT 1
Apr 16 17:48:36 nixos sddm[2624]: Display server started.
Apr 16 17:48:36 nixos sddm[2624]: Socket server starting...
Apr 16 17:48:36 nixos sddm[2624]: Socket server started.
Apr 16 17:48:36 nixos sddm[2624]: Loaded empty theme configuration
Apr 16 17:48:36 nixos sddm[2624]: Greeter starting...
Apr 16 17:48:36 nixos sddm-helper[2661]: [PAM] Starting...
Apr 16 17:48:36 nixos sddm-helper[2661]: [PAM] Authenticating...
Apr 16 17:48:36 nixos sddm-helper[2661]: [PAM] returning.
Apr 16 17:48:36 nixos sddm[2624]: Greeter session started successfully
Apr 16 17:48:36 nixos sddm-helper[2661]: [PAM] Closing session
Apr 16 17:48:36 nixos sddm-helper[2661]: [PAM] Ended.
Apr 16 17:48:36 nixos sddm[2624]: Auth: sddm-helper exited with 5
Apr 16 17:48:36 nixos sddm[2624]: Greeter stopped. SDDM::Auth::HELPER_TTY_ERROR
Apr 16 17:48:36 nixos sddm[2624]: Jumping to VT 1
Apr 16 17:48:36 nixos sddm[2624]: VT mode didn't need to be fixed
Apr 16 17:48:36 nixos sddm[2624]: Socket server stopping...
Apr 16 17:48:36 nixos sddm[2624]: Socket server stopped.
Apr 16 17:48:36 nixos sddm[2624]: Removing display SDDM::Display(0x55c1b60c4720) ...
Apr 16 17:48:36 nixos sddm[2624]: Adding new display...
Apr 16 17:48:36 nixos sddm[2624]: Loaded empty theme configuration
Apr 16 17:48:36 nixos sddm[2624]: Using VT 1
Apr 16 17:48:36 nixos sddm[2624]: Display server started.
Apr 16 17:48:36 nixos sddm[2624]: Socket server starting...
Apr 16 17:48:36 nixos sddm[2624]: Socket server started.
Apr 16 17:48:36 nixos sddm[2624]: Loaded empty theme configuration
Apr 16 17:48:36 nixos sddm[2624]: Greeter starting...
Apr 16 17:48:36 nixos sddm-helper[2671]: [PAM] Starting...
Apr 16 17:48:36 nixos sddm-helper[2671]: [PAM] Authenticating...
Apr 16 17:48:36 nixos sddm-helper[2671]: [PAM] returning.
Apr 16 17:48:36 nixos sddm[2624]: Greeter session started successfully
Apr 16 17:48:36 nixos sddm-helper[2671]: [PAM] Closing session
Apr 16 17:48:36 nixos sddm-helper[2671]: [PAM] Ended.
Apr 16 17:48:36 nixos sddm[2624]: Auth: sddm-helper exited with 5
Apr 16 17:48:36 nixos sddm[2624]: Greeter stopped. SDDM::Auth::HELPER_TTY_ERROR
Apr 16 17:48:36 nixos sddm[2624]: Jumping to VT 1
Apr 16 17:48:36 nixos sddm[2624]: VT mode didn't need to be fixed
Apr 16 17:48:36 nixos sddm[2624]: Socket server stopping...
Apr 16 17:48:36 nixos sddm[2624]: Socket server stopped.
Apr 16 17:48:36 nixos sddm[2624]: Removing display SDDM::Display(0x55c1b60cb2f0) ...
Apr 16 17:48:36 nixos sddm[2624]: Adding new display...
Apr 16 17:48:36 nixos sddm[2624]: Loaded empty theme configuration
Apr 16 17:48:36 nixos sddm[2624]: Using VT 1
Apr 16 17:48:36 nixos sddm[2624]: Display server started.
Apr 16 17:48:36 nixos sddm[2624]: Socket server starting...
Apr 16 17:48:36 nixos sddm[2624]: Socket server started.
Apr 16 17:48:36 nixos sddm[2624]: Loaded empty theme configuration
Apr 16 17:48:36 nixos sddm[2624]: Greeter starting...
Apr 16 17:48:36 nixos sddm[2624]: Socket server stopping...
Apr 16 17:48:36 nixos sddm[2624]: Socket server stopped.
Apr 16 17:48:36 nixos sddm[2624]: Auth: sddm-helper (--socket /tmp/sddm-auth-0e28a4c9-f6af-4795-8dfc-47cc19f28536 --id 14 --start /nix/store/wq8fhgk8svh53pw0zb5dsy3lrab98m4c-sddm-wrapped/bin/sddm-greeter-qt6 --socket /tmp/sddm--NtLHhr --user sddm --display-server /nix/store/9vfhpdj5w6bl5p5gl1mjihrp4flnw2m9-weston-15.0.0/bin/weston --shell=kiosk -c /nix/store/zrd9ppkv2mg02zwrba0ldchvsgljs2w9-weston.ini --greeter) crashed (exit code 1)
Apr 16 17:48:36 nixos sddm[2624]: Auth: sddm-helper exited with 15
Apr 16 17:48:36 nixos systemd[1]: display-manager.service: Main process exited, code=exited, status=23/n/a
Apr 16 17:48:36 nixos systemd[1]: display-manager.service: Failed with result 'exit-code'.
Apr 16 17:48:37 nixos systemd[1]: display-manager.service: Scheduled restart job, restart counter is at 3.
Apr 16 17:48:37 nixos systemd[1]: display-manager.service: Start request repeated too quickly.
Apr 16 17:48:37 nixos systemd[1]: display-manager.service: Failed with result 'exit-code'.
Apr 16 17:48:37 nixos systemd[1]: Failed to start Display Manager.
Apr 16 17:52:16 nixos systemd[1]: Starting Display Manager...
Apr 16 17:52:16 nixos systemd[1]: Started Display Manager.
Apr 16 17:52:16 nixos sddm[4667]: Initializing...
Apr 16 17:52:16 nixos sddm[4667]: Starting...
Apr 16 17:52:16 nixos sddm[4667]: Logind interface found
Apr 16 17:52:16 nixos sddm[4667]: Adding new display...
Apr 16 17:52:16 nixos sddm[4667]: Loaded empty theme configuration
Apr 16 17:52:16 nixos sddm[4667]: Xauthority path: "/run/sddm/xauth_UVVOjr"
Apr 16 17:52:16 nixos sddm[4667]: Using VT 2
Apr 16 17:52:16 nixos sddm[4667]: Display server starting...
Apr 16 17:52:16 nixos sddm[4667]: Writing cookie to "/run/sddm/xauth_UVVOjr"
Apr 16 17:52:16 nixos sddm[4667]: Running: /nix/store/xbc4yn8cvnw42za12bz5fjjj527gbmmw-xserver-wrapper -nolisten tcp -background none -seat seat0 vt2 -auth /run/sddm/xauth_UVVOjr -noreset -displayfd 16
Apr 16 17:52:16 nixos xserver-wrapper[4669]: X.Org X Server 1.21.1.21
Apr 16 17:52:16 nixos xserver-wrapper[4669]: X Protocol Version 11, Revision 0
Apr 16 17:52:16 nixos xserver-wrapper[4669]: Current Operating System: Linux nixos 6.18.22 #1-NixOS SMP PREEMPT_DYNAMIC Sat Apr 11 12:26:52 UTC 2026 x86_64
Apr 16 17:52:16 nixos xserver-wrapper[4669]: Kernel command line: initrd=\EFI\nixos\3srzzywq7nplckw2y25m8n0mm26xd37b-initrd-linux-6.18.22-initrd.efi init=/nix/store/nzzmjp0yc55cw2y3hzy47nm336ba1lbm-nixos-system-nixos-26.05.20260414.4bd9165/init nvidia-drm.modeset=1 nvidia-drm.fbdev=1 root=fstab loglevel=4 lsm=landlock,yama,bpf nvidia-drm.modeset=1 nvidia-drm.fbdev=1 systemd.unit=rescue.target
Apr 16 17:52:16 nixos xserver-wrapper[4669]:  
Apr 16 17:52:16 nixos xserver-wrapper[4669]: Current version of pixman: 0.46.4
Apr 16 17:52:16 nixos xserver-wrapper[4669]:         Before reporting problems, check http://wiki.x.org
Apr 16 17:52:16 nixos xserver-wrapper[4669]:         to make sure that you have the latest version.
Apr 16 17:52:16 nixos xserver-wrapper[4669]: Markers: (--) probed, (**) from config file, (==) default setting,
Apr 16 17:52:16 nixos xserver-wrapper[4669]:         (++) from command line, (!!) notice, (II) informational,
Apr 16 17:52:16 nixos xserver-wrapper[4669]:         (WW) warning, (EE) error, (NI) not implemented, (??) unknown.
Apr 16 17:52:16 nixos xserver-wrapper[4669]: (++) Log file: "/dev/null", Time: Thu Apr 16 17:52:16 2026
Apr 16 17:52:16 nixos xserver-wrapper[4669]: (++) Using config file: "/nix/store/21m8n32liy3xnjrdhh9zkssx1x7wih9n-xserver.conf"
Apr 16 17:52:16 nixos xserver-wrapper[4669]: (==) Using config directory: "/etc/X11/xorg.conf.d"
Apr 16 17:52:16 nixos xserver-wrapper[4669]: (==) Using system config directory "/nix/store/g88acx6rngz2vsvf65cx56vk41n9r7gm-xorg-server-21.1.21/share/X11/xorg.conf.d"
Apr 16 17:52:16 nixos xserver-wrapper[4669]: (==) ServerLayout "Layout[all]"
Apr 16 17:52:16 nixos xserver-wrapper[4669]: (**) |-->Screen "Screen-nvidia[0]" (0)
Apr 16 17:52:16 nixos xserver-wrapper[4669]: (**) |   |-->Monitor "<default monitor>"
Apr 16 17:52:16 nixos xserver-wrapper[4669]: (**) |   |-->Device "Device-nvidia[0]"
Apr 16 17:52:16 nixos xserver-wrapper[4669]: (==) No monitor specified for screen "Screen-nvidia[0]".
Apr 16 17:52:16 nixos xserver-wrapper[4669]:         Using a default monitor configuration.
Apr 16 17:52:16 nixos xserver-wrapper[4669]: (**) Option "DontZap" "on"
Apr 16 17:52:16 nixos xserver-wrapper[4669]: (**) Option "AllowMouseOpenFail" "on"
Apr 16 17:52:16 nixos xserver-wrapper[4669]: (**) Allowing byte-swapped clients
Apr 16 17:52:16 nixos xserver-wrapper[4669]: (==) Automatically adding devices
Apr 16 17:52:16 nixos xserver-wrapper[4669]: (==) Automatically enabling devices
Apr 16 17:52:16 nixos xserver-wrapper[4669]: (==) Automatically adding GPU devices
Apr 16 17:52:16 nixos xserver-wrapper[4669]: (==) Automatically binding GPU devices
Apr 16 17:52:16 nixos xserver-wrapper[4669]: (==) Max clients allowed: 256, resource mask: 0x1fffff
Apr 16 17:52:16 nixos xserver-wrapper[4669]: (WW) The directory "/nix/store/l6qlx376axs4kmakp2l564ran3m8rgpj-font-util-1.4.1/share/fonts/X11/misc" does not exist.
Apr 16 17:52:16 nixos xserver-wrapper[4669]:         Entry deleted from font path.
Apr 16 17:52:16 nixos xserver-wrapper[4669]: (WW) The directory "/nix/store/l6qlx376axs4kmakp2l564ran3m8rgpj-font-util-1.4.1/share/fonts/X11/TTF" does not exist.
Apr 16 17:52:16 nixos xserver-wrapper[4669]:         Entry deleted from font path.
Apr 16 17:52:16 nixos xserver-wrapper[4669]: (WW) The directory "/nix/store/l6qlx376axs4kmakp2l564ran3m8rgpj-font-util-1.4.1/share/fonts/X11/OTF" does not exist.
Apr 16 17:52:16 nixos xserver-wrapper[4669]:         Entry deleted from font path.
Apr 16 17:52:16 nixos xserver-wrapper[4669]: (WW) The directory "/nix/store/l6qlx376axs4kmakp2l564ran3m8rgpj-font-util-1.4.1/share/fonts/X11/Type1" does not exist.
Apr 16 17:52:16 nixos xserver-wrapper[4669]:         Entry deleted from font path.
Apr 16 17:52:16 nixos xserver-wrapper[4669]: (WW) The directory "/nix/store/l6qlx376axs4kmakp2l564ran3m8rgpj-font-util-1.4.1/share/fonts/X11/100dpi" does not exist.
Apr 16 17:52:16 nixos xserver-wrapper[4669]:         Entry deleted from font path.
Apr 16 17:52:16 nixos xserver-wrapper[4669]: (WW) The directory "/nix/store/l6qlx376axs4kmakp2l564ran3m8rgpj-font-util-1.4.1/share/fonts/X11/75dpi" does not exist.
Apr 16 17:52:16 nixos xserver-wrapper[4669]:         Entry deleted from font path.
Apr 16 17:52:16 nixos xserver-wrapper[4669]: (**) FontPath set to:
Apr 16 17:52:16 nixos xserver-wrapper[4669]:         /nix/store/bv8d7nyinzicmgdiy4l5m9rcshbg2qrv-font-cursor-misc-1.0.4/share/fonts/X11/misc,
Apr 16 17:52:16 nixos xserver-wrapper[4669]:         /nix/store/apfxgpnk18yjgp9aazx6v3mq3j4lyy0m-font-misc-misc-1.1.3/share/fonts/X11/misc,
Apr 16 17:52:16 nixos xserver-wrapper[4669]:         /nix/store/j6fil6mv9bdi7aff7gmiwza7l3qif898-unifont-17.0.04/share/fonts,
Apr 16 17:52:16 nixos xserver-wrapper[4669]:         /nix/store/dnfrcq0pz25wg16mn6k7xxmddr551wnd-font-adobe-100dpi-1.0.4/share/fonts/X11/100dpi,
Apr 16 17:52:16 nixos xserver-wrapper[4669]:         /nix/store/l129xrsjka07c8mrjv1v047zirm8xvpp-font-adobe-75dpi-1.0.4/share/fonts/X11/75dpi
Apr 16 17:52:16 nixos xserver-wrapper[4669]: (**) ModulePath set to "/nix/store/6m5ylh349svnjcby76v633f8pllghrxj-nvidia-x11-595.58.03-6.18.22-bin/lib/xorg/modules,/nix/store/g88acx6rngz2vsvf65cx56vk41n9r7gm-xorg-server-21.1.21/lib/xorg/modules,/nix/store/vy6f52kwq3s5xgrmxz35iyl9cjfx350r-xf86-input-evdev-2.11.0/lib/xorg/modules,/nix/store/vfgbhbcpg4ppgmgs1g8ajjgfafq0ylgm-xf86-input-libinput-1.5.0/lib/xorg/modules"
Apr 16 17:52:16 nixos xserver-wrapper[4669]: (II) The server relies on udev to provide the list of input devices.
Apr 16 17:52:16 nixos xserver-wrapper[4669]:         If no devices become available, reconfigure udev or disable AutoAddDevices.
Apr 16 17:52:16 nixos xserver-wrapper[4669]: (II) Module ABI versions:
Apr 16 17:52:16 nixos xserver-wrapper[4669]:         X.Org ANSI C Emulation: 0.4
Apr 16 17:52:16 nixos xserver-wrapper[4669]:         X.Org Video Driver: 25.2
Apr 16 17:52:16 nixos xserver-wrapper[4669]:         X.Org XInput driver : 24.4
Apr 16 17:52:16 nixos xserver-wrapper[4669]:         X.Org Server Extension : 10.0
Apr 16 17:52:16 nixos xserver-wrapper[4669]: (++) using VT number 2
Apr 16 17:52:16 nixos xserver-wrapper[4669]: (II) systemd-logind: logind integration requires -keeptty and -keeptty was not provided, disabling logind integration
Apr 16 17:52:16 nixos xserver-wrapper[4669]: (II) xfree86: Adding drm device (/dev/dri/card0)
Apr 16 17:52:16 nixos xserver-wrapper[4669]: (II) Platform probe for /sys/devices/pci0000:00/0000:00:03.1/0000:1c:00.0/simple-framebuffer.0/drm/card0
Apr 16 17:52:16 nixos xserver-wrapper[4669]: (--) PCI:*(28@0:0:0) 10de:1b80:10de:119e rev 161, Mem @ 0xf6000000/16777216, 0xe0000000/268435456, 0xf0000000/33554432, I/O @ 0x0000e000/128, BIOS @ 0x????????/131072
Apr 16 17:52:16 nixos xserver-wrapper[4669]: (WW) Open ACPI failed (/var/run/acpid.socket) (No such file or directory)
Apr 16 17:52:16 nixos xserver-wrapper[4669]: (II) "glx" will be loaded by default.
Apr 16 17:52:16 nixos xserver-wrapper[4669]: (II) LoadModule: "glx"
Apr 16 17:52:16 nixos xserver-wrapper[4669]: (II) Loading /nix/store/g88acx6rngz2vsvf65cx56vk41n9r7gm-xorg-server-21.1.21/lib/xorg/modules/extensions/libglx.so
Apr 16 17:52:16 nixos xserver-wrapper[4669]: (II) Module glx: vendor="X.Org Foundation"
Apr 16 17:52:16 nixos xserver-wrapper[4669]:         compiled for 1.21.1.21, module version = 1.0.0
Apr 16 17:52:16 nixos xserver-wrapper[4669]:         ABI class: X.Org Server Extension, version 10.0
Apr 16 17:52:16 nixos xserver-wrapper[4669]: (II) LoadModule: "nvidia"
Apr 16 17:52:16 nixos xserver-wrapper[4669]: (II) Loading /nix/store/6m5ylh349svnjcby76v633f8pllghrxj-nvidia-x11-595.58.03-6.18.22-bin/lib/xorg/modules/drivers/nvidia_drv.so
Apr 16 17:52:16 nixos xserver-wrapper[4669]: (II) Module nvidia: vendor="NVIDIA Corporation"
Apr 16 17:52:16 nixos xserver-wrapper[4669]:         compiled for 1.16.99.901, module version = 1.0.0
Apr 16 17:52:16 nixos xserver-wrapper[4669]:         Module class: X.Org Video Driver
Apr 16 17:52:16 nixos xserver-wrapper[4669]: (II) NVIDIA dlloader X Driver  595.58.03  Tue Mar 17 19:40:22 UTC 2026
Apr 16 17:52:16 nixos xserver-wrapper[4669]: (II) NVIDIA Unified Driver for all Supported NVIDIA GPUs
Apr 16 17:52:16 nixos xserver-wrapper[4669]: (II) Loading sub module "fb"
Apr 16 17:52:16 nixos xserver-wrapper[4669]: (II) LoadModule: "fb"
Apr 16 17:52:16 nixos xserver-wrapper[4669]: (II) Module "fb" already built-in
Apr 16 17:52:16 nixos xserver-wrapper[4669]: (II) Loading sub module "wfb"
Apr 16 17:52:16 nixos xserver-wrapper[4669]: (II) LoadModule: "wfb"
Apr 16 17:52:16 nixos xserver-wrapper[4669]: (II) Loading /nix/store/g88acx6rngz2vsvf65cx56vk41n9r7gm-xorg-server-21.1.21/lib/xorg/modules/libwfb.so
Apr 16 17:52:16 nixos xserver-wrapper[4669]: (II) Module wfb: vendor="X.Org Foundation"
Apr 16 17:52:16 nixos xserver-wrapper[4669]:         compiled for 1.21.1.21, module version = 1.0.0
Apr 16 17:52:16 nixos xserver-wrapper[4669]:         ABI class: X.Org ANSI C Emulation, version 0.4
Apr 16 17:52:16 nixos xserver-wrapper[4669]: (WW) NVIDIA(0): The NVIDIA NVIDIA GeForce GTX 1080 GPU installed in this
Apr 16 17:52:16 nixos xserver-wrapper[4669]: (WW) NVIDIA(0):     system is supported through the NVIDIA 580.xx Legacy
Apr 16 17:52:16 nixos xserver-wrapper[4669]: (WW) NVIDIA(0):     drivers. Please visit
Apr 16 17:52:16 nixos xserver-wrapper[4669]: (WW) NVIDIA(0):     http://www.nvidia.com/object/unix.html for more
Apr 16 17:52:16 nixos xserver-wrapper[4669]: (WW) NVIDIA(0):     information.  The 595.58.03 NVIDIA driver will ignore this
Apr 16 17:52:16 nixos xserver-wrapper[4669]: (WW) NVIDIA(0):     GPU.  Continuing probe...
Apr 16 17:52:16 nixos xserver-wrapper[4669]: (EE) No devices detected.
Apr 16 17:52:16 nixos xserver-wrapper[4669]: (EE)
Apr 16 17:52:16 nixos xserver-wrapper[4669]: Fatal server error:
Apr 16 17:52:16 nixos xserver-wrapper[4669]: (EE) no screens found(EE)
Apr 16 17:52:16 nixos xserver-wrapper[4669]: (EE)
Apr 16 17:52:16 nixos xserver-wrapper[4669]: Please consult the The X.Org Foundation support
Apr 16 17:52:16 nixos xserver-wrapper[4669]:          at http://wiki.x.org
Apr 16 17:52:16 nixos xserver-wrapper[4669]:  for help.
Apr 16 17:52:16 nixos xserver-wrapper[4669]: (EE) Please also check the log file at "/dev/null" for additional information.
Apr 16 17:52:16 nixos xserver-wrapper[4669]: (EE)
Apr 16 17:52:16 nixos xserver-wrapper[4669]: (EE) Server terminated with error (1). Closing log file.
Apr 16 17:52:16 nixos sddm[4667]: Failed to read display number from pipe
Apr 16 17:52:16 nixos sddm[4667]: Display server stopping...
Apr 16 17:52:16 nixos sddm[4667]: Attempt 1 starting the Display server on vt 2 failed
Apr 16 17:52:18 nixos sddm[4667]: Display server starting...
Apr 16 17:52:18 nixos sddm[4667]: Writing cookie to "/run/sddm/xauth_UVVOjr"
Apr 16 17:52:18 nixos sddm[4667]: Running: /nix/store/xbc4yn8cvnw42za12bz5fjjj527gbmmw-xserver-wrapper -nolisten tcp -background none -seat seat0 vt2 -auth /run/sddm/xauth_UVVOjr -noreset -displayfd 16
Apr 16 17:52:18 nixos xserver-wrapper[4672]: X.Org X Server 1.21.1.21
Apr 16 17:52:18 nixos xserver-wrapper[4672]: X Protocol Version 11, Revision 0
Apr 16 17:52:18 nixos xserver-wrapper[4672]: Current Operating System: Linux nixos 6.18.22 #1-NixOS SMP PREEMPT_DYNAMIC Sat Apr 11 12:26:52 UTC 2026 x86_64
Apr 16 17:52:18 nixos xserver-wrapper[4672]: Kernel command line: initrd=\EFI\nixos\3srzzywq7nplckw2y25m8n0mm26xd37b-initrd-linux-6.18.22-initrd.efi init=/nix/store/nzzmjp0yc55cw2y3hzy47nm336ba1lbm-nixos-system-nixos-26.05.20260414.4bd9165/init nvidia-drm.modeset=1 nvidia-drm.fbdev=1 root=fstab loglevel=4 lsm=landlock,yama,bpf nvidia-drm.modeset=1 nvidia-drm.fbdev=1 systemd.unit=rescue.target
Apr 16 17:52:18 nixos xserver-wrapper[4672]:  
Apr 16 17:52:18 nixos xserver-wrapper[4672]: Current version of pixman: 0.46.4
Apr 16 17:52:18 nixos xserver-wrapper[4672]:         Before reporting problems, check http://wiki.x.org
Apr 16 17:52:18 nixos xserver-wrapper[4672]:         to make sure that you have the latest version.
Apr 16 17:52:18 nixos xserver-wrapper[4672]: Markers: (--) probed, (**) from config file, (==) default setting,
Apr 16 17:52:18 nixos xserver-wrapper[4672]:         (++) from command line, (!!) notice, (II) informational,
Apr 16 17:52:18 nixos xserver-wrapper[4672]:         (WW) warning, (EE) error, (NI) not implemented, (??) unknown.
Apr 16 17:52:18 nixos xserver-wrapper[4672]: (++) Log file: "/dev/null", Time: Thu Apr 16 17:52:18 2026
Apr 16 17:52:18 nixos xserver-wrapper[4672]: (++) Using config file: "/nix/store/21m8n32liy3xnjrdhh9zkssx1x7wih9n-xserver.conf"
Apr 16 17:52:18 nixos xserver-wrapper[4672]: (==) Using config directory: "/etc/X11/xorg.conf.d"
Apr 16 17:52:18 nixos xserver-wrapper[4672]: (==) Using system config directory "/nix/store/g88acx6rngz2vsvf65cx56vk41n9r7gm-xorg-server-21.1.21/share/X11/xorg.conf.d"
Apr 16 17:52:18 nixos xserver-wrapper[4672]: (==) ServerLayout "Layout[all]"
Apr 16 17:52:18 nixos xserver-wrapper[4672]: (**) |-->Screen "Screen-nvidia[0]" (0)
Apr 16 17:52:18 nixos xserver-wrapper[4672]: (**) |   |-->Monitor "<default monitor>"
Apr 16 17:52:18 nixos xserver-wrapper[4672]: (**) |   |-->Device "Device-nvidia[0]"
Apr 16 17:52:18 nixos xserver-wrapper[4672]: (==) No monitor specified for screen "Screen-nvidia[0]".
Apr 16 17:52:18 nixos xserver-wrapper[4672]:         Using a default monitor configuration.
Apr 16 17:52:18 nixos xserver-wrapper[4672]: (**) Option "DontZap" "on"
Apr 16 17:52:18 nixos xserver-wrapper[4672]: (**) Option "AllowMouseOpenFail" "on"
Apr 16 17:52:18 nixos xserver-wrapper[4672]: (**) Allowing byte-swapped clients
Apr 16 17:52:18 nixos xserver-wrapper[4672]: (==) Automatically adding devices
Apr 16 17:52:18 nixos xserver-wrapper[4672]: (==) Automatically enabling devices
Apr 16 17:52:18 nixos xserver-wrapper[4672]: (==) Automatically adding GPU devices
Apr 16 17:52:18 nixos xserver-wrapper[4672]: (==) Automatically binding GPU devices
Apr 16 17:52:18 nixos xserver-wrapper[4672]: (==) Max clients allowed: 256, resource mask: 0x1fffff
Apr 16 17:52:18 nixos xserver-wrapper[4672]: (WW) The directory "/nix/store/l6qlx376axs4kmakp2l564ran3m8rgpj-font-util-1.4.1/share/fonts/X11/misc" does not exist.
Apr 16 17:52:18 nixos xserver-wrapper[4672]:         Entry deleted from font path.
Apr 16 17:52:18 nixos xserver-wrapper[4672]: (WW) The directory "/nix/store/l6qlx376axs4kmakp2l564ran3m8rgpj-font-util-1.4.1/share/fonts/X11/TTF" does not exist.
Apr 16 17:52:18 nixos xserver-wrapper[4672]:         Entry deleted from font path.
Apr 16 17:52:18 nixos xserver-wrapper[4672]: (WW) The directory "/nix/store/l6qlx376axs4kmakp2l564ran3m8rgpj-font-util-1.4.1/share/fonts/X11/OTF" does not exist.
Apr 16 17:52:18 nixos xserver-wrapper[4672]:         Entry deleted from font path.
Apr 16 17:52:18 nixos xserver-wrapper[4672]: (WW) The directory "/nix/store/l6qlx376axs4kmakp2l564ran3m8rgpj-font-util-1.4.1/share/fonts/X11/Type1" does not exist.
Apr 16 17:52:18 nixos xserver-wrapper[4672]:         Entry deleted from font path.
Apr 16 17:52:18 nixos xserver-wrapper[4672]: (WW) The directory "/nix/store/l6qlx376axs4kmakp2l564ran3m8rgpj-font-util-1.4.1/share/fonts/X11/100dpi" does not exist.
Apr 16 17:52:18 nixos xserver-wrapper[4672]:         Entry deleted from font path.
Apr 16 17:52:18 nixos xserver-wrapper[4672]: (WW) The directory "/nix/store/l6qlx376axs4kmakp2l564ran3m8rgpj-font-util-1.4.1/share/fonts/X11/75dpi" does not exist.
Apr 16 17:52:18 nixos xserver-wrapper[4672]:         Entry deleted from font path.
Apr 16 17:52:18 nixos xserver-wrapper[4672]: (**) FontPath set to:
Apr 16 17:52:18 nixos xserver-wrapper[4672]:         /nix/store/bv8d7nyinzicmgdiy4l5m9rcshbg2qrv-font-cursor-misc-1.0.4/share/fonts/X11/misc,
Apr 16 17:52:18 nixos xserver-wrapper[4672]:         /nix/store/apfxgpnk18yjgp9aazx6v3mq3j4lyy0m-font-misc-misc-1.1.3/share/fonts/X11/misc,
Apr 16 17:52:18 nixos xserver-wrapper[4672]:         /nix/store/j6fil6mv9bdi7aff7gmiwza7l3qif898-unifont-17.0.04/share/fonts,
Apr 16 17:52:18 nixos xserver-wrapper[4672]:         /nix/store/dnfrcq0pz25wg16mn6k7xxmddr551wnd-font-adobe-100dpi-1.0.4/share/fonts/X11/100dpi,
Apr 16 17:52:18 nixos xserver-wrapper[4672]:         /nix/store/l129xrsjka07c8mrjv1v047zirm8xvpp-font-adobe-75dpi-1.0.4/share/fonts/X11/75dpi
Apr 16 17:52:18 nixos xserver-wrapper[4672]: (**) ModulePath set to "/nix/store/6m5ylh349svnjcby76v633f8pllghrxj-nvidia-x11-595.58.03-6.18.22-bin/lib/xorg/modules,/nix/store/g88acx6rngz2vsvf65cx56vk41n9r7gm-xorg-server-21.1.21/lib/xorg/modules,/nix/store/vy6f52kwq3s5xgrmxz35iyl9cjfx350r-xf86-input-evdev-2.11.0/lib/xorg/modules,/nix/store/vfgbhbcpg4ppgmgs1g8ajjgfafq0ylgm-xf86-input-libinput-1.5.0/lib/xorg/modules"
Apr 16 17:52:18 nixos xserver-wrapper[4672]: (II) The server relies on udev to provide the list of input devices.
Apr 16 17:52:18 nixos xserver-wrapper[4672]:         If no devices become available, reconfigure udev or disable AutoAddDevices.
Apr 16 17:52:18 nixos xserver-wrapper[4672]: (II) Module ABI versions:
Apr 16 17:52:18 nixos xserver-wrapper[4672]:         X.Org ANSI C Emulation: 0.4
Apr 16 17:52:18 nixos xserver-wrapper[4672]:         X.Org Video Driver: 25.2
Apr 16 17:52:18 nixos xserver-wrapper[4672]:         X.Org XInput driver : 24.4
Apr 16 17:52:18 nixos xserver-wrapper[4672]:         X.Org Server Extension : 10.0
Apr 16 17:52:18 nixos xserver-wrapper[4672]: (++) using VT number 2
Apr 16 17:52:18 nixos xserver-wrapper[4672]: (II) systemd-logind: logind integration requires -keeptty and -keeptty was not provided, disabling logind integration
Apr 16 17:52:18 nixos xserver-wrapper[4672]: (II) xfree86: Adding drm device (/dev/dri/card0)
Apr 16 17:52:18 nixos xserver-wrapper[4672]: (II) Platform probe for /sys/devices/pci0000:00/0000:00:03.1/0000:1c:00.0/simple-framebuffer.0/drm/card0
Apr 16 17:52:18 nixos xserver-wrapper[4672]: (--) PCI:*(28@0:0:0) 10de:1b80:10de:119e rev 161, Mem @ 0xf6000000/16777216, 0xe0000000/268435456, 0xf0000000/33554432, I/O @ 0x0000e000/128, BIOS @ 0x????????/131072
Apr 16 17:52:18 nixos xserver-wrapper[4672]: (WW) Open ACPI failed (/var/run/acpid.socket) (No such file or directory)
Apr 16 17:52:18 nixos xserver-wrapper[4672]: (II) "glx" will be loaded by default.
Apr 16 17:52:18 nixos xserver-wrapper[4672]: (II) LoadModule: "glx"
Apr 16 17:52:18 nixos xserver-wrapper[4672]: (II) Loading /nix/store/g88acx6rngz2vsvf65cx56vk41n9r7gm-xorg-server-21.1.21/lib/xorg/modules/extensions/libglx.so
Apr 16 17:52:18 nixos xserver-wrapper[4672]: (II) Module glx: vendor="X.Org Foundation"
Apr 16 17:52:18 nixos xserver-wrapper[4672]:         compiled for 1.21.1.21, module version = 1.0.0
Apr 16 17:52:18 nixos xserver-wrapper[4672]:         ABI class: X.Org Server Extension, version 10.0
Apr 16 17:52:18 nixos xserver-wrapper[4672]: (II) LoadModule: "nvidia"
Apr 16 17:52:18 nixos xserver-wrapper[4672]: (II) Loading /nix/store/6m5ylh349svnjcby76v633f8pllghrxj-nvidia-x11-595.58.03-6.18.22-bin/lib/xorg/modules/drivers/nvidia_drv.so
Apr 16 17:52:18 nixos xserver-wrapper[4672]: (II) Module nvidia: vendor="NVIDIA Corporation"
Apr 16 17:52:18 nixos xserver-wrapper[4672]:         compiled for 1.16.99.901, module version = 1.0.0
Apr 16 17:52:18 nixos xserver-wrapper[4672]:         Module class: X.Org Video Driver
Apr 16 17:52:18 nixos xserver-wrapper[4672]: (II) NVIDIA dlloader X Driver  595.58.03  Tue Mar 17 19:40:22 UTC 2026
Apr 16 17:52:18 nixos xserver-wrapper[4672]: (II) NVIDIA Unified Driver for all Supported NVIDIA GPUs
Apr 16 17:52:18 nixos xserver-wrapper[4672]: (II) Loading sub module "fb"
Apr 16 17:52:18 nixos xserver-wrapper[4672]: (II) LoadModule: "fb"
Apr 16 17:52:18 nixos xserver-wrapper[4672]: (II) Module "fb" already built-in
Apr 16 17:52:18 nixos xserver-wrapper[4672]: (II) Loading sub module "wfb"
Apr 16 17:52:18 nixos xserver-wrapper[4672]: (II) LoadModule: "wfb"
Apr 16 17:52:18 nixos xserver-wrapper[4672]: (II) Loading /nix/store/g88acx6rngz2vsvf65cx56vk41n9r7gm-xorg-server-21.1.21/lib/xorg/modules/libwfb.so
Apr 16 17:52:18 nixos xserver-wrapper[4672]: (II) Module wfb: vendor="X.Org Foundation"
Apr 16 17:52:18 nixos xserver-wrapper[4672]:         compiled for 1.21.1.21, module version = 1.0.0
Apr 16 17:52:18 nixos xserver-wrapper[4672]:         ABI class: X.Org ANSI C Emulation, version 0.4
Apr 16 17:52:18 nixos xserver-wrapper[4672]: (WW) NVIDIA(0): The NVIDIA NVIDIA GeForce GTX 1080 GPU installed in this
Apr 16 17:52:18 nixos xserver-wrapper[4672]: (WW) NVIDIA(0):     system is supported through the NVIDIA 580.xx Legacy
Apr 16 17:52:18 nixos xserver-wrapper[4672]: (WW) NVIDIA(0):     drivers. Please visit
Apr 16 17:52:18 nixos xserver-wrapper[4672]: (WW) NVIDIA(0):     http://www.nvidia.com/object/unix.html for more
Apr 16 17:52:18 nixos xserver-wrapper[4672]: (WW) NVIDIA(0):     information.  The 595.58.03 NVIDIA driver will ignore this
Apr 16 17:52:18 nixos xserver-wrapper[4672]: (WW) NVIDIA(0):     GPU.  Continuing probe...
Apr 16 17:52:18 nixos xserver-wrapper[4672]: (EE) No devices detected.
Apr 16 17:52:18 nixos xserver-wrapper[4672]: (EE)
Apr 16 17:52:18 nixos xserver-wrapper[4672]: Fatal server error:
Apr 16 17:52:18 nixos xserver-wrapper[4672]: (EE) no screens found(EE)
Apr 16 17:52:18 nixos xserver-wrapper[4672]: (EE)
Apr 16 17:52:18 nixos xserver-wrapper[4672]: Please consult the The X.Org Foundation support
Apr 16 17:52:18 nixos xserver-wrapper[4672]:          at http://wiki.x.org
Apr 16 17:52:18 nixos xserver-wrapper[4672]:  for help.
Apr 16 17:52:18 nixos xserver-wrapper[4672]: (EE) Please also check the log file at "/dev/null" for additional information.
Apr 16 17:52:18 nixos xserver-wrapper[4672]: (EE)
Apr 16 17:52:18 nixos xserver-wrapper[4672]: (EE) Server terminated with error (1). Closing log file.
Apr 16 17:52:18 nixos sddm[4667]: Failed to read display number from pipe
Apr 16 17:52:18 nixos sddm[4667]: Display server stopping...
Apr 16 17:52:18 nixos sddm[4667]: Attempt 2 starting the Display server on vt 2 failed
Apr 16 17:52:20 nixos sddm[4667]: Display server starting...
Apr 16 17:52:20 nixos sddm[4667]: Writing cookie to "/run/sddm/xauth_UVVOjr"
Apr 16 17:52:20 nixos sddm[4667]: Running: /nix/store/xbc4yn8cvnw42za12bz5fjjj527gbmmw-xserver-wrapper -nolisten tcp -background none -seat seat0 vt2 -auth /run/sddm/xauth_UVVOjr -noreset -displayfd 16
Apr 16 17:52:20 nixos xserver-wrapper[4676]: X.Org X Server 1.21.1.21
Apr 16 17:52:20 nixos xserver-wrapper[4676]: X Protocol Version 11, Revision 0
Apr 16 17:52:20 nixos xserver-wrapper[4676]: Current Operating System: Linux nixos 6.18.22 #1-NixOS SMP PREEMPT_DYNAMIC Sat Apr 11 12:26:52 UTC 2026 x86_64
Apr 16 17:52:20 nixos xserver-wrapper[4676]: Kernel command line: initrd=\EFI\nixos\3srzzywq7nplckw2y25m8n0mm26xd37b-initrd-linux-6.18.22-initrd.efi init=/nix/store/nzzmjp0yc55cw2y3hzy47nm336ba1lbm-nixos-system-nixos-26.05.20260414.4bd9165/init nvidia-drm.modeset=1 nvidia-drm.fbdev=1 root=fstab loglevel=4 lsm=landlock,yama,bpf nvidia-drm.modeset=1 nvidia-drm.fbdev=1 systemd.unit=rescue.target
Apr 16 17:52:20 nixos xserver-wrapper[4676]:  
Apr 16 17:52:20 nixos xserver-wrapper[4676]: Current version of pixman: 0.46.4
Apr 16 17:52:20 nixos xserver-wrapper[4676]:         Before reporting problems, check http://wiki.x.org
Apr 16 17:52:20 nixos xserver-wrapper[4676]:         to make sure that you have the latest version.
Apr 16 17:52:20 nixos xserver-wrapper[4676]: Markers: (--) probed, (**) from config file, (==) default setting,
Apr 16 17:52:20 nixos xserver-wrapper[4676]:         (++) from command line, (!!) notice, (II) informational,
Apr 16 17:52:20 nixos xserver-wrapper[4676]:         (WW) warning, (EE) error, (NI) not implemented, (??) unknown.
Apr 16 17:52:20 nixos xserver-wrapper[4676]: (++) Log file: "/dev/null", Time: Thu Apr 16 17:52:20 2026
Apr 16 17:52:20 nixos xserver-wrapper[4676]: (++) Using config file: "/nix/store/21m8n32liy3xnjrdhh9zkssx1x7wih9n-xserver.conf"
Apr 16 17:52:20 nixos xserver-wrapper[4676]: (==) Using config directory: "/etc/X11/xorg.conf.d"
Apr 16 17:52:20 nixos xserver-wrapper[4676]: (==) Using system config directory "/nix/store/g88acx6rngz2vsvf65cx56vk41n9r7gm-xorg-server-21.1.21/share/X11/xorg.conf.d"
Apr 16 17:52:20 nixos xserver-wrapper[4676]: (==) ServerLayout "Layout[all]"
Apr 16 17:52:20 nixos xserver-wrapper[4676]: (**) |-->Screen "Screen-nvidia[0]" (0)
Apr 16 17:52:20 nixos xserver-wrapper[4676]: (**) |   |-->Monitor "<default monitor>"
Apr 16 17:52:20 nixos xserver-wrapper[4676]: (**) |   |-->Device "Device-nvidia[0]"
Apr 16 17:52:20 nixos xserver-wrapper[4676]: (==) No monitor specified for screen "Screen-nvidia[0]".
Apr 16 17:52:20 nixos xserver-wrapper[4676]:         Using a default monitor configuration.
Apr 16 17:52:20 nixos xserver-wrapper[4676]: (**) Option "DontZap" "on"
Apr 16 17:52:20 nixos xserver-wrapper[4676]: (**) Option "AllowMouseOpenFail" "on"
Apr 16 17:52:20 nixos xserver-wrapper[4676]: (**) Allowing byte-swapped clients
Apr 16 17:52:20 nixos xserver-wrapper[4676]: (==) Automatically adding devices
Apr 16 17:52:20 nixos xserver-wrapper[4676]: (==) Automatically enabling devices
Apr 16 17:52:20 nixos xserver-wrapper[4676]: (==) Automatically adding GPU devices
Apr 16 17:52:20 nixos xserver-wrapper[4676]: (==) Automatically binding GPU devices
Apr 16 17:52:20 nixos xserver-wrapper[4676]: (==) Max clients allowed: 256, resource mask: 0x1fffff
Apr 16 17:52:20 nixos xserver-wrapper[4676]: (WW) The directory "/nix/store/l6qlx376axs4kmakp2l564ran3m8rgpj-font-util-1.4.1/share/fonts/X11/misc" does not exist.
Apr 16 17:52:20 nixos xserver-wrapper[4676]:         Entry deleted from font path.
Apr 16 17:52:20 nixos xserver-wrapper[4676]: (WW) The directory "/nix/store/l6qlx376axs4kmakp2l564ran3m8rgpj-font-util-1.4.1/share/fonts/X11/TTF" does not exist.
Apr 16 17:52:20 nixos xserver-wrapper[4676]:         Entry deleted from font path.
Apr 16 17:52:20 nixos xserver-wrapper[4676]: (WW) The directory "/nix/store/l6qlx376axs4kmakp2l564ran3m8rgpj-font-util-1.4.1/share/fonts/X11/OTF" does not exist.
Apr 16 17:52:20 nixos xserver-wrapper[4676]:         Entry deleted from font path.
Apr 16 17:52:20 nixos xserver-wrapper[4676]: (WW) The directory "/nix/store/l6qlx376axs4kmakp2l564ran3m8rgpj-font-util-1.4.1/share/fonts/X11/Type1" does not exist.
Apr 16 17:52:20 nixos xserver-wrapper[4676]:         Entry deleted from font path.
Apr 16 17:52:20 nixos xserver-wrapper[4676]: (WW) The directory "/nix/store/l6qlx376axs4kmakp2l564ran3m8rgpj-font-util-1.4.1/share/fonts/X11/100dpi" does not exist.
Apr 16 17:52:20 nixos xserver-wrapper[4676]:         Entry deleted from font path.
Apr 16 17:52:20 nixos xserver-wrapper[4676]: (WW) The directory "/nix/store/l6qlx376axs4kmakp2l564ran3m8rgpj-font-util-1.4.1/share/fonts/X11/75dpi" does not exist.
Apr 16 17:52:20 nixos xserver-wrapper[4676]:         Entry deleted from font path.
Apr 16 17:52:20 nixos xserver-wrapper[4676]: (**) FontPath set to:
Apr 16 17:52:20 nixos xserver-wrapper[4676]:         /nix/store/bv8d7nyinzicmgdiy4l5m9rcshbg2qrv-font-cursor-misc-1.0.4/share/fonts/X11/misc,
Apr 16 17:52:20 nixos xserver-wrapper[4676]:         /nix/store/apfxgpnk18yjgp9aazx6v3mq3j4lyy0m-font-misc-misc-1.1.3/share/fonts/X11/misc,
Apr 16 17:52:20 nixos xserver-wrapper[4676]:         /nix/store/j6fil6mv9bdi7aff7gmiwza7l3qif898-unifont-17.0.04/share/fonts,
Apr 16 17:52:20 nixos xserver-wrapper[4676]:         /nix/store/dnfrcq0pz25wg16mn6k7xxmddr551wnd-font-adobe-100dpi-1.0.4/share/fonts/X11/100dpi,
Apr 16 17:52:20 nixos xserver-wrapper[4676]:         /nix/store/l129xrsjka07c8mrjv1v047zirm8xvpp-font-adobe-75dpi-1.0.4/share/fonts/X11/75dpi
Apr 16 17:52:20 nixos xserver-wrapper[4676]: (**) ModulePath set to "/nix/store/6m5ylh349svnjcby76v633f8pllghrxj-nvidia-x11-595.58.03-6.18.22-bin/lib/xorg/modules,/nix/store/g88acx6rngz2vsvf65cx56vk41n9r7gm-xorg-server-21.1.21/lib/xorg/modules,/nix/store/vy6f52kwq3s5xgrmxz35iyl9cjfx350r-xf86-input-evdev-2.11.0/lib/xorg/modules,/nix/store/vfgbhbcpg4ppgmgs1g8ajjgfafq0ylgm-xf86-input-libinput-1.5.0/lib/xorg/modules"
Apr 16 17:52:20 nixos xserver-wrapper[4676]: (II) The server relies on udev to provide the list of input devices.
Apr 16 17:52:20 nixos xserver-wrapper[4676]:         If no devices become available, reconfigure udev or disable AutoAddDevices.
Apr 16 17:52:20 nixos xserver-wrapper[4676]: (II) Module ABI versions:
Apr 16 17:52:20 nixos xserver-wrapper[4676]:         X.Org ANSI C Emulation: 0.4
Apr 16 17:52:20 nixos xserver-wrapper[4676]:         X.Org Video Driver: 25.2
Apr 16 17:52:20 nixos xserver-wrapper[4676]:         X.Org XInput driver : 24.4
Apr 16 17:52:20 nixos xserver-wrapper[4676]:         X.Org Server Extension : 10.0
Apr 16 17:52:20 nixos xserver-wrapper[4676]: (++) using VT number 2
Apr 16 17:52:20 nixos xserver-wrapper[4676]: (II) systemd-logind: logind integration requires -keeptty and -keeptty was not provided, disabling logind integration
Apr 16 17:52:20 nixos xserver-wrapper[4676]: (II) xfree86: Adding drm device (/dev/dri/card0)
Apr 16 17:52:20 nixos xserver-wrapper[4676]: (II) Platform probe for /sys/devices/pci0000:00/0000:00:03.1/0000:1c:00.0/simple-framebuffer.0/drm/card0
Apr 16 17:52:20 nixos xserver-wrapper[4676]: (--) PCI:*(28@0:0:0) 10de:1b80:10de:119e rev 161, Mem @ 0xf6000000/16777216, 0xe0000000/268435456, 0xf0000000/33554432, I/O @ 0x0000e000/128, BIOS @ 0x????????/131072
Apr 16 17:52:20 nixos xserver-wrapper[4676]: (WW) Open ACPI failed (/var/run/acpid.socket) (No such file or directory)
Apr 16 17:52:20 nixos xserver-wrapper[4676]: (II) "glx" will be loaded by default.
Apr 16 17:52:20 nixos xserver-wrapper[4676]: (II) LoadModule: "glx"
Apr 16 17:52:20 nixos xserver-wrapper[4676]: (II) Loading /nix/store/g88acx6rngz2vsvf65cx56vk41n9r7gm-xorg-server-21.1.21/lib/xorg/modules/extensions/libglx.so
Apr 16 17:52:20 nixos xserver-wrapper[4676]: (II) Module glx: vendor="X.Org Foundation"
Apr 16 17:52:20 nixos xserver-wrapper[4676]:         compiled for 1.21.1.21, module version = 1.0.0
Apr 16 17:52:20 nixos xserver-wrapper[4676]:         ABI class: X.Org Server Extension, version 10.0
Apr 16 17:52:20 nixos xserver-wrapper[4676]: (II) LoadModule: "nvidia"
Apr 16 17:52:20 nixos xserver-wrapper[4676]: (II) Loading /nix/store/6m5ylh349svnjcby76v633f8pllghrxj-nvidia-x11-595.58.03-6.18.22-bin/lib/xorg/modules/drivers/nvidia_drv.so
Apr 16 17:52:20 nixos xserver-wrapper[4676]: (II) Module nvidia: vendor="NVIDIA Corporation"
Apr 16 17:52:20 nixos xserver-wrapper[4676]:         compiled for 1.16.99.901, module version = 1.0.0
Apr 16 17:52:20 nixos xserver-wrapper[4676]:         Module class: X.Org Video Driver
Apr 16 17:52:20 nixos xserver-wrapper[4676]: (II) NVIDIA dlloader X Driver  595.58.03  Tue Mar 17 19:40:22 UTC 2026
Apr 16 17:52:20 nixos xserver-wrapper[4676]: (II) NVIDIA Unified Driver for all Supported NVIDIA GPUs
Apr 16 17:52:20 nixos xserver-wrapper[4676]: (II) Loading sub module "fb"
Apr 16 17:52:20 nixos xserver-wrapper[4676]: (II) LoadModule: "fb"
Apr 16 17:52:20 nixos xserver-wrapper[4676]: (II) Module "fb" already built-in
Apr 16 17:52:20 nixos xserver-wrapper[4676]: (II) Loading sub module "wfb"
Apr 16 17:52:20 nixos xserver-wrapper[4676]: (II) LoadModule: "wfb"
Apr 16 17:52:20 nixos xserver-wrapper[4676]: (II) Loading /nix/store/g88acx6rngz2vsvf65cx56vk41n9r7gm-xorg-server-21.1.21/lib/xorg/modules/libwfb.so
Apr 16 17:52:20 nixos xserver-wrapper[4676]: (II) Module wfb: vendor="X.Org Foundation"
Apr 16 17:52:20 nixos xserver-wrapper[4676]:         compiled for 1.21.1.21, module version = 1.0.0
Apr 16 17:52:20 nixos xserver-wrapper[4676]:         ABI class: X.Org ANSI C Emulation, version 0.4
Apr 16 17:52:20 nixos xserver-wrapper[4676]: (WW) NVIDIA(0): The NVIDIA NVIDIA GeForce GTX 1080 GPU installed in this
Apr 16 17:52:20 nixos xserver-wrapper[4676]: (WW) NVIDIA(0):     system is supported through the NVIDIA 580.xx Legacy
Apr 16 17:52:20 nixos xserver-wrapper[4676]: (WW) NVIDIA(0):     drivers. Please visit
Apr 16 17:52:20 nixos xserver-wrapper[4676]: (WW) NVIDIA(0):     http://www.nvidia.com/object/unix.html for more
Apr 16 17:52:20 nixos xserver-wrapper[4676]: (WW) NVIDIA(0):     information.  The 595.58.03 NVIDIA driver will ignore this
Apr 16 17:52:20 nixos xserver-wrapper[4676]: (WW) NVIDIA(0):     GPU.  Continuing probe...
Apr 16 17:52:20 nixos xserver-wrapper[4676]: (EE) No devices detected.
Apr 16 17:52:20 nixos xserver-wrapper[4676]: (EE)
Apr 16 17:52:20 nixos xserver-wrapper[4676]: Fatal server error:
Apr 16 17:52:20 nixos xserver-wrapper[4676]: (EE) no screens found(EE)
Apr 16 17:52:20 nixos xserver-wrapper[4676]: (EE)
Apr 16 17:52:20 nixos xserver-wrapper[4676]: Please consult the The X.Org Foundation support
Apr 16 17:52:20 nixos xserver-wrapper[4676]:          at http://wiki.x.org
Apr 16 17:52:20 nixos xserver-wrapper[4676]:  for help.
Apr 16 17:52:20 nixos xserver-wrapper[4676]: (EE) Please also check the log file at "/dev/null" for additional information.
Apr 16 17:52:20 nixos xserver-wrapper[4676]: (EE)
Apr 16 17:52:20 nixos xserver-wrapper[4676]: (EE) Server terminated with error (1). Closing log file.
Apr 16 17:52:20 nixos sddm[4667]: Failed to read display number from pipe
Apr 16 17:52:20 nixos sddm[4667]: Display server stopping...
Apr 16 17:52:20 nixos sddm[4667]: Attempt 3 starting the Display server on vt 2 failed
Apr 16 17:52:20 nixos sddm[4667]: Could not start Display server on vt 2
