Apr 16 17:45:26 nixos systemd[1]: Starting Display Manager...
Apr 16 17:45:26 nixos systemd[1]: Started Display Manager.
Apr 16 17:45:26 nixos sddm[2184]: Initializing...
Apr 16 17:45:26 nixos sddm[2184]: Starting...
Apr 16 17:45:26 nixos sddm[2184]: Logind interface found
Apr 16 17:45:26 nixos sddm[2184]: Adding new display...
Apr 16 17:45:26 nixos sddm[2184]: Loaded empty theme configuration
Apr 16 17:45:26 nixos sddm[2184]: Using VT 1
Apr 16 17:45:26 nixos sddm[2184]: Display server started.
Apr 16 17:45:26 nixos sddm[2184]: Socket server starting...
Apr 16 17:45:26 nixos sddm[2184]: Socket server started.
Apr 16 17:45:26 nixos sddm[2184]: Loaded empty theme configuration
Apr 16 17:45:26 nixos sddm[2184]: Greeter starting...
Apr 16 17:45:26 nixos sddm-helper[2186]: [PAM] Starting...
Apr 16 17:45:26 nixos sddm-helper[2186]: [PAM] Authenticating...
Apr 16 17:45:26 nixos sddm-helper[2186]: [PAM] returning.
Apr 16 17:45:26 nixos sddm[2184]: Greeter session started successfully
Apr 16 17:45:26 nixos sddm-helper[2186]: [PAM] Closing session
Apr 16 17:45:26 nixos sddm-helper[2186]: [PAM] Ended.
Apr 16 17:45:26 nixos sddm[2184]: Auth: sddm-helper exited with 5
Apr 16 17:45:26 nixos sddm[2184]: Greeter stopped. SDDM::Auth::HELPER_TTY_ERROR
Apr 16 17:45:26 nixos sddm[2184]: Jumping to VT 1
Apr 16 17:45:26 nixos sddm[2184]: VT mode didn't need to be fixed
Apr 16 17:45:26 nixos sddm[2184]: Socket server stopping...
Apr 16 17:45:26 nixos sddm[2184]: Socket server stopped.
Apr 16 17:45:26 nixos sddm[2184]: Removing display SDDM::Display(0x56265dd57e90) ...
Apr 16 17:45:26 nixos sddm[2184]: Adding new display...
Apr 16 17:45:26 nixos sddm[2184]: Loaded empty theme configuration
Apr 16 17:45:26 nixos sddm[2184]: Using VT 1
Apr 16 17:45:26 nixos sddm[2184]: Display server started.
Apr 16 17:45:26 nixos sddm[2184]: Socket server starting...
Apr 16 17:45:26 nixos sddm[2184]: Socket server started.
Apr 16 17:45:26 nixos sddm[2184]: Loaded empty theme configuration
Apr 16 17:45:26 nixos sddm[2184]: Greeter starting...
Apr 16 17:45:26 nixos sddm-helper[2232]: [PAM] Starting...
Apr 16 17:45:26 nixos sddm-helper[2232]: [PAM] Authenticating...
Apr 16 17:45:26 nixos sddm-helper[2232]: [PAM] returning.
Apr 16 17:45:26 nixos sddm[2184]: Greeter session started successfully
Apr 16 17:45:26 nixos sddm-helper[2232]: [PAM] Closing session
Apr 16 17:45:26 nixos sddm-helper[2232]: [PAM] Ended.
Apr 16 17:45:26 nixos sddm[2184]: Auth: sddm-helper exited with 5
Apr 16 17:45:26 nixos sddm[2184]: Greeter stopped. SDDM::Auth::HELPER_TTY_ERROR
Apr 16 17:45:26 nixos sddm[2184]: Jumping to VT 1
Apr 16 17:45:26 nixos sddm[2184]: VT mode didn't need to be fixed
Apr 16 17:45:26 nixos sddm[2184]: Socket server stopping...
Apr 16 17:45:26 nixos sddm[2184]: Socket server stopped.
Apr 16 17:45:26 nixos sddm[2184]: Removing display SDDM::Display(0x56265dd799d0) ...
Apr 16 17:45:26 nixos sddm[2184]: Adding new display...
Apr 16 17:45:26 nixos sddm[2184]: Loaded empty theme configuration
Apr 16 17:45:26 nixos sddm[2184]: Using VT 1
Apr 16 17:45:26 nixos sddm[2184]: Display server started.
Apr 16 17:45:26 nixos sddm[2184]: Socket server starting...
Apr 16 17:45:26 nixos sddm[2184]: Socket server started.
Apr 16 17:45:26 nixos sddm[2184]: Loaded empty theme configuration
Apr 16 17:45:26 nixos sddm[2184]: Greeter starting...
Apr 16 17:45:26 nixos sddm-helper[2242]: [PAM] Starting...
Apr 16 17:45:26 nixos sddm-helper[2242]: [PAM] Authenticating...
Apr 16 17:45:26 nixos sddm-helper[2242]: [PAM] returning.
Apr 16 17:45:26 nixos sddm[2184]: Greeter session started successfully
Apr 16 17:45:26 nixos sddm-helper[2242]: [PAM] Closing session
Apr 16 17:45:26 nixos sddm-helper[2242]: [PAM] Ended.
Apr 16 17:45:26 nixos sddm[2184]: Auth: sddm-helper exited with 5
Apr 16 17:45:26 nixos sddm[2184]: Greeter stopped. SDDM::Auth::HELPER_TTY_ERROR
Apr 16 17:45:26 nixos sddm[2184]: Jumping to VT 1
Apr 16 17:45:26 nixos sddm[2184]: VT mode didn't need to be fixed
Apr 16 17:45:26 nixos sddm[2184]: Socket server stopping...
Apr 16 17:45:26 nixos sddm[2184]: Socket server stopped.
Apr 16 17:45:26 nixos sddm[2184]: Removing display SDDM::Display(0x56265dd73510) ...
Apr 16 17:45:26 nixos sddm[2184]: Adding new display...
Apr 16 17:45:26 nixos sddm[2184]: Loaded empty theme configuration
Apr 16 17:45:26 nixos sddm[2184]: Using VT 1
Apr 16 17:45:26 nixos sddm[2184]: Display server started.
Apr 16 17:45:26 nixos sddm[2184]: Socket server starting...
Apr 16 17:45:26 nixos sddm[2184]: Socket server started.
Apr 16 17:45:26 nixos sddm[2184]: Loaded empty theme configuration
Apr 16 17:45:26 nixos sddm[2184]: Greeter starting...
Apr 16 17:45:26 nixos sddm-helper[2252]: [PAM] Starting...
Apr 16 17:45:26 nixos sddm-helper[2252]: [PAM] Authenticating...
Apr 16 17:45:26 nixos sddm-helper[2252]: [PAM] returning.
Apr 16 17:45:26 nixos sddm[2184]: Greeter session started successfully
Apr 16 17:45:26 nixos sddm-helper[2252]: [PAM] Closing session
Apr 16 17:45:26 nixos sddm-helper[2252]: [PAM] Ended.
Apr 16 17:45:26 nixos sddm[2184]: Auth: sddm-helper exited with 5
Apr 16 17:45:26 nixos sddm[2184]: Greeter stopped. SDDM::Auth::HELPER_TTY_ERROR
Apr 16 17:45:26 nixos sddm[2184]: Jumping to VT 1
Apr 16 17:45:26 nixos sddm[2184]: VT mode didn't need to be fixed
Apr 16 17:45:26 nixos sddm[2184]: Socket server stopping...
Apr 16 17:45:26 nixos sddm[2184]: Socket server stopped.
Apr 16 17:45:26 nixos sddm[2184]: Removing display SDDM::Display(0x56265dd78620) ...
Apr 16 17:45:26 nixos sddm[2184]: Adding new display...
Apr 16 17:45:26 nixos sddm[2184]: Loaded empty theme configuration
Apr 16 17:45:26 nixos sddm[2184]: Using VT 1
Apr 16 17:45:26 nixos sddm[2184]: Display server started.
Apr 16 17:45:26 nixos sddm[2184]: Socket server starting...
Apr 16 17:45:26 nixos sddm[2184]: Socket server started.
Apr 16 17:45:26 nixos sddm[2184]: Loaded empty theme configuration
Apr 16 17:45:26 nixos sddm[2184]: Greeter starting...
Apr 16 17:45:26 nixos sddm-helper[2262]: [PAM] Starting...
Apr 16 17:45:26 nixos sddm-helper[2262]: [PAM] Authenticating...
Apr 16 17:45:26 nixos sddm-helper[2262]: [PAM] returning.
Apr 16 17:45:26 nixos sddm[2184]: Greeter session started successfully
Apr 16 17:45:26 nixos sddm-helper[2262]: [PAM] Closing session
Apr 16 17:45:26 nixos sddm-helper[2262]: [PAM] Ended.
Apr 16 17:45:26 nixos sddm[2184]: Auth: sddm-helper exited with 5
Apr 16 17:45:26 nixos sddm[2184]: Greeter stopped. SDDM::Auth::HELPER_TTY_ERROR
Apr 16 17:45:26 nixos sddm[2184]: Jumping to VT 1
Apr 16 17:45:26 nixos sddm[2184]: VT mode didn't need to be fixed
Apr 16 17:45:26 nixos sddm[2184]: Socket server stopping...
Apr 16 17:45:26 nixos sddm[2184]: Socket server stopped.
Apr 16 17:45:26 nixos sddm[2184]: Removing display SDDM::Display(0x56265dd65bd0) ...
Apr 16 17:45:26 nixos sddm[2184]: Adding new display...
Apr 16 17:45:26 nixos sddm[2184]: Loaded empty theme configuration
Apr 16 17:45:26 nixos sddm[2184]: Using VT 1
Apr 16 17:45:26 nixos sddm[2184]: Display server started.
Apr 16 17:45:26 nixos sddm[2184]: Socket server starting...
Apr 16 17:45:26 nixos sddm[2184]: Socket server started.
Apr 16 17:45:26 nixos sddm[2184]: Loaded empty theme configuration
Apr 16 17:45:26 nixos sddm[2184]: Greeter starting...
Apr 16 17:45:27 nixos sddm-helper[2270]: [PAM] Starting...
Apr 16 17:45:27 nixos sddm-helper[2270]: [PAM] Authenticating...
Apr 16 17:45:27 nixos sddm-helper[2270]: [PAM] returning.
Apr 16 17:45:27 nixos sddm[2184]: Greeter session started successfully
Apr 16 17:45:27 nixos sddm-helper[2270]: [PAM] Closing session
Apr 16 17:45:27 nixos sddm-helper[2270]: [PAM] Ended.
Apr 16 17:45:27 nixos sddm[2184]: Auth: sddm-helper exited with 5
Apr 16 17:45:27 nixos sddm[2184]: Greeter stopped. SDDM::Auth::HELPER_TTY_ERROR
Apr 16 17:45:27 nixos sddm[2184]: Jumping to VT 1
Apr 16 17:45:27 nixos sddm[2184]: VT mode didn't need to be fixed
Apr 16 17:45:27 nixos sddm[2184]: Socket server stopping...
Apr 16 17:45:27 nixos sddm[2184]: Socket server stopped.
Apr 16 17:45:27 nixos sddm[2184]: Removing display SDDM::Display(0x56265dd57ec0) ...
Apr 16 17:45:27 nixos sddm[2184]: Adding new display...
Apr 16 17:45:27 nixos sddm[2184]: Loaded empty theme configuration
Apr 16 17:45:27 nixos sddm[2184]: Using VT 1
Apr 16 17:45:27 nixos sddm[2184]: Display server started.
Apr 16 17:45:27 nixos sddm[2184]: Socket server starting...
Apr 16 17:45:27 nixos sddm[2184]: Socket server started.
Apr 16 17:45:27 nixos sddm[2184]: Loaded empty theme configuration
Apr 16 17:45:27 nixos sddm[2184]: Greeter starting...
Apr 16 17:45:27 nixos sddm[2184]: Socket server stopping...
Apr 16 17:45:27 nixos sddm[2184]: Socket server stopped.
Apr 16 17:45:27 nixos sddm[2184]: Auth: sddm-helper (--socket /tmp/sddm-auth-581ebd68-d796-4a4b-94de-7eb8748d0dfe --id 14 --start /nix/store/wq8fhgk8svh53pw0zb5dsy3lrab98m4c-sddm-wrapped/bin/sddm-greeter-qt6 --socket /tmp/sddm--ABlJkT --user sddm --display-server /nix/store/9vfhpdj5w6bl5p5gl1mjihrp4flnw2m9-weston-15.0.0/bin/weston --shell=kiosk -c /nix/store/zrd9ppkv2mg02zwrba0ldchvsgljs2w9-weston.ini --greeter) crashed (exit code 1)
Apr 16 17:45:27 nixos sddm[2184]: Auth: sddm-helper exited with 15
Apr 16 17:45:27 nixos systemd[1]: display-manager.service: Main process exited, code=exited, status=23/n/a
Apr 16 17:45:27 nixos systemd[1]: display-manager.service: Failed with result 'exit-code'.
Apr 16 17:45:27 nixos systemd[1]: display-manager.service: Consumed 248ms CPU time over 854ms wall clock time, 22.8M memory peak, 15.3M read from disk.
Apr 16 17:45:27 nixos systemd[1]: display-manager.service: Scheduled restart job, restart counter is at 1.
Apr 16 17:45:27 nixos systemd[1]: Starting Display Manager...
Apr 16 17:45:27 nixos systemd[1]: Started Display Manager.
Apr 16 17:45:27 nixos sddm[2285]: Initializing...
Apr 16 17:45:27 nixos sddm[2285]: Starting...
Apr 16 17:45:27 nixos sddm[2285]: Logind interface found
Apr 16 17:45:27 nixos sddm[2285]: Adding new display...
Apr 16 17:45:27 nixos sddm[2285]: Loaded empty theme configuration
Apr 16 17:45:27 nixos sddm[2285]: Using VT 1
Apr 16 17:45:27 nixos sddm[2285]: Display server started.
Apr 16 17:45:27 nixos sddm[2285]: Socket server starting...
Apr 16 17:45:27 nixos sddm[2285]: Socket server started.
Apr 16 17:45:27 nixos sddm[2285]: Loaded empty theme configuration
Apr 16 17:45:27 nixos sddm[2285]: Greeter starting...
Apr 16 17:45:27 nixos sddm-helper[2288]: [PAM] Starting...
Apr 16 17:45:27 nixos sddm-helper[2288]: [PAM] Authenticating...
Apr 16 17:45:27 nixos sddm-helper[2288]: [PAM] returning.
Apr 16 17:45:27 nixos sddm[2285]: Greeter session started successfully
Apr 16 17:45:27 nixos sddm-helper[2288]: [PAM] Closing session
Apr 16 17:45:27 nixos sddm-helper[2288]: [PAM] Ended.
Apr 16 17:45:27 nixos sddm[2285]: Auth: sddm-helper exited with 5
Apr 16 17:45:27 nixos sddm[2285]: Greeter stopped. SDDM::Auth::HELPER_TTY_ERROR
Apr 16 17:45:27 nixos sddm[2285]: Jumping to VT 1
Apr 16 17:45:27 nixos sddm[2285]: VT mode didn't need to be fixed
Apr 16 17:45:27 nixos sddm[2285]: Socket server stopping...
Apr 16 17:45:27 nixos sddm[2285]: Socket server stopped.
Apr 16 17:45:27 nixos sddm[2285]: Removing display SDDM::Display(0x56316461ee90) ...
Apr 16 17:45:27 nixos sddm[2285]: Adding new display...
Apr 16 17:45:27 nixos sddm[2285]: Loaded empty theme configuration
Apr 16 17:45:27 nixos sddm[2285]: Using VT 1
Apr 16 17:45:27 nixos sddm[2285]: Display server started.
Apr 16 17:45:27 nixos sddm[2285]: Socket server starting...
Apr 16 17:45:27 nixos sddm[2285]: Socket server started.
Apr 16 17:45:27 nixos sddm[2285]: Loaded empty theme configuration
Apr 16 17:45:27 nixos sddm[2285]: Greeter starting...
Apr 16 17:45:27 nixos sddm-helper[2295]: [PAM] Starting...
Apr 16 17:45:27 nixos sddm-helper[2295]: [PAM] Authenticating...
Apr 16 17:45:27 nixos sddm-helper[2295]: [PAM] returning.
Apr 16 17:45:27 nixos sddm[2285]: Greeter session started successfully
Apr 16 17:45:27 nixos sddm-helper[2295]: [PAM] Closing session
Apr 16 17:45:27 nixos sddm-helper[2295]: [PAM] Ended.
Apr 16 17:45:27 nixos sddm[2285]: Auth: sddm-helper exited with 5
Apr 16 17:45:27 nixos sddm[2285]: Greeter stopped. SDDM::Auth::HELPER_TTY_ERROR
Apr 16 17:45:27 nixos sddm[2285]: Jumping to VT 1
Apr 16 17:45:27 nixos sddm[2285]: VT mode didn't need to be fixed
Apr 16 17:45:27 nixos sddm[2285]: Socket server stopping...
Apr 16 17:45:27 nixos sddm[2285]: Socket server stopped.
Apr 16 17:45:27 nixos sddm[2285]: Removing display SDDM::Display(0x563164633bf0) ...
Apr 16 17:45:27 nixos sddm[2285]: Adding new display...
Apr 16 17:45:27 nixos sddm[2285]: Loaded empty theme configuration
Apr 16 17:45:27 nixos sddm[2285]: Using VT 1
Apr 16 17:45:27 nixos sddm[2285]: Display server started.
Apr 16 17:45:27 nixos sddm[2285]: Socket server starting...
Apr 16 17:45:27 nixos sddm[2285]: Socket server started.
Apr 16 17:45:27 nixos sddm[2285]: Loaded empty theme configuration
Apr 16 17:45:27 nixos sddm[2285]: Greeter starting...
Apr 16 17:45:27 nixos sddm-helper[2305]: [PAM] Starting...
Apr 16 17:45:27 nixos sddm-helper[2305]: [PAM] Authenticating...
Apr 16 17:45:27 nixos sddm-helper[2305]: [PAM] returning.
Apr 16 17:45:27 nixos sddm[2285]: Greeter session started successfully
Apr 16 17:45:27 nixos sddm-helper[2305]: [PAM] Closing session
Apr 16 17:45:27 nixos sddm-helper[2305]: [PAM] Ended.
Apr 16 17:45:27 nixos sddm[2285]: Auth: sddm-helper exited with 5
Apr 16 17:45:27 nixos sddm[2285]: Greeter stopped. SDDM::Auth::HELPER_TTY_ERROR
Apr 16 17:45:27 nixos sddm[2285]: Jumping to VT 1
Apr 16 17:45:27 nixos sddm[2285]: VT mode didn't need to be fixed
Apr 16 17:45:27 nixos sddm[2285]: Socket server stopping...
Apr 16 17:45:27 nixos sddm[2285]: Socket server stopped.
Apr 16 17:45:27 nixos sddm[2285]: Removing display SDDM::Display(0x5631646372d0) ...
Apr 16 17:45:27 nixos sddm[2285]: Adding new display...
Apr 16 17:45:27 nixos sddm[2285]: Loaded empty theme configuration
Apr 16 17:45:27 nixos sddm[2285]: Using VT 1
Apr 16 17:45:27 nixos sddm[2285]: Display server started.
Apr 16 17:45:27 nixos sddm[2285]: Socket server starting...
Apr 16 17:45:27 nixos sddm[2285]: Socket server started.
Apr 16 17:45:27 nixos sddm[2285]: Loaded empty theme configuration
Apr 16 17:45:27 nixos sddm[2285]: Greeter starting...
Apr 16 17:45:27 nixos sddm-helper[2314]: [PAM] Starting...
Apr 16 17:45:27 nixos sddm-helper[2314]: [PAM] Authenticating...
Apr 16 17:45:27 nixos sddm-helper[2314]: [PAM] returning.
Apr 16 17:45:27 nixos sddm[2285]: Greeter session started successfully
Apr 16 17:45:27 nixos sddm-helper[2314]: [PAM] Closing session
Apr 16 17:45:27 nixos sddm-helper[2314]: [PAM] Ended.
Apr 16 17:45:27 nixos sddm[2285]: Auth: sddm-helper exited with 5
Apr 16 17:45:27 nixos sddm[2285]: Greeter stopped. SDDM::Auth::HELPER_TTY_ERROR
Apr 16 17:45:27 nixos sddm[2285]: Jumping to VT 1
Apr 16 17:45:27 nixos sddm[2285]: VT mode didn't need to be fixed
Apr 16 17:45:27 nixos sddm[2285]: Socket server stopping...
Apr 16 17:45:27 nixos sddm[2285]: Socket server stopped.
Apr 16 17:45:27 nixos sddm[2285]: Removing display SDDM::Display(0x56316463fb70) ...
Apr 16 17:45:27 nixos sddm[2285]: Adding new display...
Apr 16 17:45:27 nixos sddm[2285]: Loaded empty theme configuration
Apr 16 17:45:27 nixos sddm[2285]: Using VT 1
Apr 16 17:45:27 nixos sddm[2285]: Display server started.
Apr 16 17:45:27 nixos sddm[2285]: Socket server starting...
Apr 16 17:45:27 nixos sddm[2285]: Socket server started.
Apr 16 17:45:27 nixos sddm[2285]: Loaded empty theme configuration
Apr 16 17:45:27 nixos sddm[2285]: Greeter starting...
Apr 16 17:45:27 nixos sddm-helper[2323]: [PAM] Starting...
Apr 16 17:45:27 nixos sddm-helper[2323]: [PAM] Authenticating...
Apr 16 17:45:27 nixos sddm-helper[2323]: [PAM] returning.
Apr 16 17:45:27 nixos sddm[2285]: Greeter session started successfully
Apr 16 17:45:27 nixos sddm-helper[2323]: [PAM] Closing session
Apr 16 17:45:27 nixos sddm-helper[2323]: [PAM] Ended.
Apr 16 17:45:27 nixos sddm[2285]: Auth: sddm-helper exited with 5
Apr 16 17:45:27 nixos sddm[2285]: Greeter stopped. SDDM::Auth::HELPER_TTY_ERROR
Apr 16 17:45:27 nixos sddm[2285]: Jumping to VT 1
Apr 16 17:45:27 nixos sddm[2285]: VT mode didn't need to be fixed
Apr 16 17:45:27 nixos sddm[2285]: Socket server stopping...
Apr 16 17:45:27 nixos sddm[2285]: Socket server stopped.
Apr 16 17:45:27 nixos sddm[2285]: Removing display SDDM::Display(0x56316462d6a0) ...
Apr 16 17:45:27 nixos sddm[2285]: Adding new display...
Apr 16 17:45:27 nixos sddm[2285]: Loaded empty theme configuration
Apr 16 17:45:27 nixos sddm[2285]: Using VT 1
Apr 16 17:45:27 nixos sddm[2285]: Display server started.
Apr 16 17:45:27 nixos sddm[2285]: Socket server starting...
Apr 16 17:45:27 nixos sddm[2285]: Socket server started.
Apr 16 17:45:27 nixos sddm[2285]: Loaded empty theme configuration
Apr 16 17:45:27 nixos sddm[2285]: Greeter starting...
Apr 16 17:45:27 nixos sddm-helper[2332]: [PAM] Starting...
Apr 16 17:45:27 nixos sddm-helper[2332]: [PAM] Authenticating...
Apr 16 17:45:27 nixos sddm-helper[2332]: [PAM] returning.
Apr 16 17:45:27 nixos sddm[2285]: Greeter session started successfully
Apr 16 17:45:27 nixos sddm-helper[2332]: [PAM] Closing session
Apr 16 17:45:27 nixos sddm-helper[2332]: [PAM] Ended.
Apr 16 17:45:27 nixos sddm[2285]: Auth: sddm-helper exited with 5
Apr 16 17:45:27 nixos sddm[2285]: Greeter stopped. SDDM::Auth::HELPER_TTY_ERROR
Apr 16 17:45:27 nixos sddm[2285]: Jumping to VT 1
Apr 16 17:45:27 nixos sddm[2285]: VT mode didn't need to be fixed
Apr 16 17:45:27 nixos sddm[2285]: Socket server stopping...
Apr 16 17:45:27 nixos sddm[2285]: Socket server stopped.
Apr 16 17:45:27 nixos sddm[2285]: Removing display SDDM::Display(0x56316463e4f0) ...
Apr 16 17:45:27 nixos sddm[2285]: Adding new display...
Apr 16 17:45:27 nixos sddm[2285]: Loaded empty theme configuration
Apr 16 17:45:27 nixos sddm[2285]: Using VT 1
Apr 16 17:45:27 nixos sddm[2285]: Display server started.
Apr 16 17:45:27 nixos sddm[2285]: Socket server starting...
Apr 16 17:45:27 nixos sddm[2285]: Socket server started.
Apr 16 17:45:27 nixos sddm[2285]: Loaded empty theme configuration
Apr 16 17:45:27 nixos sddm[2285]: Greeter starting...
Apr 16 17:45:27 nixos sddm[2285]: Socket server stopping...
Apr 16 17:45:27 nixos sddm[2285]: Socket server stopped.
Apr 16 17:45:27 nixos sddm[2285]: Auth: sddm-helper (--socket /tmp/sddm-auth-cd15c37f-f67c-492d-81a2-8ab06d6d5d7f --id 14 --start /nix/store/wq8fhgk8svh53pw0zb5dsy3lrab98m4c-sddm-wrapped/bin/sddm-greeter-qt6 --socket /tmp/sddm--dVFiPz --user sddm --display-server /nix/store/9vfhpdj5w6bl5p5gl1mjihrp4flnw2m9-weston-15.0.0/bin/weston --shell=kiosk -c /nix/store/zrd9ppkv2mg02zwrba0ldchvsgljs2w9-weston.ini --greeter) crashed (exit code 1)
Apr 16 17:45:27 nixos sddm[2285]: Auth: sddm-helper exited with 15
Apr 16 17:45:27 nixos systemd[1]: display-manager.service: Main process exited, code=exited, status=23/n/a
Apr 16 17:45:27 nixos systemd[1]: display-manager.service: Failed with result 'exit-code'.
Apr 16 17:45:28 nixos systemd[1]: display-manager.service: Scheduled restart job, restart counter is at 2.
Apr 16 17:45:28 nixos systemd[1]: Starting Display Manager...
Apr 16 17:45:28 nixos systemd[1]: Started Display Manager.
Apr 16 17:45:28 nixos sddm[2349]: Initializing...
Apr 16 17:45:28 nixos sddm[2349]: Starting...
Apr 16 17:45:28 nixos sddm[2349]: Logind interface found
Apr 16 17:45:28 nixos sddm[2349]: Adding new display...
Apr 16 17:45:28 nixos sddm[2349]: Loaded empty theme configuration
Apr 16 17:45:28 nixos sddm[2349]: Using VT 1
Apr 16 17:45:28 nixos sddm[2349]: Display server started.
Apr 16 17:45:28 nixos sddm[2349]: Socket server starting...
Apr 16 17:45:28 nixos sddm[2349]: Socket server started.
Apr 16 17:45:28 nixos sddm[2349]: Loaded empty theme configuration
Apr 16 17:45:28 nixos sddm[2349]: Greeter starting...
Apr 16 17:45:28 nixos sddm-helper[2351]: [PAM] Starting...
Apr 16 17:45:28 nixos sddm-helper[2351]: [PAM] Authenticating...
Apr 16 17:45:28 nixos sddm-helper[2351]: [PAM] returning.
Apr 16 17:45:28 nixos sddm[2349]: Greeter session started successfully
Apr 16 17:45:28 nixos sddm-helper[2351]: [PAM] Closing session
Apr 16 17:45:28 nixos sddm-helper[2351]: [PAM] Ended.
Apr 16 17:45:28 nixos sddm[2349]: Auth: sddm-helper exited with 5
Apr 16 17:45:28 nixos sddm[2349]: Greeter stopped. SDDM::Auth::HELPER_TTY_ERROR
Apr 16 17:45:28 nixos sddm[2349]: Jumping to VT 1
Apr 16 17:45:28 nixos sddm[2349]: VT mode didn't need to be fixed
Apr 16 17:45:28 nixos sddm[2349]: Socket server stopping...
Apr 16 17:45:28 nixos sddm[2349]: Socket server stopped.
Apr 16 17:45:28 nixos sddm[2349]: Removing display SDDM::Display(0x55dc978a1e90) ...
Apr 16 17:45:28 nixos sddm[2349]: Adding new display...
Apr 16 17:45:28 nixos sddm[2349]: Loaded empty theme configuration
Apr 16 17:45:28 nixos sddm[2349]: Using VT 1
Apr 16 17:45:28 nixos sddm[2349]: Display server started.
Apr 16 17:45:28 nixos sddm[2349]: Socket server starting...
Apr 16 17:45:28 nixos sddm[2349]: Socket server started.
Apr 16 17:45:28 nixos sddm[2349]: Loaded empty theme configuration
Apr 16 17:45:28 nixos sddm[2349]: Greeter starting...
Apr 16 17:45:28 nixos sddm-helper[2361]: [PAM] Starting...
Apr 16 17:45:28 nixos sddm-helper[2361]: [PAM] Authenticating...
Apr 16 17:45:28 nixos sddm-helper[2361]: [PAM] returning.
Apr 16 17:45:28 nixos sddm[2349]: Greeter session started successfully
Apr 16 17:45:28 nixos sddm-helper[2361]: [PAM] Closing session
Apr 16 17:45:28 nixos sddm-helper[2361]: [PAM] Ended.
Apr 16 17:45:28 nixos sddm[2349]: Auth: sddm-helper exited with 5
Apr 16 17:45:28 nixos sddm[2349]: Greeter stopped. SDDM::Auth::HELPER_TTY_ERROR
Apr 16 17:45:28 nixos sddm[2349]: Jumping to VT 1
Apr 16 17:45:28 nixos sddm[2349]: VT mode didn't need to be fixed
Apr 16 17:45:28 nixos sddm[2349]: Socket server stopping...
Apr 16 17:45:28 nixos sddm[2349]: Socket server stopped.
Apr 16 17:45:28 nixos sddm[2349]: Removing display SDDM::Display(0x55dc978e7110) ...
Apr 16 17:45:28 nixos sddm[2349]: Adding new display...
Apr 16 17:45:28 nixos sddm[2349]: Loaded empty theme configuration
Apr 16 17:45:28 nixos sddm[2349]: Using VT 1
Apr 16 17:45:28 nixos sddm[2349]: Display server started.
Apr 16 17:45:28 nixos sddm[2349]: Socket server starting...
Apr 16 17:45:28 nixos sddm[2349]: Socket server started.
Apr 16 17:45:28 nixos sddm[2349]: Loaded empty theme configuration
Apr 16 17:45:28 nixos sddm[2349]: Greeter starting...
Apr 16 17:45:28 nixos sddm-helper[2368]: [PAM] Starting...
Apr 16 17:45:28 nixos sddm-helper[2368]: [PAM] Authenticating...
Apr 16 17:45:28 nixos sddm-helper[2368]: [PAM] returning.
Apr 16 17:45:28 nixos sddm[2349]: Greeter session started successfully
Apr 16 17:45:28 nixos sddm-helper[2368]: [PAM] Closing session
Apr 16 17:45:28 nixos sddm-helper[2368]: [PAM] Ended.
Apr 16 17:45:28 nixos sddm[2349]: Auth: sddm-helper exited with 5
Apr 16 17:45:28 nixos sddm[2349]: Greeter stopped. SDDM::Auth::HELPER_TTY_ERROR
Apr 16 17:45:28 nixos sddm[2349]: Jumping to VT 1
Apr 16 17:45:28 nixos sddm[2349]: VT mode didn't need to be fixed
Apr 16 17:45:28 nixos sddm[2349]: Socket server stopping...
Apr 16 17:45:28 nixos sddm[2349]: Socket server stopped.
Apr 16 17:45:28 nixos sddm[2349]: Removing display SDDM::Display(0x55dc978ad240) ...
Apr 16 17:45:28 nixos sddm[2349]: Adding new display...
Apr 16 17:45:28 nixos sddm[2349]: Loaded empty theme configuration
Apr 16 17:45:28 nixos sddm[2349]: Using VT 1
Apr 16 17:45:28 nixos sddm[2349]: Display server started.
Apr 16 17:45:28 nixos sddm[2349]: Socket server starting...
Apr 16 17:45:28 nixos sddm[2349]: Socket server started.
Apr 16 17:45:28 nixos sddm[2349]: Loaded empty theme configuration
Apr 16 17:45:28 nixos sddm[2349]: Greeter starting...
Apr 16 17:45:28 nixos sddm-helper[2378]: [PAM] Starting...
Apr 16 17:45:28 nixos sddm-helper[2378]: [PAM] Authenticating...
Apr 16 17:45:28 nixos sddm-helper[2378]: [PAM] returning.
Apr 16 17:45:28 nixos sddm[2349]: Greeter session started successfully
Apr 16 17:45:28 nixos sddm-helper[2378]: [PAM] Closing session
Apr 16 17:45:28 nixos sddm-helper[2378]: [PAM] Ended.
Apr 16 17:45:28 nixos sddm[2349]: Auth: sddm-helper exited with 5
Apr 16 17:45:28 nixos sddm[2349]: Greeter stopped. SDDM::Auth::HELPER_TTY_ERROR
Apr 16 17:45:28 nixos sddm[2349]: Jumping to VT 1
Apr 16 17:45:28 nixos sddm[2349]: VT mode didn't need to be fixed
Apr 16 17:45:28 nixos sddm[2349]: Socket server stopping...
Apr 16 17:45:28 nixos sddm[2349]: Socket server stopped.
Apr 16 17:45:28 nixos sddm[2349]: Removing display SDDM::Display(0x55dc978c2ac0) ...
Apr 16 17:45:28 nixos sddm[2349]: Adding new display...
Apr 16 17:45:28 nixos sddm[2349]: Loaded empty theme configuration
Apr 16 17:45:28 nixos sddm[2349]: Using VT 1
Apr 16 17:45:28 nixos sddm[2349]: Display server started.
Apr 16 17:45:28 nixos sddm[2349]: Socket server starting...
Apr 16 17:45:28 nixos sddm[2349]: Socket server started.
Apr 16 17:45:28 nixos sddm[2349]: Loaded empty theme configuration
Apr 16 17:45:28 nixos sddm[2349]: Greeter starting...
Apr 16 17:45:28 nixos sddm-helper[2386]: [PAM] Starting...
Apr 16 17:45:28 nixos sddm-helper[2386]: [PAM] Authenticating...
Apr 16 17:45:28 nixos sddm-helper[2386]: [PAM] returning.
Apr 16 17:45:28 nixos sddm[2349]: Greeter session started successfully
Apr 16 17:45:28 nixos sddm-helper[2386]: [PAM] Closing session
Apr 16 17:45:28 nixos sddm-helper[2386]: [PAM] Ended.
Apr 16 17:45:28 nixos sddm[2349]: Auth: sddm-helper exited with 5
Apr 16 17:45:28 nixos sddm[2349]: Greeter stopped. SDDM::Auth::HELPER_TTY_ERROR
Apr 16 17:45:28 nixos sddm[2349]: Jumping to VT 1
Apr 16 17:45:28 nixos sddm[2349]: VT mode didn't need to be fixed
Apr 16 17:45:28 nixos sddm[2349]: Socket server stopping...
Apr 16 17:45:28 nixos sddm[2349]: Socket server stopped.
Apr 16 17:45:28 nixos sddm[2349]: Removing display SDDM::Display(0x55dc978b00a0) ...
Apr 16 17:45:28 nixos sddm[2349]: Adding new display...
Apr 16 17:45:28 nixos sddm[2349]: Loaded empty theme configuration
Apr 16 17:45:28 nixos sddm[2349]: Using VT 1
Apr 16 17:45:28 nixos sddm[2349]: Display server started.
Apr 16 17:45:28 nixos sddm[2349]: Socket server starting...
Apr 16 17:45:28 nixos sddm[2349]: Socket server started.
Apr 16 17:45:28 nixos sddm[2349]: Loaded empty theme configuration
Apr 16 17:45:28 nixos sddm[2349]: Greeter starting...
Apr 16 17:45:28 nixos sddm-helper[2395]: [PAM] Starting...
Apr 16 17:45:28 nixos sddm-helper[2395]: [PAM] Authenticating...
Apr 16 17:45:28 nixos sddm-helper[2395]: [PAM] returning.
Apr 16 17:45:28 nixos sddm[2349]: Greeter session started successfully
Apr 16 17:45:28 nixos sddm-helper[2395]: [PAM] Closing session
Apr 16 17:45:28 nixos sddm-helper[2395]: [PAM] Ended.
Apr 16 17:45:28 nixos sddm[2349]: Auth: sddm-helper exited with 5
Apr 16 17:45:28 nixos sddm[2349]: Greeter stopped. SDDM::Auth::HELPER_TTY_ERROR
Apr 16 17:45:28 nixos sddm[2349]: Jumping to VT 1
Apr 16 17:45:28 nixos sddm[2349]: VT mode didn't need to be fixed
Apr 16 17:45:28 nixos sddm[2349]: Socket server stopping...
Apr 16 17:45:28 nixos sddm[2349]: Socket server stopped.
Apr 16 17:45:28 nixos sddm[2349]: Removing display SDDM::Display(0x55dc978abb20) ...
Apr 16 17:45:28 nixos sddm[2349]: Adding new display...
Apr 16 17:45:28 nixos sddm[2349]: Loaded empty theme configuration
Apr 16 17:45:28 nixos sddm[2349]: Using VT 1
Apr 16 17:45:28 nixos sddm[2349]: Display server started.
Apr 16 17:45:28 nixos sddm[2349]: Socket server starting...
Apr 16 17:45:28 nixos sddm[2349]: Socket server started.
Apr 16 17:45:28 nixos sddm[2349]: Loaded empty theme configuration
Apr 16 17:45:28 nixos sddm[2349]: Greeter starting...
Apr 16 17:45:28 nixos sddm[2349]: Socket server stopping...
Apr 16 17:45:28 nixos sddm[2349]: Socket server stopped.
Apr 16 17:45:28 nixos sddm[2349]: Auth: sddm-helper (--socket /tmp/sddm-auth-74436e53-07e4-4dcc-9d93-12615763b5c7 --id 14 --start /nix/store/wq8fhgk8svh53pw0zb5dsy3lrab98m4c-sddm-wrapped/bin/sddm-greeter-qt6 --socket /tmp/sddm--jACnjf --user sddm --display-server /nix/store/9vfhpdj5w6bl5p5gl1mjihrp4flnw2m9-weston-15.0.0/bin/weston --shell=kiosk -c /nix/store/zrd9ppkv2mg02zwrba0ldchvsgljs2w9-weston.ini --greeter) crashed (exit code 1)
Apr 16 17:45:28 nixos sddm[2349]: Auth: sddm-helper exited with 15
Apr 16 17:45:28 nixos systemd[1]: display-manager.service: Main process exited, code=exited, status=23/n/a
Apr 16 17:45:28 nixos systemd[1]: display-manager.service: Failed with result 'exit-code'.
Apr 16 17:45:28 nixos systemd[1]: display-manager.service: Scheduled restart job, restart counter is at 3.
Apr 16 17:45:28 nixos systemd[1]: display-manager.service: Start request repeated too quickly.
Apr 16 17:45:28 nixos systemd[1]: display-manager.service: Failed with result 'exit-code'.
Apr 16 17:45:28 nixos systemd[1]: Failed to start Display Manager.
