Apr 17 11:44:51 nixos xserver-wrapper[1707]: (**) Option "xkb_layout" "us"
Apr 17 11:44:51 nixos xserver-wrapper[1707]: (WW) Option "xkb_variant" requires a string value
Apr 17 11:44:51 nixos xserver-wrapper[1707]: (**) Option "xkb_options" "terminate:ctrl_alt_bksp"
Apr 17 11:44:51 nixos xserver-wrapper[1707]: (II) event4  - USB-HID Keyboard: is tagged by udev as: Keyboard
Apr 17 11:44:51 nixos xserver-wrapper[1707]: (II) event4  - USB-HID Keyboard: device is a keyboard
Apr 17 11:44:51 nixos xserver-wrapper[1707]: (II) config/udev: Adding input device Logitech MX Vertical (/dev/input/event5)
Apr 17 11:44:51 nixos xserver-wrapper[1707]: (**) Logitech MX Vertical: Applying InputClass "Keyboard catchall"
Apr 17 11:44:51 nixos xserver-wrapper[1707]: (**) Logitech MX Vertical: Applying InputClass "evdev pointer catchall"
Apr 17 11:44:51 nixos xserver-wrapper[1707]: (**) Logitech MX Vertical: Applying InputClass "evdev keyboard catchall"
Apr 17 11:44:51 nixos xserver-wrapper[1707]: (**) Logitech MX Vertical: Applying InputClass "libinput pointer catchall"
Apr 17 11:44:51 nixos xserver-wrapper[1707]: (**) Logitech MX Vertical: Applying InputClass "libinput keyboard catchall"
Apr 17 11:44:51 nixos xserver-wrapper[1707]: (**) Logitech MX Vertical: Applying InputClass "libinput mouse configuration"
Apr 17 11:44:51 nixos xserver-wrapper[1707]: (II) Using input driver 'libinput' for 'Logitech MX Vertical'
Apr 17 11:44:51 nixos xserver-wrapper[1707]: (**) Logitech MX Vertical: always reports core events
Apr 17 11:44:51 nixos xserver-wrapper[1707]: (**) Option "Device" "/dev/input/event5"
Apr 17 11:44:51 nixos xserver-wrapper[1707]: (II) event5  - Logitech MX Vertical: is tagged by udev as: Keyboard Mouse
Apr 17 11:44:51 nixos xserver-wrapper[1707]: (II) event5  - Logitech MX Vertical: device is a pointer
Apr 17 11:44:51 nixos xserver-wrapper[1707]: (II) event5  - Logitech MX Vertical: device is a keyboard
Apr 17 11:44:51 nixos xserver-wrapper[1707]: (II) event5  - Logitech MX Vertical: device removed
Apr 17 11:44:51 nixos xserver-wrapper[1707]: (**) Option "AccelProfile" "adaptive"
Apr 17 11:44:51 nixos xserver-wrapper[1707]: (II) libinput: Logitech MX Vertical: Step value 0 was provided, libinput Fallback acceleration function is used.
Apr 17 11:44:51 nixos xserver-wrapper[1707]: (II) libinput: Logitech MX Vertical: Step value 0 was provided, libinput Fallback acceleration function is used.
Apr 17 11:44:51 nixos xserver-wrapper[1707]: (II) libinput: Logitech MX Vertical: Step value 0 was provided, libinput Fallback acceleration function is used.
Apr 17 11:44:51 nixos xserver-wrapper[1707]: (**) Option "NaturalScrolling" "off"
Apr 17 11:44:51 nixos xserver-wrapper[1707]: (**) Option "SendEventsMode" "enabled"
Apr 17 11:44:51 nixos xserver-wrapper[1707]: (**) Option "LeftHanded" "off"
Apr 17 11:44:51 nixos xserver-wrapper[1707]: (**) Option "ScrollMethod" "twofinger"
Apr 17 11:44:51 nixos xserver-wrapper[1707]: (**) Option "MiddleEmulation" "on"
Apr 17 11:44:51 nixos xserver-wrapper[1707]: (**) Option "HorizontalScrolling" "on"
Apr 17 11:44:51 nixos xserver-wrapper[1707]: (II) libinput: Logitech MX Vertical: needs a virtual subdevice
Apr 17 11:44:51 nixos xserver-wrapper[1707]: (**) Option "config_info" "udev:/sys/devices/pci0000:00/0000:00:01.3/0000:03:00.0/usb1/1-4/1-4:1.2/0003:046D:C52B.0007/0003:046D:407B.0009/input/input16/event5"
Apr 17 11:44:51 nixos xserver-wrapper[1707]: (II) XINPUT: Adding extended input device "Logitech MX Vertical" (type: MOUSE, id 13)
Apr 17 11:44:51 nixos xserver-wrapper[1707]: (EE) libinput: Logitech MX Vertical: Failed to set scroll to twofinger
Apr 17 11:44:51 nixos xserver-wrapper[1707]: (**) Option "AccelerationScheme" "none"
Apr 17 11:44:51 nixos xserver-wrapper[1707]: (**) Logitech MX Vertical: (accel) selected scheme none/0
Apr 17 11:44:51 nixos xserver-wrapper[1707]: (**) Logitech MX Vertical: (accel) acceleration factor: 2.000
Apr 17 11:44:51 nixos xserver-wrapper[1707]: (**) Logitech MX Vertical: (accel) acceleration threshold: 4
Apr 17 11:44:51 nixos xserver-wrapper[1707]: (II) event5  - Logitech MX Vertical: is tagged by udev as: Keyboard Mouse
Apr 17 11:44:51 nixos xserver-wrapper[1707]: (II) event5  - Logitech MX Vertical: device is a pointer
Apr 17 11:44:51 nixos xserver-wrapper[1707]: (II) event5  - Logitech MX Vertical: device is a keyboard
Apr 17 11:44:51 nixos xserver-wrapper[1707]: (EE) libinput: Logitech MX Vertical: Failed to set scroll to twofinger
Apr 17 11:44:51 nixos xserver-wrapper[1707]: (II) config/udev: Adding input device Logitech MX Vertical (/dev/input/mouse1)
Apr 17 11:44:51 nixos xserver-wrapper[1707]: (**) Logitech MX Vertical: Applying InputClass "Keyboard catchall"
Apr 17 11:44:51 nixos xserver-wrapper[1707]: (II) No input driver specified, ignoring this device.
Apr 17 11:44:51 nixos xserver-wrapper[1707]: (II) This device may have been added with another device file.
Apr 17 11:44:51 nixos xserver-wrapper[1707]: (II) config/udev: Adding input device HDA NVidia HDMI/DP,pcm=3 (/dev/input/event8)
Apr 17 11:44:51 nixos xserver-wrapper[1707]: (II) No input driver specified, ignoring this device.
Apr 17 11:44:51 nixos xserver-wrapper[1707]: (II) This device may have been added with another device file.
Apr 17 11:44:51 nixos xserver-wrapper[1707]: (II) config/udev: Adding input device HDA NVidia HDMI/DP,pcm=7 (/dev/input/event9)
Apr 17 11:44:51 nixos xserver-wrapper[1707]: (II) No input driver specified, ignoring this device.
Apr 17 11:44:51 nixos xserver-wrapper[1707]: (II) This device may have been added with another device file.
Apr 17 11:44:51 nixos xserver-wrapper[1707]: (II) config/udev: Adding input device HDA NVidia HDMI/DP,pcm=8 (/dev/input/event10)
Apr 17 11:44:51 nixos xserver-wrapper[1707]: (II) No input driver specified, ignoring this device.
Apr 17 11:44:51 nixos xserver-wrapper[1707]: (II) This device may have been added with another device file.
Apr 17 11:44:51 nixos xserver-wrapper[1707]: (II) config/udev: Adding input device HDA NVidia HDMI/DP,pcm=9 (/dev/input/event11)
Apr 17 11:44:51 nixos xserver-wrapper[1707]: (II) No input driver specified, ignoring this device.
Apr 17 11:44:51 nixos xserver-wrapper[1707]: (II) This device may have been added with another device file.
Apr 17 11:44:51 nixos xserver-wrapper[1707]: (II) config/udev: Adding input device HDX Webcam USB: HDX Webcam USB (/dev/input/event12)
Apr 17 11:44:51 nixos xserver-wrapper[1707]: (**) HDX Webcam USB: HDX Webcam USB: Applying InputClass "Keyboard catchall"
Apr 17 11:44:51 nixos xserver-wrapper[1707]: (**) HDX Webcam USB: HDX Webcam USB: Applying InputClass "evdev keyboard catchall"
Apr 17 11:44:51 nixos xserver-wrapper[1707]: (**) HDX Webcam USB: HDX Webcam USB: Applying InputClass "libinput keyboard catchall"
Apr 17 11:44:51 nixos xserver-wrapper[1707]: (II) Using input driver 'libinput' for 'HDX Webcam USB: HDX Webcam USB'
Apr 17 11:44:51 nixos xserver-wrapper[1707]: (**) HDX Webcam USB: HDX Webcam USB: always reports core events
Apr 17 11:44:51 nixos xserver-wrapper[1707]: (**) Option "Device" "/dev/input/event12"
Apr 17 11:44:51 nixos xserver-wrapper[1707]: (II) event12 - HDX Webcam USB: HDX Webcam USB: is tagged by udev as: Keyboard
Apr 17 11:44:51 nixos xserver-wrapper[1707]: (II) event12 - HDX Webcam USB: HDX Webcam USB: device is a keyboard
Apr 17 11:44:51 nixos xserver-wrapper[1707]: (II) event12 - HDX Webcam USB: HDX Webcam USB: device removed
Apr 17 11:44:51 nixos xserver-wrapper[1707]: (**) Option "config_info" "udev:/sys/devices/pci0000:00/0000:00:07.1/0000:1d:00.3/usb3/3-2/3-2:1.0/input/input23/event12"
Apr 17 11:44:51 nixos xserver-wrapper[1707]: (II) XINPUT: Adding extended input device "HDX Webcam USB: HDX Webcam USB" (type: KEYBOARD, id 14)
Apr 17 11:44:51 nixos xserver-wrapper[1707]: (**) Option "xkb_model" "pc104"
Apr 17 11:44:51 nixos xserver-wrapper[1707]: (**) Option "xkb_layout" "us"
Apr 17 11:44:51 nixos xserver-wrapper[1707]: (WW) Option "xkb_variant" requires a string value
Apr 17 11:44:51 nixos xserver-wrapper[1707]: (**) Option "xkb_options" "terminate:ctrl_alt_bksp"
Apr 17 11:44:51 nixos xserver-wrapper[1707]: (II) event12 - HDX Webcam USB: HDX Webcam USB: is tagged by udev as: Keyboard
Apr 17 11:44:51 nixos xserver-wrapper[1707]: (II) event12 - HDX Webcam USB: HDX Webcam USB: device is a keyboard
Apr 17 11:44:51 nixos xserver-wrapper[1707]: (II) config/udev: Adding input device HD-Audio Generic Rear Mic (/dev/input/event13)
Apr 17 11:44:51 nixos xserver-wrapper[1707]: (II) No input driver specified, ignoring this device.
Apr 17 11:44:51 nixos xserver-wrapper[1707]: (II) This device may have been added with another device file.
Apr 17 11:44:51 nixos xserver-wrapper[1707]: (II) config/udev: Adding input device HD-Audio Generic Front Mic (/dev/input/event14)
Apr 17 11:44:51 nixos xserver-wrapper[1707]: (II) No input driver specified, ignoring this device.
Apr 17 11:44:51 nixos xserver-wrapper[1707]: (II) This device may have been added with another device file.
Apr 17 11:44:51 nixos xserver-wrapper[1707]: (II) config/udev: Adding input device HD-Audio Generic Line (/dev/input/event15)
Apr 17 11:44:51 nixos xserver-wrapper[1707]: (II) No input driver specified, ignoring this device.
Apr 17 11:44:51 nixos xserver-wrapper[1707]: (II) This device may have been added with another device file.
Apr 17 11:44:51 nixos xserver-wrapper[1707]: (II) config/udev: Adding input device HD-Audio Generic Line Out Front (/dev/input/event16)
Apr 17 11:44:51 nixos xserver-wrapper[1707]: (II) No input driver specified, ignoring this device.
Apr 17 11:44:51 nixos xserver-wrapper[1707]: (II) This device may have been added with another device file.
Apr 17 11:44:51 nixos xserver-wrapper[1707]: (II) config/udev: Adding input device HD-Audio Generic Line Out Surround (/dev/input/event17)
Apr 17 11:44:51 nixos xserver-wrapper[1707]: (II) No input driver specified, ignoring this device.
Apr 17 11:44:51 nixos xserver-wrapper[1707]: (II) This device may have been added with another device file.
Apr 17 11:44:51 nixos xserver-wrapper[1707]: (II) config/udev: Adding input device HD-Audio Generic Line Out CLFE (/dev/input/event18)
Apr 17 11:44:51 nixos xserver-wrapper[1707]: (II) No input driver specified, ignoring this device.
Apr 17 11:44:51 nixos xserver-wrapper[1707]: (II) This device may have been added with another device file.
Apr 17 11:44:51 nixos xserver-wrapper[1707]: (II) config/udev: Adding input device HD-Audio Generic Line Out Side (/dev/input/event19)
Apr 17 11:44:51 nixos xserver-wrapper[1707]: (II) No input driver specified, ignoring this device.
Apr 17 11:44:51 nixos xserver-wrapper[1707]: (II) This device may have been added with another device file.
Apr 17 11:44:51 nixos xserver-wrapper[1707]: (II) config/udev: Adding input device HD-Audio Generic Front Headphone (/dev/input/event20)
Apr 17 11:44:51 nixos xserver-wrapper[1707]: (II) No input driver specified, ignoring this device.
Apr 17 11:44:51 nixos xserver-wrapper[1707]: (II) This device may have been added with another device file.
Apr 17 11:44:51 nixos sddm[1705]: Setting default cursor
Apr 17 11:44:51 nixos xserver-wrapper[1707]: (**) Logitech MX Vertical: Applying InputClass "Keyboard catchall"
Apr 17 11:44:51 nixos xserver-wrapper[1707]: (**) Logitech MX Vertical: Applying InputClass "evdev pointer catchall"
Apr 17 11:44:51 nixos xserver-wrapper[1707]: (**) Logitech MX Vertical: Applying InputClass "evdev keyboard catchall"
Apr 17 11:44:51 nixos xserver-wrapper[1707]: (**) Logitech MX Vertical: Applying InputClass "libinput pointer catchall"
Apr 17 11:44:51 nixos xserver-wrapper[1707]: (**) Logitech MX Vertical: Applying InputClass "libinput keyboard catchall"
Apr 17 11:44:51 nixos xserver-wrapper[1707]: (**) Logitech MX Vertical: Applying InputClass "libinput mouse configuration"
Apr 17 11:44:51 nixos xserver-wrapper[1707]: (II) Using input driver 'libinput' for 'Logitech MX Vertical'
Apr 17 11:44:51 nixos sddm[1705]: Could not setup default cursor
Apr 17 11:44:51 nixos xserver-wrapper[1707]: (**) Logitech MX Vertical: always reports core events
Apr 17 11:44:51 nixos xserver-wrapper[1707]: (**) Option "Device" "/dev/input/event5"
Apr 17 11:44:51 nixos xserver-wrapper[1707]: (II) libinput: Logitech MX Vertical: is a virtual subdevice
Apr 17 11:44:51 nixos xserver-wrapper[1707]: (**) Option "AccelProfile" "adaptive"
Apr 17 11:44:51 nixos xserver-wrapper[1707]: (II) libinput: Logitech MX Vertical: Step value 0 was provided, libinput Fallback acceleration function is used.
Apr 17 11:44:51 nixos xserver-wrapper[1707]: (II) libinput: Logitech MX Vertical: Step value 0 was provided, libinput Fallback acceleration function is used.
Apr 17 11:44:51 nixos xserver-wrapper[1707]: (II) libinput: Logitech MX Vertical: Step value 0 was provided, libinput Fallback acceleration function is used.
Apr 17 11:44:51 nixos xserver-wrapper[1707]: (**) Option "NaturalScrolling" "off"
Apr 17 11:44:51 nixos xserver-wrapper[1707]: (**) Option "SendEventsMode" "enabled"
Apr 17 11:44:51 nixos xserver-wrapper[1707]: (**) Option "LeftHanded" "off"
Apr 17 11:44:51 nixos xserver-wrapper[1707]: (**) Option "ScrollMethod" "twofinger"
Apr 17 11:44:51 nixos xserver-wrapper[1707]: (**) Option "MiddleEmulation" "on"
Apr 17 11:44:51 nixos xserver-wrapper[1707]: (**) Option "config_info" "udev:/sys/devices/pci0000:00/0000:00:01.3/0000:03:00.0/usb1/1-4/1-4:1.2/0003:046D:C52B.0007/0003:046D:407B.0009/input/input16/event5"
Apr 17 11:44:51 nixos xserver-wrapper[1707]: (II) XINPUT: Adding extended input device "Logitech MX Vertical" (type: KEYBOARD, id 15)
Apr 17 11:44:51 nixos xserver-wrapper[1707]: (**) Option "xkb_model" "pc104"
Apr 17 11:44:51 nixos xserver-wrapper[1707]: (**) Option "xkb_layout" "us"
Apr 17 11:44:51 nixos xserver-wrapper[1707]: (WW) Option "xkb_variant" requires a string value
Apr 17 11:44:51 nixos xserver-wrapper[1707]: (**) Option "xkb_options" "terminate:ctrl_alt_bksp"
Apr 17 11:44:51 nixos sddm[1705]: Running display setup script  "/nix/store/2k8hfkkrpv4y81w2zd82cfp384zz24ra-Xsetup"
Apr 17 11:44:51 nixos sddm[1705]: Display server started.
Apr 17 11:44:51 nixos sddm[1705]: Socket server starting...
Apr 17 11:44:51 nixos sddm[1705]: Socket server started.
Apr 17 11:44:51 nixos sddm[1705]: Loaded empty theme configuration
Apr 17 11:44:51 nixos sddm[1705]: Greeter starting...
Apr 17 11:44:51 nixos sddm-helper[1713]: [PAM] Starting...
Apr 17 11:44:51 nixos sddm-helper[1713]: [PAM] Authenticating...
Apr 17 11:44:51 nixos sddm-helper[1713]: [PAM] returning.
Apr 17 11:44:51 nixos sddm-helper[1713]: Writing cookie to "/tmp/xauth_fDEXbI"
Apr 17 11:44:51 nixos sddm-helper[1713]: Starting X11 session: "" "/nix/store/3vz1yna3hhljvfhlgjm9y0d6y7fyqzi8-sddm-wrapped/bin/sddm-greeter-qt6 --socket /tmp/sddm-:0-WZoEnb"
Apr 17 11:44:51 nixos sddm[1705]: Greeter session started successfully
Apr 17 11:44:51 nixos sddm[1705]: Message received from greeter: Connect
Apr 17 11:44:52 nixos sddm[1705]: Auth: sddm-helper exited with 6
Apr 17 11:44:52 nixos sddm[1705]: Greeter stopped. SDDM::Auth::HelperExitStatus(6)
Apr 17 11:45:19 nixos xserver-wrapper[1707]: (II) event7  - Power Button: device removed
Apr 17 11:45:19 nixos xserver-wrapper[1707]: (II) event6  - Power Button: device removed
Apr 17 11:45:19 nixos xserver-wrapper[1707]: (II) event0  - USB-HID Keyboard: device removed
Apr 17 11:45:19 nixos xserver-wrapper[1707]: (II) event1  - USB-HID Keyboard System Control: device removed
Apr 17 11:45:19 nixos xserver-wrapper[1707]: (II) event2  - USB-HID Keyboard Consumer Control: device removed
Apr 17 11:45:19 nixos xserver-wrapper[1707]: (II) event3  - USB-HID Keyboard Mouse: device removed
Apr 17 11:45:19 nixos xserver-wrapper[1707]: (II) event4  - USB-HID Keyboard: device removed
Apr 17 11:45:19 nixos xserver-wrapper[1707]: (II) event12 - HDX Webcam USB: HDX Webcam USB: device removed
Apr 17 11:45:19 nixos xserver-wrapper[1707]: (II) event5  - Logitech MX Vertical: device removed
