building the system configuration...
error:
       … while calling anonymous lambda
         at /nix/store/0d1kf07ph2ply64i1y247f9q2an9cw00-source/lib/attrsets.nix:1707:17:
         1706|         zipAttrsWith (
         1707|           name: values:
             |                 ^
         1708|           let

       … while calling the 'head' builtin
         at /nix/store/0d1kf07ph2ply64i1y247f9q2an9cw00-source/lib/attrsets.nix:1712:13:
         1711|           if length values == 1 || pred here (elemAt values 1) (head values) then
         1712|             head values
             |             ^
         1713|           else

       … while calling anonymous lambda
         at /nix/store/0d1kf07ph2ply64i1y247f9q2an9cw00-source/lib/attrsets.nix:1187:17:
         1186|         mapAttrs (
         1187|           name: value:
             |                 ^
         1188|           if isAttrs value && cond value then recurse (path ++ [ name ]) value else f (path ++ [ name ]) value

       … from call site
         at /nix/store/0d1kf07ph2ply64i1y247f9q2an9cw00-source/lib/attrsets.nix:1188:85:
         1187|           name: value:
         1188|           if isAttrs value && cond value then recurse (path ++ [ name ]) value else f (path ++ [ name ]) value
             |                                                                                     ^
         1189|         );

       … while calling anonymous lambda
         at /nix/store/0d1kf07ph2ply64i1y247f9q2an9cw00-source/lib/modules.nix:283:71:
          282|           # For definitions that have an associated option
          283|           declaredConfig = mapAttrsRecursiveCond (v: !isOption v) (_: v: v.value) options;
             |                                                                       ^
          284|

       … while evaluating the attribute 'value'
         at /nix/store/0d1kf07ph2ply64i1y247f9q2an9cw00-source/lib/modules.nix:1159:7:
         1158|     // {
         1159|       value = addErrorContext "while evaluating the option `${showOption loc}':" value;
             |       ^
         1160|       inherit (res.defsFinal') highestPrio;

       … while evaluating the option `system.build.toplevel':

       … while evaluating the attribute 'mergedValue'
         at /nix/store/0d1kf07ph2ply64i1y247f9q2an9cw00-source/lib/modules.nix:1256:5:
         1255|     # Type-check the remaining definitions, and merge them. Or throw if no definitions.
         1256|     mergedValue =
             |     ^
         1257|       if isDefined then

       … while evaluating a branch condition
         at /nix/store/0d1kf07ph2ply64i1y247f9q2an9cw00-source/lib/modules.nix:1257:7:
         1256|     mergedValue =
         1257|       if isDefined then
             |       ^
         1258|         if type.merge ? v2 then

       … while evaluating a branch condition
         at /nix/store/0d1kf07ph2ply64i1y247f9q2an9cw00-source/lib/modules.nix:1233:7:
         1232|       # above are lazy and thus never forced on this branch.
         1233|       if
             |       ^
         1234|         length defs == 1

       … in the right operand of the AND (&&) operator
         at /nix/store/0d1kf07ph2ply64i1y247f9q2an9cw00-source/lib/modules.nix:1235:9:
         1234|         length defs == 1
         1235|         && (
             |         ^
         1236|           let

       … while evaluating definitions from `/nix/store/0d1kf07ph2ply64i1y247f9q2an9cw00-source/nixos/modules/system/activation/top-level.nix':

       … in the argument of the not operator
         at /nix/store/0d1kf07ph2ply64i1y247f9q2an9cw00-source/lib/modules.nix:1240:31:
         1239|           addErrorContext "while evaluating definitions from `${d.file}':" (
         1240|             !(isAttrs d.value && d.value ? _type)
             |                               ^
         1241|           )

       … in the left operand of the AND (&&) operator
         at /nix/store/0d1kf07ph2ply64i1y247f9q2an9cw00-source/lib/modules.nix:1240:31:
         1239|           addErrorContext "while evaluating definitions from `${d.file}':" (
         1240|             !(isAttrs d.value && d.value ? _type)
             |                               ^
         1241|           )

       … while calling the 'isAttrs' builtin
         at /nix/store/0d1kf07ph2ply64i1y247f9q2an9cw00-source/lib/modules.nix:1240:15:
         1239|           addErrorContext "while evaluating definitions from `${d.file}':" (
         1240|             !(isAttrs d.value && d.value ? _type)
             |               ^
         1241|           )

       … while evaluating the attribute 'value'
         at /nix/store/0d1kf07ph2ply64i1y247f9q2an9cw00-source/lib/modules.nix:846:21:
          845|             inherit (module) file;
          846|             inherit value;
             |                     ^
          847|           }) module.config

       … from call site
         at /nix/store/0d1kf07ph2ply64i1y247f9q2an9cw00-source/nixos/modules/system/activation/top-level.nix:76:26:
           75|   # Handle assertions and warnings
           76|   baseSystemAssertWarn = lib.asserts.checkAssertWarn config.assertions config.warnings baseSystem;
             |                          ^
           77|

       … while calling 'checkAssertWarn'
         at /nix/store/0d1kf07ph2ply64i1y247f9q2an9cw00-source/lib/asserts.nix:193:27:
          192|   checkAssertWarn =
          193|     assertions: warnings: val:
             |                           ^
          194|     let

       … from call site
         at /nix/store/0d1kf07ph2ply64i1y247f9q2an9cw00-source/lib/asserts.nix:200:7:
          199|     else
          200|       showWarnings warnings val;
             |       ^
          201|

       … while calling 'showWarnings'
         at /nix/store/0d1kf07ph2ply64i1y247f9q2an9cw00-source/lib/trivial.nix:1049:28:
         1048|
         1049|   showWarnings = warnings: res: lib.foldr (w: x: warn w x) res warnings;
             |                            ^
         1050|

       … from call site
         at /nix/store/0d1kf07ph2ply64i1y247f9q2an9cw00-source/lib/trivial.nix:1049:33:
         1048|
         1049|   showWarnings = warnings: res: lib.foldr (w: x: warn w x) res warnings;
             |                                 ^
         1050|

       … while calling 'foldr'
         at /nix/store/0d1kf07ph2ply64i1y247f9q2an9cw00-source/lib/lists.nix:138:14:
          137|   foldr =
          138|     op: nul: list:
             |              ^
          139|     let

       … from call site
         at /nix/store/0d1kf07ph2ply64i1y247f9q2an9cw00-source/lib/lists.nix:143:5:
          142|     in
          143|     fold' 0;
             |     ^
          144|

       … while calling 'fold''
         at /nix/store/0d1kf07ph2ply64i1y247f9q2an9cw00-source/lib/lists.nix:141:15:
          140|       len = length list;
          141|       fold' = n: if n == len then nul else op (elemAt list n) (fold' (n + 1));
             |               ^
          142|     in

       … while evaluating a branch condition
         at /nix/store/0d1kf07ph2ply64i1y247f9q2an9cw00-source/lib/lists.nix:141:18:
          140|       len = length list;
          141|       fold' = n: if n == len then nul else op (elemAt list n) (fold' (n + 1));
             |                  ^
          142|     in

       … while calling the 'length' builtin
         at /nix/store/0d1kf07ph2ply64i1y247f9q2an9cw00-source/lib/lists.nix:140:13:
          139|     let
          140|       len = length list;
             |             ^
          141|       fold' = n: if n == len then nul else op (elemAt list n) (fold' (n + 1));

       … from call site
         at /nix/store/0d1kf07ph2ply64i1y247f9q2an9cw00-source/nixos/modules/system/activation/top-level.nix:76:72:
           75|   # Handle assertions and warnings
           76|   baseSystemAssertWarn = lib.asserts.checkAssertWarn config.assertions config.warnings baseSystem;
             |                                                                        ^
           77|

       … while calling anonymous lambda
         at /nix/store/0d1kf07ph2ply64i1y247f9q2an9cw00-source/lib/attrsets.nix:1187:17:
         1186|         mapAttrs (
         1187|           name: value:
             |                 ^
         1188|           if isAttrs value && cond value then recurse (path ++ [ name ]) value else f (path ++ [ name ]) value

       … from call site
         at /nix/store/0d1kf07ph2ply64i1y247f9q2an9cw00-source/lib/attrsets.nix:1188:85:
         1187|           name: value:
         1188|           if isAttrs value && cond value then recurse (path ++ [ name ]) value else f (path ++ [ name ]) value
             |                                                                                     ^
         1189|         );

       … while calling anonymous lambda
         at /nix/store/0d1kf07ph2ply64i1y247f9q2an9cw00-source/lib/modules.nix:283:71:
          282|           # For definitions that have an associated option
          283|           declaredConfig = mapAttrsRecursiveCond (v: !isOption v) (_: v: v.value) options;
             |                                                                       ^
          284|

       … while evaluating the attribute 'value'
         at /nix/store/0d1kf07ph2ply64i1y247f9q2an9cw00-source/lib/modules.nix:1159:7:
         1158|     // {
         1159|       value = addErrorContext "while evaluating the option `${showOption loc}':" value;
             |       ^
         1160|       inherit (res.defsFinal') highestPrio;

       … while evaluating the option `warnings':

       … while evaluating the attribute 'mergedValue'
         at /nix/store/0d1kf07ph2ply64i1y247f9q2an9cw00-source/lib/modules.nix:1256:5:
         1255|     # Type-check the remaining definitions, and merge them. Or throw if no definitions.
         1256|     mergedValue =
             |     ^
         1257|       if isDefined then

       … while evaluating a branch condition
         at /nix/store/0d1kf07ph2ply64i1y247f9q2an9cw00-source/lib/modules.nix:1257:7:
         1256|     mergedValue =
         1257|       if isDefined then
             |       ^
         1258|         if type.merge ? v2 then

       … while evaluating the attribute 'values'
         at /nix/store/0d1kf07ph2ply64i1y247f9q2an9cw00-source/lib/modules.nix:1250:11:
         1249|         {
         1250|           values = defsSorted;
             |           ^
         1251|           inherit (defsFiltered) highestPrio;

       … while evaluating a branch condition
         at /nix/store/0d1kf07ph2ply64i1y247f9q2an9cw00-source/lib/modules.nix:1221:11:
         1220|           # Avoid sorting if we don't have to.
         1221|           if any (def: def.value._type or "" == "order") defsFiltered.values then
             |           ^
         1222|             sortProperties defsFiltered.values

       … while calling the 'any' builtin
         at /nix/store/0d1kf07ph2ply64i1y247f9q2an9cw00-source/lib/modules.nix:1221:14:
         1220|           # Avoid sorting if we don't have to.
         1221|           if any (def: def.value._type or "" == "order") defsFiltered.values then
             |              ^
         1222|             sortProperties defsFiltered.values

       … while evaluating the attribute 'values'
         at /nix/store/0d1kf07ph2ply64i1y247f9q2an9cw00-source/lib/modules.nix:1437:7:
         1436|     {
         1437|       values = concatMap (def: if getPrio def == highestPrio then [ (strip def) ] else [ ]) defs;
             |       ^
         1438|       inherit highestPrio;

       … while calling the 'concatMap' builtin
         at /nix/store/0d1kf07ph2ply64i1y247f9q2an9cw00-source/lib/modules.nix:1437:16:
         1436|     {
         1437|       values = concatMap (def: if getPrio def == highestPrio then [ (strip def) ] else [ ]) defs;
             |                ^
         1438|       inherit highestPrio;

       … while calling the 'concatMap' builtin
         at /nix/store/0d1kf07ph2ply64i1y247f9q2an9cw00-source/lib/modules.nix:1201:26:
         1200|         # Process mkMerge and mkIf properties.
         1201|         defsNormalized = concatMap (
             |                          ^
         1202|           m:

       … while calling anonymous lambda
         at /nix/store/0d1kf07ph2ply64i1y247f9q2an9cw00-source/lib/modules.nix:1202:11:
         1201|         defsNormalized = concatMap (
         1202|           m:
             |           ^
         1203|           map (

       … while calling the 'map' builtin
         at /nix/store/0d1kf07ph2ply64i1y247f9q2an9cw00-source/lib/modules.nix:1203:11:
         1202|           m:
         1203|           map (
             |           ^
         1204|             value:

       … while evaluating definitions from `/nix/store/0d1kf07ph2ply64i1y247f9q2an9cw00-source/nixos/modules/system/boot/systemd.nix':

       … from call site
         at /nix/store/0d1kf07ph2ply64i1y247f9q2an9cw00-source/lib/modules.nix:1212:80:
         1211|               }
         1212|           ) (addErrorContext "while evaluating definitions from `${m.file}':" (dischargeProperties m.value))
             |                                                                                ^
         1213|         ) defs;

       … while calling 'dischargeProperties'
         at /nix/store/0d1kf07ph2ply64i1y247f9q2an9cw00-source/lib/modules.nix:1388:5:
         1387|   dischargeProperties =
         1388|     def:
             |     ^
         1389|     if def._type or "" == "merge" then

       … while evaluating a branch condition
         at /nix/store/0d1kf07ph2ply64i1y247f9q2an9cw00-source/lib/modules.nix:1389:5:
         1388|     def:
         1389|     if def._type or "" == "merge" then
             |     ^
         1390|       concatMap dischargeProperties def.contents

       … while evaluating the attribute 'value'
         at /nix/store/0d1kf07ph2ply64i1y247f9q2an9cw00-source/lib/modules.nix:846:21:
          845|             inherit (module) file;
          846|             inherit value;
             |                     ^
          847|           }) module.config

       … while calling the 'concatLists' builtin
         at /nix/store/0d1kf07ph2ply64i1y247f9q2an9cw00-source/nixos/modules/system/boot/systemd.nix:529:7:
          528|       in
          529|       concatLists (
             |       ^
          530|         mapAttrsToList (

       … while calling anonymous lambda
         at /nix/store/0d1kf07ph2ply64i1y247f9q2an9cw00-source/nixos/modules/system/boot/systemd.nix:531:17:
          530|         mapAttrsToList (
          531|           name: service:
             |                 ^
          532|           let

       … while calling the 'concatLists' builtin
         at /nix/store/0d1kf07ph2ply64i1y247f9q2an9cw00-source/nixos/modules/system/boot/systemd.nix:537:11:
          536|           in
          537|           concatLists [
             |           ^
          538|             (optional (type == "oneshot" && (restart == "always" || restart == "on-success"))

       … from call site
         at /nix/store/0d1kf07ph2ply64i1y247f9q2an9cw00-source/nixos/modules/system/boot/systemd.nix:538:14:
          537|           concatLists [
          538|             (optional (type == "oneshot" && (restart == "always" || restart == "on-success"))
             |              ^
          539|               "Service '${name}.service' with 'Type=oneshot' cannot have 'Restart=always' or 'Restart=on-success'"

       … while calling 'optional'
         at /nix/store/0d1kf07ph2ply64i1y247f9q2an9cw00-source/lib/lists.nix:785:20:
          784|   */
          785|   optional = cond: elem: if cond then [ elem ] else [ ];
             |                    ^
          786|

       … while evaluating a branch condition
         at /nix/store/0d1kf07ph2ply64i1y247f9q2an9cw00-source/lib/lists.nix:785:26:
          784|   */
          785|   optional = cond: elem: if cond then [ elem ] else [ ];
             |                          ^
          786|

       … in the left operand of the AND (&&) operator
         at /nix/store/0d1kf07ph2ply64i1y247f9q2an9cw00-source/nixos/modules/system/boot/systemd.nix:538:42:
          537|           concatLists [
          538|             (optional (type == "oneshot" && (restart == "always" || restart == "on-success"))
             |                                          ^
          539|               "Service '${name}.service' with 'Type=oneshot' cannot have 'Restart=always' or 'Restart=on-success'"

       … from call site
         at /nix/store/0d1kf07ph2ply64i1y247f9q2an9cw00-source/nixos/modules/system/boot/systemd.nix:533:20:
          532|           let
          533|             type = service.serviceConfig.Type or "";
             |                    ^
          534|             restart = service.serviceConfig.Restart or "no";

       … while calling anonymous lambda
         at /nix/store/0d1kf07ph2ply64i1y247f9q2an9cw00-source/lib/attrsets.nix:1187:17:
         1186|         mapAttrs (
         1187|           name: value:
             |                 ^
         1188|           if isAttrs value && cond value then recurse (path ++ [ name ]) value else f (path ++ [ name ]) value

       … from call site
         at /nix/store/0d1kf07ph2ply64i1y247f9q2an9cw00-source/lib/attrsets.nix:1188:85:
         1187|           name: value:
         1188|           if isAttrs value && cond value then recurse (path ++ [ name ]) value else f (path ++ [ name ]) value
             |                                                                                     ^
         1189|         );

       … while calling anonymous lambda
         at /nix/store/0d1kf07ph2ply64i1y247f9q2an9cw00-source/lib/modules.nix:283:71:
          282|           # For definitions that have an associated option
          283|           declaredConfig = mapAttrsRecursiveCond (v: !isOption v) (_: v: v.value) options;
             |                                                                       ^
          284|

       … while evaluating the attribute 'value'
         at /nix/store/0d1kf07ph2ply64i1y247f9q2an9cw00-source/lib/modules.nix:1159:7:
         1158|     // {
         1159|       value = addErrorContext "while evaluating the option `${showOption loc}':" value;
             |       ^
         1160|       inherit (res.defsFinal') highestPrio;

       … while evaluating the option `systemd.services.home-manager-alberto.serviceConfig':

       … while evaluating the attribute 'mergedValue'
         at /nix/store/0d1kf07ph2ply64i1y247f9q2an9cw00-source/lib/modules.nix:1256:5:
         1255|     # Type-check the remaining definitions, and merge them. Or throw if no definitions.
         1256|     mergedValue =
             |     ^
         1257|       if isDefined then

       … while evaluating the attribute 'value'
         at /nix/store/0d1kf07ph2ply64i1y247f9q2an9cw00-source/lib/types.nix:882:13:
          881|             headError = checkDefsForError check loc defs;
          882|             value = mapAttrs (
             |             ^
          883|               n: v:

       … while calling the 'mapAttrs' builtin
         at /nix/store/0d1kf07ph2ply64i1y247f9q2an9cw00-source/lib/types.nix:882:21:
          881|             headError = checkDefsForError check loc defs;
          882|             value = mapAttrs (
             |                     ^
          883|               n: v:

       … from call site
         at /nix/store/0d1kf07ph2ply64i1y247f9q2an9cw00-source/lib/types.nix:876:17:
          875|                 # Meaning it is less lazy
          876|                 filterAttrs (n: v: v.optionalValue ? value) (
             |                 ^
          877|                   zipAttrsWith (name: defs: mergeDefinitions (loc ++ [ name ]) elemType defs) (pushPositions defs)

       … while calling 'filterAttrs'
         at /nix/store/0d1kf07ph2ply64i1y247f9q2an9cw00-source/lib/attrsets.nix:662:23:
          661|   */
          662|   filterAttrs = pred: set: removeAttrs set (filter (name: !pred name set.${name}) (attrNames set));
             |                       ^
          663|

       … while calling the 'removeAttrs' builtin
         at /nix/store/0d1kf07ph2ply64i1y247f9q2an9cw00-source/lib/attrsets.nix:662:28:
          661|   */
          662|   filterAttrs = pred: set: removeAttrs set (filter (name: !pred name set.${name}) (attrNames set));
             |                            ^
          663|

       … while calling the 'filter' builtin
         at /nix/store/0d1kf07ph2ply64i1y247f9q2an9cw00-source/lib/attrsets.nix:662:45:
          661|   */
          662|   filterAttrs = pred: set: removeAttrs set (filter (name: !pred name set.${name}) (attrNames set));
             |                                             ^
          663|

       … while calling anonymous lambda
         at /nix/store/0d1kf07ph2ply64i1y247f9q2an9cw00-source/lib/attrsets.nix:662:53:
          661|   */
          662|   filterAttrs = pred: set: removeAttrs set (filter (name: !pred name set.${name}) (attrNames set));
             |                                                     ^
          663|

       … in the argument of the not operator
         at /nix/store/0d1kf07ph2ply64i1y247f9q2an9cw00-source/lib/attrsets.nix:662:60:
          661|   */
          662|   filterAttrs = pred: set: removeAttrs set (filter (name: !pred name set.${name}) (attrNames set));
             |                                                            ^
          663|

       … from call site
         at /nix/store/0d1kf07ph2ply64i1y247f9q2an9cw00-source/lib/attrsets.nix:662:60:
          661|   */
          662|   filterAttrs = pred: set: removeAttrs set (filter (name: !pred name set.${name}) (attrNames set));
             |                                                            ^
          663|

       … while calling anonymous lambda
         at /nix/store/0d1kf07ph2ply64i1y247f9q2an9cw00-source/lib/types.nix:876:33:
          875|                 # Meaning it is less lazy
          876|                 filterAttrs (n: v: v.optionalValue ? value) (
             |                                 ^
          877|                   zipAttrsWith (name: defs: mergeDefinitions (loc ++ [ name ]) elemType defs) (pushPositions defs)

       … while evaluating the attribute 'optionalValue'
         at /nix/store/0d1kf07ph2ply64i1y247f9q2an9cw00-source/lib/modules.nix:1322:5:
         1321|
         1322|     optionalValue = if isDefined then { value = mergedValue; } else { };
             |     ^
         1323|   };

       … while evaluating a branch condition
         at /nix/store/0d1kf07ph2ply64i1y247f9q2an9cw00-source/lib/modules.nix:1322:21:
         1321|
         1322|     optionalValue = if isDefined then { value = mergedValue; } else { };
             |                     ^
         1323|   };

       … while evaluating a branch condition
         at /nix/store/0d1kf07ph2ply64i1y247f9q2an9cw00-source/lib/modules.nix:1233:7:
         1232|       # above are lazy and thus never forced on this branch.
         1233|       if
             |       ^
         1234|         length defs == 1

       … in the right operand of the AND (&&) operator
         at /nix/store/0d1kf07ph2ply64i1y247f9q2an9cw00-source/lib/modules.nix:1235:9:
         1234|         length defs == 1
         1235|         && (
             |         ^
         1236|           let

       … while evaluating definitions from `/nix/store/4pj3zpbdpah6hdpkvq4xwjwph6c5z6dp-source/nixos':

       … in the argument of the not operator
         at /nix/store/0d1kf07ph2ply64i1y247f9q2an9cw00-source/lib/modules.nix:1240:31:
         1239|           addErrorContext "while evaluating definitions from `${d.file}':" (
         1240|             !(isAttrs d.value && d.value ? _type)
             |                               ^
         1241|           )

       … in the left operand of the AND (&&) operator
         at /nix/store/0d1kf07ph2ply64i1y247f9q2an9cw00-source/lib/modules.nix:1240:31:
         1239|           addErrorContext "while evaluating definitions from `${d.file}':" (
         1240|             !(isAttrs d.value && d.value ? _type)
             |                               ^
         1241|           )

       … while calling the 'isAttrs' builtin
         at /nix/store/0d1kf07ph2ply64i1y247f9q2an9cw00-source/lib/modules.nix:1240:15:
         1239|           addErrorContext "while evaluating definitions from `${d.file}':" (
         1240|             !(isAttrs d.value && d.value ? _type)
             |               ^
         1241|           )

       … while evaluating the attribute 'value'
         at /nix/store/0d1kf07ph2ply64i1y247f9q2an9cw00-source/lib/types.nix:823:11:
          822|           inherit (def) file;
          823|           value = v;
             |           ^
          824|         }) def.value

       … from call site
         at /nix/store/0d1kf07ph2ply64i1y247f9q2an9cw00-source/lib/types.nix:823:11:
          822|           inherit (def) file;
          823|           value = v;
             |           ^
          824|         }) def.value

       … while calling anonymous lambda
         at /nix/store/0d1kf07ph2ply64i1y247f9q2an9cw00-source/lib/attrsets.nix:1707:17:
         1706|         zipAttrsWith (
         1707|           name: values:
             |                 ^
         1708|           let

       … while calling the 'head' builtin
         at /nix/store/0d1kf07ph2ply64i1y247f9q2an9cw00-source/lib/attrsets.nix:1712:13:
         1711|           if length values == 1 || pred here (elemAt values 1) (head values) then
         1712|             head values
             |             ^
         1713|           else

       … while calling the 'getAttr' builtin
         at «nix-internal»/derivation-internal.nix:50:17:
           49|     value = commonAttrs // {
           50|       outPath = builtins.getAttr outputName strict;
             |                 ^
           51|       drvPath = strict.drvPath;

       … while calling the 'derivationStrict' builtin
         at «nix-internal»/derivation-internal.nix:37:12:
           36|
           37|   strict = derivationStrict drvAttrs;
             |            ^
           38|

       … while evaluating derivation 'home-manager-generation'
         whose name attribute is located at /nix/store/0d1kf07ph2ply64i1y247f9q2an9cw00-source/pkgs/stdenv/generic/make-derivation.nix:541:11

       … while evaluating attribute 'buildCommand' of derivation 'home-manager-generation'
         at /nix/store/0d1kf07ph2ply64i1y247f9q2an9cw00-source/pkgs/build-support/trivial-builders/default.nix:80:17:
           79|         enableParallelBuilding = true;
           80|         inherit buildCommand name;
             |                 ^
           81|         passAsFile = [ "buildCommand" ] ++ (derivationArgs.passAsFile or [ ]);

       … while calling the 'getAttr' builtin
         at «nix-internal»/derivation-internal.nix:50:17:
           49|     value = commonAttrs // {
           50|       outPath = builtins.getAttr outputName strict;
             |                 ^
           51|       drvPath = strict.drvPath;

       … while calling the 'derivationStrict' builtin
         at «nix-internal»/derivation-internal.nix:37:12:
           36|
           37|   strict = derivationStrict drvAttrs;
             |            ^
           38|

       … while evaluating derivation 'home-manager-files'
         whose name attribute is located at /nix/store/0d1kf07ph2ply64i1y247f9q2an9cw00-source/pkgs/stdenv/generic/make-derivation.nix:541:11

       … while evaluating attribute 'buildCommand' of derivation 'home-manager-files'
         at /nix/store/0d1kf07ph2ply64i1y247f9q2an9cw00-source/pkgs/build-support/trivial-builders/default.nix:80:17:
           79|         enableParallelBuilding = true;
           80|         inherit buildCommand name;
             |                 ^
           81|         passAsFile = [ "buildCommand" ] ++ (derivationArgs.passAsFile or [ ]);

       … while calling the 'concatStringsSep' builtin
         at /nix/store/4pj3zpbdpah6hdpkvq4xwjwph6c5z6dp-source/modules/files.nix:439:13:
          438|           ''
          439|           + lib.concatStrings (
             |             ^
          440|             map (v: ''

       … while calling anonymous lambda
         at /nix/store/4pj3zpbdpah6hdpkvq4xwjwph6c5z6dp-source/modules/files.nix:440:18:
          439|           + lib.concatStrings (
          440|             map (v: ''
             |                  ^
          441|               insertFile ${

       … from call site
         at /nix/store/4pj3zpbdpah6hdpkvq4xwjwph6c5z6dp-source/modules/files.nix:442:17:
          441|               insertFile ${
          442|                 lib.escapeShellArgs [
             |                 ^
          443|                   (sourceStorePath v)

       … while calling 'concatMapStringsSep'
         at /nix/store/0d1kf07ph2ply64i1y247f9q2an9cw00-source/lib/strings.nix:262:13:
          261|   concatMapStringsSep =
          262|     sep: f: list:
             |             ^
          263|     concatStringsSep sep (map f list);

       … while calling the 'concatStringsSep' builtin
         at /nix/store/0d1kf07ph2ply64i1y247f9q2an9cw00-source/lib/strings.nix:263:5:
          262|     sep: f: list:
          263|     concatStringsSep sep (map f list);
             |     ^
          264|

       … while calling 'escapeShellArg'
         at /nix/store/0d1kf07ph2ply64i1y247f9q2an9cw00-source/lib/strings.nix:1202:5:
         1201|   escapeShellArg =
         1202|     arg:
             |     ^
         1203|     let

       … while evaluating a branch condition
         at /nix/store/0d1kf07ph2ply64i1y247f9q2an9cw00-source/lib/strings.nix:1206:5:
         1205|     in
         1206|     if match "[[:alnum:],._+:@%/-]+" string == null then
             |     ^
         1207|       "'${replaceString "'" "'\\''" string}'"

       … while calling the 'match' builtin
         at /nix/store/0d1kf07ph2ply64i1y247f9q2an9cw00-source/lib/strings.nix:1206:8:
         1205|     in
         1206|     if match "[[:alnum:],._+:@%/-]+" string == null then
             |        ^
         1207|       "'${replaceString "'" "'\\''" string}'"

       … while evaluating the second argument passed to builtins.match

       … while calling the 'toString' builtin
         at /nix/store/0d1kf07ph2ply64i1y247f9q2an9cw00-source/lib/strings.nix:1204:16:
         1203|     let
         1204|       string = toString arg;
             |                ^
         1205|     in

       … from call site
         at /nix/store/4pj3zpbdpah6hdpkvq4xwjwph6c5z6dp-source/modules/files.nix:443:20:
          442|                 lib.escapeShellArgs [
          443|                   (sourceStorePath v)
             |                    ^
          444|                   v.target

       … while calling 'sourceStorePath'
         at /nix/store/4pj3zpbdpah6hdpkvq4xwjwph6c5z6dp-source/modules/files.nix:45:5:
           44|   sourceStorePath =
           45|     file:
             |     ^
           46|     let

       … while calling the 'path' builtin
         at /nix/store/4pj3zpbdpah6hdpkvq4xwjwph6c5z6dp-source/modules/files.nix:53:7:
           52|     else
           53|       builtins.path {
             |       ^
           54|         path = file.source;

       … while adding path '/nix/store/.zshrc'

       error: '.zshrc' is too short to be a valid store path
Command 'nix --extra-experimental-features 'nix-command flakes' build --print-out-paths 'path:/home/alberto/dotfiles/nix#nixosConfigurations."alberto".config.system.build.toplevel' --no-link --show-trace --impure' returned non-zero exit status 1.
