building the system configuration...
these 34 derivations will be built:
  /nix/store/04n6vsdyw4i4gs26landx7xwdkb9y9sb-NVIDIA-Linux-x86_64-535.288.01.run.drv
  /nix/store/brhiqd6l3y4pifbn2rdr5hwsm62qyxmh-nvidia-x11-535.288.01-6.18.22.drv
  /nix/store/crgyyvc5p030ixr6dy2fcasnjr3q7z95-linux-6.18.22-modules.drv
  /nix/store/sirzx3x7jd01wr1d5qzq9rlrq8ga2g6z-firmware.drv
  /nix/store/1kn8kzqhc73wfq1ia7fx6dq9shf56j9p-linux-6.18.22-modules-shrunk.drv
  /nix/store/2znfxa7w3crhhpyjy400hwm6vcf0gv2i-source.drv
  /nix/store/jkmg3mzjpvfjghcx8g3ipw4x6ib77ii9-initrd-linux-6.18.22.drv
  /nix/store/4h5y72vs5ibp6ni1882az6hk03s2f76x-boot.json.drv
  /nix/store/fihbbyis5818lkzvljcx3932b3adk4i9-2e0575197e2b3247deafd2a48f45afc038939a06.patch.drv
  /nix/store/binc3yb6gn8agi6pdsns5ids97jwbif9-nvidia-settings-535.288.01.drv
  /nix/store/vs8mhwl2sa1mg9sch55cga25nxr99cq3-system-path.drv
  /nix/store/bkdpwdmahrwdnb2ljj5jwh5yqz6x9d7y-dbus-1.drv
  /nix/store/kc9k2974d02sq21527qd54gkv99i8m87-X-Restart-Triggers-dbus-broker.drv
  /nix/store/c6p3z05cinjclz3kmikycc4if90bfdxy-unit-dbus-broker.service.drv
  /nix/store/4kwzrn4dq8lzb1jm5qqcnzp0gx8b28jn-user-units.drv
  /nix/store/3b76dp1kwxbbv3vwwlqi0k8yr0zpkhrd-unit-dbus-broker.service.drv
  /nix/store/np05225w49hq7xcz6lirq09fiqjshahw-X-Restart-Triggers-polkit.drv
  /nix/store/3k3953dc9nxjlbyf8m0zc3yr5sbcw9f2-unit-polkit.service.drv
  /nix/store/9iwb7plrz0zcvxkvwcpsgxcbscq286sh-home-manager-files.drv
  /nix/store/7lqhj9apf4nsx1w3gzscwch7mjj0f98s-home-manager-generation.drv
  /nix/store/a6w1f5szcg6imbd1cvh732lyqfq0szm9-unit-home-manager-alberto.service.drv
  /nix/store/l86659b5y6sqjqlcr7p4d1ysr7w9cv8g-graphics-drivers.drv
  /nix/store/y4prcpf951db3in3r2wwdb0gy1nq2w3q-graphics-driver.conf.drv
  /nix/store/vlhqxmaa1j5dfjik79c9krqalhyigwmy-tmpfiles.d.drv
  /nix/store/3vqjfj2z4a3xxp90gj8yn3n3jf4qb497-X-Restart-Triggers-systemd-tmpfiles-resetup.drv
  /nix/store/x15g7wy9dd1hnqysyf067fci93lxb2rj-unit-systemd-tmpfiles-resetup.service.drv
  /nix/store/l965mb5j9gr3zvh9zcv4qfgc4879pd3p-system-units.drv
  /nix/store/6sd10hlw06klrwdw2jf9qnp8dzmv4prk-xserver.conf.drv
  /nix/store/8fyx5f7axzb760r9f1kqk6pf0w3v885v-xserver-wrapper.drv
  /nix/store/pcpkfdngv04pgsnchgrxfzryga0nb7n1-sddm.conf.drv
  /nix/store/rlbrca6kj2qby7nhdlb803y36ik4mhfg-etc-modprobe.d-firmware.conf.drv
  /nix/store/4nnvzbl0kr21gp7bm8b8y28ffgacn3q4-etc.drv
  /nix/store/r1701bv73rajid47fqzp807vwqbxbyqp-activate.drv
  /nix/store/38z3wpadigyi08zvp7y71l4hvfcd1xkp-nixos-system-nixos-26.05.20260414.4bd9165.drv
this path will be fetched (67.7 KiB download, 215.4 KiB unpacked):
  /nix/store/p4nnbqn99pvr4vx1wpj47m9zl63fjjdw-patchutils-0.3.3
building '/nix/store/sirzx3x7jd01wr1d5qzq9rlrq8ga2g6z-firmware.drv'...
copying path '/nix/store/p4nnbqn99pvr4vx1wpj47m9zl63fjjdw-patchutils-0.3.3' from 'https://cache.nixos.org'...
building '/nix/store/04n6vsdyw4i4gs26landx7xwdkb9y9sb-NVIDIA-Linux-x86_64-535.288.01.run.drv'...
building '/nix/store/2znfxa7w3crhhpyjy400hwm6vcf0gv2i-source.drv'...
building '/nix/store/9iwb7plrz0zcvxkvwcpsgxcbscq286sh-home-manager-files.drv'...
building '/nix/store/fihbbyis5818lkzvljcx3932b3adk4i9-2e0575197e2b3247deafd2a48f45afc038939a06.patch.drv'...
building '/nix/store/rlbrca6kj2qby7nhdlb803y36ik4mhfg-etc-modprobe.d-firmware.conf.drv'...
building '/nix/store/7lqhj9apf4nsx1w3gzscwch7mjj0f98s-home-manager-generation.drv'...
building '/nix/store/a6w1f5szcg6imbd1cvh732lyqfq0szm9-unit-home-manager-alberto.service.drv'...
building '/nix/store/brhiqd6l3y4pifbn2rdr5hwsm62qyxmh-nvidia-x11-535.288.01-6.18.22.drv'...
building '/nix/store/l86659b5y6sqjqlcr7p4d1ysr7w9cv8g-graphics-drivers.drv'...
building '/nix/store/crgyyvc5p030ixr6dy2fcasnjr3q7z95-linux-6.18.22-modules.drv'...
building '/nix/store/binc3yb6gn8agi6pdsns5ids97jwbif9-nvidia-settings-535.288.01.drv'...
building '/nix/store/6sd10hlw06klrwdw2jf9qnp8dzmv4prk-xserver.conf.drv'...
building '/nix/store/y4prcpf951db3in3r2wwdb0gy1nq2w3q-graphics-driver.conf.drv'...
building '/nix/store/8fyx5f7axzb760r9f1kqk6pf0w3v885v-xserver-wrapper.drv'...
building '/nix/store/vlhqxmaa1j5dfjik79c9krqalhyigwmy-tmpfiles.d.drv'...
building '/nix/store/pcpkfdngv04pgsnchgrxfzryga0nb7n1-sddm.conf.drv'...
building '/nix/store/3vqjfj2z4a3xxp90gj8yn3n3jf4qb497-X-Restart-Triggers-systemd-tmpfiles-resetup.drv'...
building '/nix/store/x15g7wy9dd1hnqysyf067fci93lxb2rj-unit-systemd-tmpfiles-resetup.service.drv'...
building '/nix/store/1kn8kzqhc73wfq1ia7fx6dq9shf56j9p-linux-6.18.22-modules-shrunk.drv'...
building '/nix/store/vs8mhwl2sa1mg9sch55cga25nxr99cq3-system-path.drv'...
building '/nix/store/np05225w49hq7xcz6lirq09fiqjshahw-X-Restart-Triggers-polkit.drv'...
building '/nix/store/bkdpwdmahrwdnb2ljj5jwh5yqz6x9d7y-dbus-1.drv'...
building '/nix/store/3k3953dc9nxjlbyf8m0zc3yr5sbcw9f2-unit-polkit.service.drv'...
building '/nix/store/kc9k2974d02sq21527qd54gkv99i8m87-X-Restart-Triggers-dbus-broker.drv'...
building '/nix/store/jkmg3mzjpvfjghcx8g3ipw4x6ib77ii9-initrd-linux-6.18.22.drv'...
building '/nix/store/3b76dp1kwxbbv3vwwlqi0k8yr0zpkhrd-unit-dbus-broker.service.drv'...
building '/nix/store/c6p3z05cinjclz3kmikycc4if90bfdxy-unit-dbus-broker.service.drv'...
building '/nix/store/l965mb5j9gr3zvh9zcv4qfgc4879pd3p-system-units.drv'...
building '/nix/store/4kwzrn4dq8lzb1jm5qqcnzp0gx8b28jn-user-units.drv'...
building '/nix/store/4nnvzbl0kr21gp7bm8b8y28ffgacn3q4-etc.drv'...
building '/nix/store/4h5y72vs5ibp6ni1882az6hk03s2f76x-boot.json.drv'...
building '/nix/store/r1701bv73rajid47fqzp807vwqbxbyqp-activate.drv'...
building '/nix/store/38z3wpadigyi08zvp7y71l4hvfcd1xkp-nixos-system-nixos-26.05.20260414.4bd9165.drv'...
Not checking switch inhibitors (action = boot)
Traceback (most recent call last):
  File "/nix/store/d421wlz9wb5vb49zz45cmdb4dly1vsm7-systemd-boot/bin/systemd-boot", line 452, in <module>
    main()
    ~~~~^^
  File "/nix/store/d421wlz9wb5vb49zz45cmdb4dly1vsm7-systemd-boot/bin/systemd-boot", line 435, in main
    install_bootloader(args)
    ~~~~~~~~~~~~~~~~~~^^^^^^
  File "/nix/store/d421wlz9wb5vb49zz45cmdb4dly1vsm7-systemd-boot/bin/systemd-boot", line 400, in install_bootloader
    raise e
  File "/nix/store/d421wlz9wb5vb49zz45cmdb4dly1vsm7-systemd-boot/bin/systemd-boot", line 389, in install_bootloader
    write_entry(*gen, machine_id, bootspec, current=is_default)
    ~~~~~~~~~~~^^^^^^^^^^^^^^^^^^^^^^^^^^^^^^^^^^^^^^^^^^^^^^^^
  File "/nix/store/d421wlz9wb5vb49zz45cmdb4dly1vsm7-systemd-boot/bin/systemd-boot", line 186, in write_entry
    initrd = copy_from_file(bootspec.initrd)
  File "/nix/store/d421wlz9wb5vb49zz45cmdb4dly1vsm7-systemd-boot/bin/systemd-boot", line 177, in copy_from_file
    copy_if_not_exists(store_file_path, BOOT_MOUNT_POINT / efi_file_path)
    ~~~~~~~~~~~~~~~~~~^^^^^^^^^^^^^^^^^^^^^^^^^^^^^^^^^^^^^^^^^^^^^^^^^^^
  File "/nix/store/d421wlz9wb5vb49zz45cmdb4dly1vsm7-systemd-boot/bin/systemd-boot", line 69, in copy_if_not_exists
    shutil.copyfile(source, tmppath)
    ~~~~~~~~~~~~~~~^^^^^^^^^^^^^^^^^
  File "/nix/store/pzdalg368npikvpq4ncz2saxnz19v53k-python3-3.13.12/lib/python3.13/shutil.py", line 273, in copyfile
    _fastcopy_sendfile(fsrc, fdst)
    ~~~~~~~~~~~~~~~~~~^^^^^^^^^^^^
  File "/nix/store/pzdalg368npikvpq4ncz2saxnz19v53k-python3-3.13.12/lib/python3.13/shutil.py", line 164, in _fastcopy_sendfile
    raise err from None
  File "/nix/store/pzdalg368npikvpq4ncz2saxnz19v53k-python3-3.13.12/lib/python3.13/shutil.py", line 150, in _fastcopy_sendfile
    sent = os.sendfile(outfd, infd, offset, blocksize)
OSError: [Errno 28] No space left on device: '/nix/store/bk1ks65aqi60jf52smx6lqinliqgy58c-initrd-linux-6.18.22/initrd' -> '/boot/EFI/nixos/bk1ks65aqi60jf52smx6lqinliqgy58c-initrd-linux-6.18.22-initrd.efiuvd605o0.tmp.'
Failed to install bootloader
Command 'systemd-run -E LOCALE_ARCHIVE -E NIXOS_INSTALL_BOOTLOADER -E NIXOS_NO_CHECK --collect --no-ask-password --pipe --quiet --service-type=exec --unit=nixos-rebuild-switch-to-configuration /nix/store/gbr0n204vnbmg0yq1a4my89p6i9brxmy-nixos-system-nixos-26.05.20260414.4bd9165/bin/switch-to-configuration boot' returned non-zero exit status 1.
